[2023-07-17 12:21:40,983] INFO Reading table: ../outputs/filtered_table.tsv
[2023-07-17 12:21:40,986] INFO Accessing file: TWAO-201796057-W23-5143-BM2-lib1.annotated_filtered.vcf
[2023-07-17 12:21:40,987] ERROR Coverage set not found: TWAO-201796057-W23-5143-BM2-lib1.annotated_filtered.vcf
[2023-07-17 12:21:40,988] INFO Accessing file: TWAO-101484893-W23-5251-BM-lib1.annotated_filtered.vcf
[2023-07-17 12:21:40,989] INFO Accessing file: TWAO-106444776-W23-5056-BM-lib1.annotated_filtered.vcf
[2023-07-17 12:21:40,990] INFO Accessing file: TWAO-108007890-W23-5011-BM3-lib1.annotated_filtered.vcf
[2023-07-17 12:21:40,991] INFO Accessing file: TWAO-201723434-W23-5114-BM-lib1.annotated_filtered.vcf
[2023-07-17 12:21:40,992] INFO Accessing file: TWAO-108007890-W23-5011-BM3-lib1.annotated_filtered.vcf
[2023-07-17 12:21:40,993] INFO Accessing file: TWAO-103562837-W23-5141-BM2-lib1.annotated_filtered.vcf
[2023-07-17 12:21:40,994] INFO Accessing file: TWAO-107016815-W23-5248-PB-lib1.annotated_filtered.vcf
[2023-07-17 12:21:40,995] INFO Accessing file: TWAO-202143635-W23-5271-BM-lib1.annotated_filtered.vcf
[2023-07-17 12:21:40,996] INFO Accessing file: TWAO-201723434-W23-5114-BM-lib1.annotated_filtered.vcf
[2023-07-17 12:21:40,997] INFO Accessing file: TWAO-202138202-W23-5245-BM-lib1.annotated_filtered.vcf
[2023-07-17 12:21:40,998] INFO Accessing file: TWAO-201878424-W23-5285-BM-lib1.annotated_filtered.vcf
[2023-07-17 12:21:40,999] INFO Accessing file: TWAO-201280541-W23-5184-BM-lib1.annotated_filtered.vcf
[2023-07-17 12:21:41,001] INFO Accessing file: TWAO-201280541-W23-5184-BM-lib1.annotated_filtered.vcf
[2023-07-17 12:21:41,002] INFO Accessing file: TWAO-201280541-W23-5184-BM-lib1.annotated_filtered.vcf
[2023-07-17 12:21:41,003] INFO Accessing file: TWAO-202138202-W23-5245-BM-lib1.annotated_filtered.vcf
[2023-07-17 12:21:41,004] INFO Accessing file: TWAO-201280541-W23-5184-BM-lib1.annotated_filtered.vcf
[2023-07-17 12:21:41,005] INFO Accessing file: TWAO-202138202-W23-5245-BM-lib1.annotated_filtered.vcf
[2023-07-17 12:21:41,006] INFO Accessing file: TWAO-103212136-W23-5185-BM-lib1.annotated_filtered.vcf
[2023-07-17 12:21:41,007] INFO Accessing file: TWAO-200054718-W23-5200-BM-lib1.annotated_filtered.vcf
[2023-07-17 12:21:41,009] INFO Accessing file: TWAO-200054718-W23-5200-BM-lib1.annotated_filtered.vcf
[2023-07-17 12:21:41,010] INFO Accessing file: TWAO-200054718-W23-5200-BM-lib1.annotated_filtered.vcf
[2023-07-17 12:21:41,011] INFO Accessing file: TWAO-202138202-W23-5245-BM-lib1.annotated_filtered.vcf
[2023-07-17 12:21:41,013] INFO Accessing file: TWAO-201280541-W23-5184-BM-lib1.annotated_filtered.vcf
[2023-07-17 12:21:41,015] INFO Accessing file: TWAO-201280541-W23-5184-BM-lib1.annotated_filtered.vcf
[2023-07-17 12:21:41,016] INFO Accessing file: TWAO-202138202-W23-5245-BM-lib1.annotated_filtered.vcf
[2023-07-17 12:21:41,017] INFO Accessing file: TWAO-202153377-W23-5261-BM-lib1.annotated_filtered.vcf
[2023-07-17 12:21:41,018] INFO Accessing file: TWAO-202138202-W23-5245-BM-lib1.annotated_filtered.vcf
[2023-07-17 12:21:41,019] INFO Accessing file: TWAO-201516155-W23-5090-BM-lib1.annotated_filtered.vcf
[2023-07-17 12:21:41,021] INFO Accessing file: TWAO-202138202-W23-5245-BM-lib1.annotated_filtered.vcf
[2023-07-17 12:21:41,022] INFO Accessing file: TWAO-201516155-W23-5090-BM-lib1.annotated_filtered.vcf
[2023-07-17 12:21:41,023] INFO Accessing file: TWAO-202138202-W23-5245-BM-lib1.annotated_filtered.vcf
[2023-07-17 12:21:41,024] INFO Accessing file: TWAO-202138202-W23-5245-BM-lib1.annotated_filtered.vcf
[2023-07-17 12:21:41,025] INFO Accessing file: TWAO-202138202-W23-5245-BM-lib1.annotated_filtered.vcf
[2023-07-17 12:21:41,026] INFO Accessing file: TWAO-202138202-W23-5245-BM-lib1.annotated_filtered.vcf
[2023-07-17 12:21:41,027] INFO Accessing file: TWAO-107196322-W23-5284-BM-lib1.annotated_filtered.vcf
[2023-07-17 12:21:41,028] INFO Accessing file: TWAO-107196322-W23-5284-BM-lib1.annotated_filtered.vcf
[2023-07-17 12:21:41,030] INFO Accessing file: TWAO-106444776-W23-5056-BM-lib1.annotated_filtered.vcf
[2023-07-17 12:21:41,031] INFO Accessing file: TWAO-201280541-W23-5184-BM-lib1.annotated_filtered.vcf
[2023-07-17 12:21:41,032] INFO Accessing file: TWAO-201280541-W23-5184-BM-lib1.annotated_filtered.vcf
[2023-07-17 12:21:41,033] INFO Accessing file: TWAO-201280541-W23-5184-BM-lib1.annotated_filtered.vcf
[2023-07-17 12:21:41,034] INFO Accessing file: TWAO-202138202-W23-5245-BM-lib1.annotated_filtered.vcf
[2023-07-17 12:21:41,035] INFO Accessing file: TWAO-103212136-W23-5185-BM-lib1.annotated_filtered.vcf
[2023-07-17 12:21:41,036] INFO Accessing file: TWAO-105574860-W23-5249-BM-lib1.annotated_filtered.vcf
[2023-07-17 12:21:41,037] INFO Accessing file: TWAO-105574860-W23-5249-BM-lib1.annotated_filtered.vcf
[2023-07-17 12:21:41,038] INFO Accessing file: TWAO-108007890-W23-5011-BM3-lib1.annotated_filtered.vcf
[2023-07-17 12:21:41,039] INFO Accessing file: TWAO-105574860-W23-5249-BM-lib1.annotated_filtered.vcf
[2023-07-17 12:21:41,040] INFO Accessing file: TWAO-102552878-W23-5092-BM-lib1.annotated_filtered.vcf
[2023-07-17 12:21:41,041] INFO Accessing file: TWAO-201805813-W23-5093-BM-lib1.annotated_filtered.vcf
[2023-07-17 12:21:41,042] INFO Accessing file: TWAO-105574860-W23-5249-BM-lib1.annotated_filtered.vcf
[2023-07-17 12:21:41,043] INFO Accessing file: TWAO-102552878-W23-5092-BM-lib1.annotated_filtered.vcf
[2023-07-17 12:21:41,044] INFO Accessing file: TWAO-105574860-W23-5249-BM-lib1.annotated_filtered.vcf
[2023-07-17 12:21:41,045] INFO Accessing file: TWAO-105574860-W23-5249-BM-lib1.annotated_filtered.vcf
[2023-07-17 12:21:41,046] INFO Accessing file: TWAO-201723434-W23-5114-BM-lib1.annotated_filtered.vcf
[2023-07-17 12:21:41,047] INFO Accessing file: TWAO-105574860-W23-5249-BM-lib1.annotated_filtered.vcf
[2023-07-17 12:21:41,048] INFO Accessing file: TWAO-103144074-W23-5051-BM-lib1.annotated_filtered.vcf
[2023-07-17 12:21:41,049] INFO Accessing file: TWAO-105574860-W23-5249-BM-lib1.annotated_filtered.vcf
[2023-07-17 12:21:41,050] INFO Accessing file: TWAO-200054718-W23-5200-BM-lib1.annotated_filtered.vcf
[2023-07-17 12:21:41,051] INFO Accessing file: TWAO-102552878-W23-5092-BM-lib1.annotated_filtered.vcf
[2023-07-17 12:21:41,052] INFO Accessing file: TWAO-103144074-W23-5051-BM-lib1.annotated_filtered.vcf
[2023-07-17 12:21:41,053] INFO Accessing file: TWAO-202138202-W23-5245-BM-lib1.annotated_filtered.vcf
[2023-07-17 12:21:41,054] INFO Accessing file: TWAO-201280541-W23-5184-BM-lib1.annotated_filtered.vcf
[2023-07-17 12:21:41,055] INFO Accessing file: TWAO-200054718-W23-5200-BM-lib1.annotated_filtered.vcf
[2023-07-17 12:21:41,056] INFO Accessing file: TWAO-201280541-W23-5184-BM-lib1.annotated_filtered.vcf
[2023-07-17 12:21:41,057] INFO Accessing file: TWAO-202138202-W23-5245-BM-lib1.annotated_filtered.vcf
[2023-07-17 12:21:41,058] INFO Accessing file: TWAO-108032713-W23-5115-BM2-lib1.annotated_filtered.vcf
[2023-07-17 12:21:41,059] INFO Accessing file: TWAO-105574860-W23-5249-BM-lib1.annotated_filtered.vcf
[2023-07-17 12:21:41,060] INFO Accessing file: TWAO-202138202-W23-5245-BM-lib1.annotated_filtered.vcf
[2023-07-17 12:21:41,062] INFO Accessing file: TWAO-105574860-W23-5249-BM-lib1.annotated_filtered.vcf
[2023-07-17 12:21:41,063] INFO Accessing file: TWAO-202143635-W23-5271-BM-lib1.annotated_filtered.vcf
[2023-07-17 12:21:41,064] INFO Accessing file: TWAO-202138202-W23-5245-BM-lib1.annotated_filtered.vcf
[2023-07-17 12:21:41,065] INFO Accessing file: TWAO-202153377-W23-5261-BM-lib1.annotated_filtered.vcf
[2023-07-17 12:21:41,066] INFO Accessing file: TWAO-103144074-W23-5051-BM-lib1.annotated_filtered.vcf
[2023-07-17 12:21:41,067] INFO Accessing file: TWAO-202138202-W23-5245-BM-lib1.annotated_filtered.vcf
[2023-07-17 12:21:41,068] INFO Accessing file: TWAO-201280541-W23-5184-BM-lib1.annotated_filtered.vcf
[2023-07-17 12:21:41,069] INFO Accessing file: TWAO-101484893-W23-5251-BM-lib1.annotated_filtered.vcf
[2023-07-17 12:21:41,070] INFO Accessing file: TWAO-106352110-W23-5075-BM-lib1.annotated_filtered.vcf
[2023-07-17 12:21:41,071] INFO Accessing file: TWAO-105982473-W23-5162-BM-lib1.annotated_filtered.vcf
[2023-07-17 12:21:41,072] INFO Accessing file: TWAO-103636692-W23-5198-BM-lib1.annotated_filtered.vcf
[2023-07-17 12:21:41,073] INFO Accessing file: TWAO-201280541-W23-5184-BM-lib1.annotated_filtered.vcf
[2023-07-17 12:21:41,074] INFO Accessing file: TWAO-103212136-W23-5185-BM-lib1.annotated_filtered.vcf
[2023-07-17 12:21:41,076] INFO Accessing file: TWAO-201791635-W23-5078-BM-lib1.annotated_filtered.vcf
[2023-07-17 12:21:41,076] INFO Accessing file: TWAO-201280541-W23-5184-BM-lib1.annotated_filtered.vcf
[2023-07-17 12:21:41,078] INFO Accessing file: TWAO-103144074-W23-5051-BM-lib1.annotated_filtered.vcf
[2023-07-17 12:21:41,079] INFO Accessing file: TWAO-201723434-W23-5114-BM-lib1.annotated_filtered.vcf
[2023-07-17 12:21:41,079] INFO Accessing file: TWAO-200054718-W23-5200-BM-lib1.annotated_filtered.vcf
[2023-07-17 12:21:41,081] INFO Accessing file: TWAO-201723434-W23-5114-BM-lib1.annotated_filtered.vcf
[2023-07-17 12:21:41,082] INFO Accessing file: TWAO-202138202-W23-5245-BM-lib1.annotated_filtered.vcf
[2023-07-17 12:21:41,083] INFO Accessing file: TWAO-201280541-W23-5184-BM-lib1.annotated_filtered.vcf
[2023-07-17 12:21:41,084] INFO Accessing file: TWAO-202154026-W23-5242-BM-lib1.annotated_filtered.vcf
[2023-07-17 12:21:41,085] INFO Accessing file: TWAO-105574860-W23-5249-BM-lib1.annotated_filtered.vcf
[2023-07-17 12:21:41,086] INFO Accessing file: TWAO-200054718-W23-5200-BM-lib1.annotated_filtered.vcf
[2023-07-17 12:21:41,087] INFO Accessing file: TWAO-105574860-W23-5249-BM-lib1.annotated_filtered.vcf
[2023-07-17 12:21:41,088] INFO Accessing file: TWAO-105574860-W23-5249-BM-lib1.annotated_filtered.vcf
[2023-07-17 12:21:41,089] INFO Accessing file: TWAO-202138202-W23-5245-BM-lib1.annotated_filtered.vcf
[2023-07-17 12:21:41,090] INFO Accessing file: TWAO-103144074-W23-5051-BM-lib1.annotated_filtered.vcf
[2023-07-17 12:21:41,091] INFO Accessing file: TWAO-200054718-W23-5200-BM-lib1.annotated_filtered.vcf
[2023-07-17 12:21:41,092] INFO Accessing file: TWAO-202138202-W23-5245-BM-lib1.annotated_filtered.vcf
[2023-07-17 12:21:41,093] INFO Accessing file: TWAO-104533120-W23-5281-BM-lib1.annotated_filtered.vcf
[2023-07-17 12:21:41,094] INFO Accessing file: TWAO-201280541-W23-5184-BM-lib1.annotated_filtered.vcf
[2023-07-17 12:21:41,095] INFO Accessing file: TWAO-201280541-W23-5184-BM-lib1.annotated_filtered.vcf
[2023-07-17 12:21:41,096] INFO Accessing file: TWAO-201723434-W23-5114-BM-lib1.annotated_filtered.vcf
[2023-07-17 12:21:41,097] INFO Accessing file: TWAO-201280541-W23-5184-BM-lib1.annotated_filtered.vcf
[2023-07-17 12:21:41,098] INFO Accessing file: TWAO-201938262-W23-5253-BM-lib1.annotated_filtered.vcf
[2023-07-17 12:21:41,099] INFO Accessing file: TWAO-107196322-W23-5284-BM-lib1.annotated_filtered.vcf
[2023-07-17 12:21:41,100] INFO Accessing file: TWAO-201878424-W23-5285-BM-lib1.annotated_filtered.vcf
[2023-07-17 12:21:41,101] INFO Accessing file: TWAO-200054718-W23-5200-BM-lib1.annotated_filtered.vcf
[2023-07-17 12:21:41,102] INFO Accessing file: TWAO-201280541-W23-5184-BM-lib1.annotated_filtered.vcf
[2023-07-17 12:21:41,103] INFO Accessing file: TWAO-103212136-W23-5185-BM-lib1.annotated_filtered.vcf
[2023-07-17 12:21:41,104] INFO Accessing file: TWAO-200054718-W23-5200-BM-lib1.annotated_filtered.vcf
[2023-07-17 12:21:41,105] INFO Accessing file: TWAO-201805813-W23-5093-BM-lib1.annotated_filtered.vcf
[2023-07-17 12:21:41,106] INFO Accessing file: TWAO-201280541-W23-5184-BM-lib1.annotated_filtered.vcf
[2023-07-17 12:21:41,107] INFO Accessing file: TWAO-103212136-W23-5185-BM-lib1.annotated_filtered.vcf
[2023-07-17 12:21:41,108] INFO Accessing file: TWAO-202138202-W23-5245-BM-lib1.annotated_filtered.vcf
[2023-07-17 12:21:41,110] INFO Accessing file: TWAO-200054718-W23-5200-BM-lib1.annotated_filtered.vcf
[2023-07-17 12:21:41,111] INFO Accessing file: TWAO-201280541-W23-5184-BM-lib1.annotated_filtered.vcf
[2023-07-17 12:21:41,112] INFO Accessing file: TWAO-201280541-W23-5184-BM-lib1.annotated_filtered.vcf
[2023-07-17 12:21:41,113] INFO Accessing file: TWAO-202143635-W23-5271-BM-lib1.annotated_filtered.vcf
[2023-07-17 12:21:41,114] INFO Accessing file: TWAO-105574860-W23-5249-BM-lib1.annotated_filtered.vcf
[2023-07-17 12:21:41,115] INFO Accessing file: TWAO-101484893-W23-5251-BM-lib1.annotated_filtered.vcf
[2023-07-17 12:21:41,116] INFO Accessing file: TWAO-201723434-W23-5114-BM-lib1.annotated_filtered.vcf
[2023-07-17 12:21:41,117] INFO Accessing file: TWAO-202143635-W23-5271-BM-lib1.annotated_filtered.vcf
[2023-07-17 12:21:41,118] INFO Accessing file: TWAO-103144074-W23-5051-BM-lib1.annotated_filtered.vcf
[2023-07-17 12:21:41,119] INFO Accessing file: TWAO-202143635-W23-5271-BM-lib1.annotated_filtered.vcf
[2023-07-17 12:21:41,120] INFO Accessing file: TWAO-202143635-W23-5271-BM-lib1.annotated_filtered.vcf
[2023-07-17 12:21:41,122] INFO Accessing file: TWAO-101484893-W23-5251-BM-lib1.annotated_filtered.vcf
[2023-07-17 12:21:41,123] INFO Accessing file: TWAO-202153377-W23-5261-BM-lib1.annotated_filtered.vcf
[2023-07-17 12:21:41,124] INFO Accessing file: TWAO-202143635-W23-5271-BM-lib1.annotated_filtered.vcf
[2023-07-17 12:21:41,125] INFO Accessing file: TWAO-103212136-W23-5185-BM-lib1.annotated_filtered.vcf
[2023-07-17 12:21:41,126] INFO Accessing file: TWAO-106444776-W23-5197-PB-lib1.annotated_filtered.vcf
[2023-07-17 12:21:41,127] INFO Accessing file: TWAO-202153377-W23-5261-BM-lib1.annotated_filtered.vcf
[2023-07-17 12:21:41,128] INFO Accessing file: TWAO-105163199-W23-5089-BM-lib1.annotated_filtered.vcf
[2023-07-17 12:21:41,129] INFO Accessing file: TWAO-105163199-W23-5089-BM-lib1.annotated_filtered.vcf
[2023-07-17 12:21:41,130] INFO Accessing file: TWAO-108783743-W23-5282-BM-lib1.annotated_filtered.vcf
[2023-07-17 12:21:41,131] INFO Accessing file: TWAO-105163199-W23-5089-BM-lib1.annotated_filtered.vcf
[2023-07-17 12:21:41,132] INFO Accessing file: TWAO-201791635-W23-5078-BM-lib1.annotated_filtered.vcf
[2023-07-17 12:21:41,133] INFO Accessing file: TWAO-106352110-W23-5075-BM-lib1.annotated_filtered.vcf
[2023-07-17 12:21:41,134] INFO Accessing file: TWAO-108783743-W23-5282-BM-lib1.annotated_filtered.vcf
[2023-07-17 12:21:41,135] INFO Accessing file: TWAO-100406124-W23-5088-BM-lib1.annotated_filtered.vcf
[2023-07-17 12:21:41,136] INFO Accessing file: TWAO-108783743-W23-5282-BM-lib1.annotated_filtered.vcf
[2023-07-17 12:21:41,137] INFO Accessing file: TWAO-103144074-W23-5051-BM-lib1.annotated_filtered.vcf
[2023-07-17 12:21:41,138] INFO Accessing file: TWAO-106352110-W23-5075-BM-lib1.annotated_filtered.vcf
[2023-07-17 12:21:41,139] INFO Accessing file: TWAO-100406124-W23-5088-BM-lib1.annotated_filtered.vcf
[2023-07-17 12:21:41,140] INFO Accessing file: TWAO-106352110-W23-5075-BM-lib1.annotated_filtered.vcf
[2023-07-17 12:21:41,141] INFO Accessing file: TWAO-106352110-W23-5075-BM-lib1.annotated_filtered.vcf
[2023-07-17 12:21:41,142] INFO Accessing file: TWAO-108032713-W23-5115-BM2-lib1.annotated_filtered.vcf
[2023-07-17 12:21:41,143] INFO Accessing file: TWAO-108032713-W23-5115-BM2-lib1.annotated_filtered.vcf
[2023-07-17 12:21:41,144] INFO Accessing file: TWAO-201682401-W23-5060-BM-lib1.annotated_filtered.vcf
[2023-07-17 12:21:41,145] INFO Accessing file: TWAO-105982473-W23-5162-BM-lib1.annotated_filtered.vcf
[2023-07-17 12:21:41,146] INFO Accessing file: TWAO-202143635-W23-5271-BM-lib1.annotated_filtered.vcf
[2023-07-17 12:21:41,147] INFO Accessing file: TWAO-102552878-W23-5092-BM-lib1.annotated_filtered.vcf
[2023-07-17 12:21:41,148] INFO Accessing file: TWAO-202143635-W23-5271-BM-lib1.annotated_filtered.vcf
[2023-07-17 12:21:41,149] INFO Accessing file: TWAO-202143635-W23-5271-BM-lib1.annotated_filtered.vcf
[2023-07-17 12:21:41,150] INFO Accessing file: TWAO-202143635-W23-5271-BM-lib1.annotated_filtered.vcf
[2023-07-17 12:21:41,151] INFO Accessing file: TWAO-105163199-W23-5089-BM-lib1.annotated_filtered.vcf
[2023-07-17 12:21:41,152] INFO Accessing file: TWAO-105163199-W23-5089-BM-lib1.annotated_filtered.vcf
[2023-07-17 12:21:41,153] INFO Accessing file: TWAO-101484893-W23-5251-BM-lib1.annotated_filtered.vcf
[2023-07-17 12:21:41,154] INFO Accessing file: TWAO-107016815-W23-5248-PB-lib1.annotated_filtered.vcf
[2023-07-17 12:21:41,155] INFO Accessing file: TWAO-105163199-W23-5089-BM-lib1.annotated_filtered.vcf
[2023-07-17 12:21:41,156] INFO Accessing file: TWAO-202143635-W23-5271-BM-lib1.annotated_filtered.vcf
[2023-07-17 12:21:41,158] INFO Accessing file: TWAO-202143635-W23-5271-BM-lib1.annotated_filtered.vcf
[2023-07-17 12:21:41,160] INFO Accessing file: TWAO-200054718-W23-5200-BM-lib1.annotated_filtered.vcf
[2023-07-17 12:21:41,162] INFO Accessing file: TWAO-107016815-W23-5248-PB-lib1.annotated_filtered.vcf
[2023-07-17 12:21:41,163] INFO Accessing file: TWAO-202143635-W23-5271-BM-lib1.annotated_filtered.vcf
[2023-07-17 12:21:41,165] INFO Accessing file: TWAO-202143635-W23-5271-BM-lib1.annotated_filtered.vcf
[2023-07-17 12:21:41,167] INFO Accessing file: TWAO-102552878-W23-5092-BM-lib1.annotated_filtered.vcf
[2023-07-17 12:21:41,168] INFO Accessing file: TWAO-201682401-W23-5060-BM-lib1.annotated_filtered.vcf
[2023-07-17 12:21:41,169] INFO Accessing file: TWAO-MS-Positive-Control-W22-6944-BM-lib16.annotated_filtered.vcf
[2023-07-17 12:21:41,170] INFO Accessing file: TWAO-105163199-W23-5089-BM-lib1.annotated_filtered.vcf
[2023-07-17 12:21:41,171] INFO Accessing file: TWAO-202153377-W23-5261-BM-lib1.annotated_filtered.vcf
[2023-07-17 12:21:41,172] INFO Accessing file: TWAO-105163199-W23-5089-BM-lib1.annotated_filtered.vcf
[2023-07-17 12:21:41,173] INFO Accessing file: TWAO-202143635-W23-5271-BM-lib1.annotated_filtered.vcf
[2023-07-17 12:21:41,174] INFO Accessing file: TWAO-202143635-W23-5271-BM-lib1.annotated_filtered.vcf
[2023-07-17 12:21:41,176] INFO Accessing file: TWAO-200054718-W23-5200-BM-lib1.annotated_filtered.vcf
[2023-07-17 12:21:41,177] INFO Accessing file: TWAO-202154026-W23-5242-BM-lib1.annotated_filtered.vcf
[2023-07-17 12:21:41,179] INFO Accessing file: TWAO-103562837-W23-5141-BM2-lib1.annotated_filtered.vcf
[2023-07-17 12:21:41,180] INFO Accessing file: TWAO-200054718-W23-5200-BM-lib1.annotated_filtered.vcf
[2023-07-17 12:21:41,181] INFO Accessing file: TWAO-200249928-W23-5250-BM-lib1.annotated_filtered.vcf
[2023-07-17 12:21:41,183] INFO Accessing file: TWAO-202143635-W23-5271-BM-lib1.annotated_filtered.vcf
[2023-07-17 12:21:41,184] INFO Accessing file: TWAO-102552878-W23-5092-BM-lib1.annotated_filtered.vcf
[2023-07-17 12:21:41,185] INFO Accessing file: TWAO-202143635-W23-5271-BM-lib1.annotated_filtered.vcf
[2023-07-17 12:21:41,186] INFO Accessing file: TWAO-201682401-W23-5060-BM-lib1.annotated_filtered.vcf
[2023-07-17 12:21:41,187] INFO Accessing file: TWAO-202143635-W23-5271-BM-lib1.annotated_filtered.vcf
[2023-07-17 12:21:41,188] INFO Accessing file: TWAO-202143635-W23-5271-BM-lib1.annotated_filtered.vcf
[2023-07-17 12:21:41,189] INFO Accessing file: TWAO-201682401-W23-5060-BM-lib1.annotated_filtered.vcf
[2023-07-17 12:21:41,190] INFO Accessing file: TWAO-202143635-W23-5271-BM-lib1.annotated_filtered.vcf
[2023-07-17 12:21:41,191] INFO Accessing file: TWAO-106352110-W23-5075-BM-lib1.annotated_filtered.vcf
[2023-07-17 12:21:41,192] INFO Accessing file: TWAO-107016815-W23-5248-PB-lib1.annotated_filtered.vcf
[2023-07-17 12:21:41,193] INFO Accessing file: TWAO-201723434-W23-5114-BM-lib1.annotated_filtered.vcf
[2023-07-17 12:21:41,194] INFO Accessing file: TWAO-202143635-W23-5271-BM-lib1.annotated_filtered.vcf
[2023-07-17 12:21:41,195] INFO Accessing file: TWAO-202143635-W23-5271-BM-lib1.annotated_filtered.vcf
[2023-07-17 12:21:41,196] INFO Accessing file: TWAO-105163199-W23-5089-BM-lib1.annotated_filtered.vcf
[2023-07-17 12:21:41,197] INFO Accessing file: TWAO-102552878-W23-5092-BM-lib1.annotated_filtered.vcf
[2023-07-17 12:21:41,198] INFO Accessing file: TWAO-202143635-W23-5271-BM-lib1.annotated_filtered.vcf
[2023-07-17 12:21:41,199] INFO Accessing file: TWAO-202143635-W23-5271-BM-lib1.annotated_filtered.vcf
[2023-07-17 12:21:41,201] INFO Accessing file: TWAO-103212136-W23-5185-BM-lib1.annotated_filtered.vcf
[2023-07-17 12:21:41,202] INFO Accessing file: TWAO-201682401-W23-5060-BM-lib1.annotated_filtered.vcf
[2023-07-17 12:21:41,203] INFO Accessing file: TWAO-202143635-W23-5271-BM-lib1.annotated_filtered.vcf
[2023-07-17 12:21:41,204] INFO Accessing file: TWAO-202143635-W23-5271-BM-lib1.annotated_filtered.vcf
[2023-07-17 12:21:41,205] INFO Accessing file: TWAO-202143635-W23-5271-BM-lib1.annotated_filtered.vcf
[2023-07-17 12:21:41,206] INFO Accessing file: TWAO-202143635-W23-5271-BM-lib1.annotated_filtered.vcf
[2023-07-17 12:21:41,207] INFO Accessing file: TWAO-202143635-W23-5271-BM-lib1.annotated_filtered.vcf
[2023-07-17 12:21:41,208] INFO Accessing file: TWAO-200054718-W23-5200-BM-lib1.annotated_filtered.vcf
[2023-07-17 12:21:41,210] INFO Accessing file: TWAO-202143635-W23-5271-BM-lib1.annotated_filtered.vcf
[2023-07-17 12:21:41,211] INFO Accessing file: TWAO-202143635-W23-5271-BM-lib1.annotated_filtered.vcf
[2023-07-17 12:21:41,213] INFO Accessing file: TWAO-108783743-W23-5282-BM-lib1.annotated_filtered.vcf
[2023-07-17 12:21:41,214] INFO Accessing file: TWAO-202143635-W23-5271-BM-lib1.annotated_filtered.vcf
[2023-07-17 12:21:41,215] INFO Accessing file: TWAO-201682401-W23-5060-BM-lib1.annotated_filtered.vcf
[2023-07-17 12:21:41,217] INFO Accessing file: TWAO-202143635-W23-5271-BM-lib1.annotated_filtered.vcf
[2023-07-17 12:21:41,221] INFO Accessing file: TWAO-MS-Positive-Control-W22-6944-BM-lib16.annotated_filtered.vcf
[2023-07-17 12:21:41,222] INFO Accessing file: TWAO-202143635-W23-5271-BM-lib1.annotated_filtered.vcf
[2023-07-17 12:21:41,223] INFO Accessing file: TWAO-202143635-W23-5271-BM-lib1.annotated_filtered.vcf
[2023-07-17 12:21:41,224] INFO Accessing file: TWAO-202143635-W23-5271-BM-lib1.annotated_filtered.vcf
[2023-07-17 12:21:41,225] INFO Accessing file: TWAO-202143635-W23-5271-BM-lib1.annotated_filtered.vcf
[2023-07-17 12:21:41,226] INFO Accessing file: TWAO-202143635-W23-5271-BM-lib1.annotated_filtered.vcf
[2023-07-17 12:21:41,228] INFO Accessing file: TWAO-104533120-W23-5281-BM-lib1.annotated_filtered.vcf
[2023-07-17 12:21:41,229] INFO Accessing file: TWAO-202143635-W23-5271-BM-lib1.annotated_filtered.vcf
[2023-07-17 12:21:41,230] INFO Accessing file: TWAO-107016815-W23-5248-PB-lib1.annotated_filtered.vcf
[2023-07-17 12:21:41,231] INFO Accessing file: TWAO-202035007-W23-5244-BM-lib1.annotated_filtered.vcf
[2023-07-17 12:21:41,232] INFO Accessing file: TWAO-202143635-W23-5271-BM-lib1.annotated_filtered.vcf
[2023-07-17 12:21:41,233] INFO Accessing file: TWAO-202143635-W23-5271-BM-lib1.annotated_filtered.vcf
[2023-07-17 12:21:41,234] INFO Accessing file: TWAO-105982473-W23-5162-BM-lib1.annotated_filtered.vcf
[2023-07-17 12:21:41,235] INFO Accessing file: TWAO-202143635-W23-5271-BM-lib1.annotated_filtered.vcf
[2023-07-17 12:21:41,236] INFO Accessing file: TWAO-100406124-W23-5088-BM-lib1.annotated_filtered.vcf
[2023-07-17 12:21:41,237] INFO Accessing file: TWAO-202143635-W23-5271-BM-lib1.annotated_filtered.vcf
[2023-07-17 12:21:41,239] INFO Accessing file: TWAO-202143635-W23-5271-BM-lib1.annotated_filtered.vcf
[2023-07-17 12:21:41,240] INFO Accessing file: TWAO-107016815-W23-5248-PB-lib1.annotated_filtered.vcf
[2023-07-17 12:21:41,241] INFO Accessing file: TWAO-202143635-W23-5271-BM-lib1.annotated_filtered.vcf
[2023-07-17 12:21:41,242] INFO Accessing file: TWAO-202143635-W23-5271-BM-lib1.annotated_filtered.vcf
[2023-07-17 12:21:41,243] INFO Accessing file: TWAO-201682401-W23-5060-BM-lib1.annotated_filtered.vcf
[2023-07-17 12:21:41,244] INFO Accessing file: TWAO-108007890-W23-5011-BM3-lib1.annotated_filtered.vcf
[2023-07-17 12:21:41,245] INFO Accessing file: TWAO-202143635-W23-5271-BM-lib1.annotated_filtered.vcf
[2023-07-17 12:21:41,246] INFO Accessing file: TWAO-102552878-W23-5092-BM-lib1.annotated_filtered.vcf
[2023-07-17 12:21:41,247] INFO Accessing file: TWAO-202143635-W23-5271-BM-lib1.annotated_filtered.vcf
[2023-07-17 12:21:41,248] INFO Accessing file: TWAO-105163199-W23-5089-BM-lib1.annotated_filtered.vcf
[2023-07-17 12:21:41,249] INFO Accessing file: TWAO-202143635-W23-5271-BM-lib1.annotated_filtered.vcf
[2023-07-17 12:21:41,251] INFO Accessing file: TWAO-MS-Positive-Control-W22-6944-BM-lib16.annotated_filtered.vcf
[2023-07-17 12:21:41,251] INFO Accessing file: TWAO-107016815-W23-5248-PB-lib1.annotated_filtered.vcf
[2023-07-17 12:21:41,252] INFO Accessing file: TWAO-108783743-W23-5282-BM-lib1.annotated_filtered.vcf
[2023-07-17 12:21:41,254] INFO Accessing file: TWAO-202143635-W23-5271-BM-lib1.annotated_filtered.vcf
[2023-07-17 12:21:41,255] INFO Accessing file: TWAO-107016815-W23-5248-PB-lib1.annotated_filtered.vcf
[2023-07-17 12:21:41,256] INFO Accessing file: TWAO-202143635-W23-5271-BM-lib1.annotated_filtered.vcf
[2023-07-17 12:21:41,257] INFO Accessing file: TWAO-202143635-W23-5271-BM-lib1.annotated_filtered.vcf
[2023-07-17 12:21:41,258] INFO Accessing file: TWAO-202143635-W23-5271-BM-lib1.annotated_filtered.vcf
[2023-07-17 12:21:41,259] INFO Accessing file: TWAO-202143635-W23-5271-BM-lib1.annotated_filtered.vcf
[2023-07-17 12:21:41,260] INFO Accessing file: TWAO-202153377-W23-5261-BM-lib1.annotated_filtered.vcf
[2023-07-17 12:21:41,261] INFO Accessing file: TWAO-107016815-W23-5248-PB-lib1.annotated_filtered.vcf
[2023-07-17 12:21:41,262] INFO Accessing file: TWAO-202143635-W23-5271-BM-lib1.annotated_filtered.vcf
[2023-07-17 12:21:41,264] INFO Accessing file: TWAO-100406124-W23-5088-BM-lib1.annotated_filtered.vcf
[2023-07-17 12:21:41,266] INFO Accessing file: TWAO-202143635-W23-5271-BM-lib1.annotated_filtered.vcf
[2023-07-17 12:21:41,267] INFO Accessing file: TWAO-201682401-W23-5060-BM-lib1.annotated_filtered.vcf
[2023-07-17 12:21:41,269] INFO Accessing file: TWAO-MS-Positive-Control-W22-6944-BM-lib16.annotated_filtered.vcf
[2023-07-17 12:21:41,270] INFO Accessing file: TWAO-202143635-W23-5271-BM-lib1.annotated_filtered.vcf
[2023-07-17 12:21:41,272] INFO Accessing file: TWAO-103636692-W23-5198-BM-lib1.annotated_filtered.vcf
[2023-07-17 12:21:41,273] INFO Accessing file: TWAO-202143635-W23-5271-BM-lib1.annotated_filtered.vcf
[2023-07-17 12:21:41,274] INFO Accessing file: TWAO-201723434-W23-5114-BM-lib1.annotated_filtered.vcf
[2023-07-17 12:21:41,275] INFO Accessing file: TWAO-102552878-W23-5092-BM-lib1.annotated_filtered.vcf
[2023-07-17 12:21:41,276] INFO Accessing file: TWAO-202143635-W23-5271-BM-lib1.annotated_filtered.vcf
[2023-07-17 12:21:41,277] INFO Accessing file: TWAO-202143635-W23-5271-BM-lib1.annotated_filtered.vcf
[2023-07-17 12:21:41,278] INFO Accessing file: TWAO-106444776-W23-5197-PB-lib1.annotated_filtered.vcf
[2023-07-17 12:21:41,279] INFO Accessing file: TWAO-202143635-W23-5271-BM-lib1.annotated_filtered.vcf
[2023-07-17 12:21:41,280] INFO Accessing file: TWAO-202143635-W23-5271-BM-lib1.annotated_filtered.vcf
[2023-07-17 12:21:41,281] INFO Accessing file: TWAO-105163199-W23-5089-BM-lib1.annotated_filtered.vcf
[2023-07-17 12:21:41,282] INFO Accessing file: TWAO-107196322-W23-5284-BM-lib1.annotated_filtered.vcf
[2023-07-17 12:21:41,284] INFO Accessing file: TWAO-202143635-W23-5271-BM-lib1.annotated_filtered.vcf
[2023-07-17 12:21:41,285] INFO Accessing file: TWAO-202143635-W23-5271-BM-lib1.annotated_filtered.vcf
[2023-07-17 12:21:41,286] INFO Accessing file: TWAO-108032713-W23-5115-BM2-lib1.annotated_filtered.vcf
[2023-07-17 12:21:41,287] INFO Accessing file: TWAO-MS-Positive-Control-W22-6944-BM-lib16.annotated_filtered.vcf
[2023-07-17 12:21:41,288] INFO Accessing file: TWAO-105188778-W23-5079-BM-lib1.annotated_filtered.vcf
[2023-07-17 12:21:41,289] INFO Accessing file: TWAO-202138202-W23-5245-BM-lib1.annotated_filtered.vcf
[2023-07-17 12:21:41,290] INFO Accessing file: TWAO-108032713-W23-5115-BM2-lib1.annotated_filtered.vcf
[2023-07-17 12:21:41,291] INFO Accessing file: TWAO-202143635-W23-5271-BM-lib1.annotated_filtered.vcf
[2023-07-17 12:21:41,292] INFO Accessing file: TWAO-102552878-W23-5092-BM-lib1.annotated_filtered.vcf
[2023-07-17 12:21:41,293] INFO Accessing file: TWAO-107016815-W23-5248-PB-lib1.annotated_filtered.vcf
[2023-07-17 12:21:41,295] INFO Accessing file: TWAO-202154026-W23-5242-BM-lib1.annotated_filtered.vcf
[2023-07-17 12:21:41,296] INFO Accessing file: TWAO-102552878-W23-5092-BM-lib1.annotated_filtered.vcf
[2023-07-17 12:21:41,297] INFO Accessing file: TWAO-202143635-W23-5271-BM-lib1.annotated_filtered.vcf
[2023-07-17 12:21:41,299] INFO Accessing file: TWAO-102552878-W23-5092-BM-lib1.annotated_filtered.vcf
[2023-07-17 12:21:41,300] INFO Accessing file: TWAO-202143635-W23-5271-BM-lib1.annotated_filtered.vcf
[2023-07-17 12:21:41,302] INFO Accessing file: TWAO-202143635-W23-5271-BM-lib1.annotated_filtered.vcf
[2023-07-17 12:21:41,303] INFO Accessing file: TWAO-107016815-W23-5248-PB-lib1.annotated_filtered.vcf
[2023-07-17 12:21:41,304] INFO Accessing file: TWAO-201516155-W23-5090-BM-lib1.annotated_filtered.vcf
[2023-07-17 12:21:41,305] INFO Accessing file: TWAO-102552878-W23-5092-BM-lib1.annotated_filtered.vcf
[2023-07-17 12:21:41,306] INFO Accessing file: TWAO-202143635-W23-5271-BM-lib1.annotated_filtered.vcf
[2023-07-17 12:21:41,308] INFO Accessing file: TWAO-202138202-W23-5245-BM-lib1.annotated_filtered.vcf
[2023-07-17 12:21:41,309] INFO Accessing file: TWAO-202143635-W23-5271-BM-lib1.annotated_filtered.vcf
[2023-07-17 12:21:41,310] INFO Accessing file: TWAO-202143635-W23-5271-BM-lib1.annotated_filtered.vcf
[2023-07-17 12:21:41,311] INFO Accessing file: TWAO-202143635-W23-5271-BM-lib1.annotated_filtered.vcf
[2023-07-17 12:21:41,313] INFO Accessing file: TWAO-102552878-W23-5092-BM-lib1.annotated_filtered.vcf
[2023-07-17 12:21:41,314] INFO Accessing file: TWAO-202143635-W23-5271-BM-lib1.annotated_filtered.vcf
[2023-07-17 12:21:41,315] INFO Accessing file: TWAO-102552878-W23-5092-BM-lib1.annotated_filtered.vcf
[2023-07-17 12:21:41,317] INFO Accessing file: TWAO-200054718-W23-5200-BM-lib1.annotated_filtered.vcf
[2023-07-17 12:21:41,318] INFO Accessing file: TWAO-102552878-W23-5092-BM-lib1.annotated_filtered.vcf
[2023-07-17 12:21:41,319] INFO Accessing file: TWAO-102552878-W23-5092-BM-lib1.annotated_filtered.vcf
[2023-07-17 12:21:41,320] INFO Accessing file: TWAO-201723434-W23-5114-BM-lib1.annotated_filtered.vcf
[2023-07-17 12:21:41,321] INFO Accessing file: TWAO-102552878-W23-5092-BM-lib1.annotated_filtered.vcf
[2023-07-17 12:21:41,322] INFO Accessing file: TWAO-102552878-W23-5092-BM-lib1.annotated_filtered.vcf
[2023-07-17 12:21:41,323] INFO Accessing file: TWAO-200054718-W23-5200-BM-lib1.annotated_filtered.vcf
[2023-07-17 12:21:41,324] INFO Accessing file: TWAO-107016815-W23-5248-PB-lib1.annotated_filtered.vcf
[2023-07-17 12:21:41,325] INFO Accessing file: TWAO-201516155-W23-5090-BM-lib1.annotated_filtered.vcf
[2023-07-17 12:21:41,326] INFO Accessing file: TWAO-102552878-W23-5092-BM-lib1.annotated_filtered.vcf
[2023-07-17 12:21:41,327] INFO Accessing file: TWAO-102552878-W23-5092-BM-lib1.annotated_filtered.vcf
[2023-07-17 12:21:41,327] ERROR Coverage set not found: TWAO-102552878-W23-5092-BM-lib1.annotated_filtered.vcf
[2023-07-17 12:21:41,328] INFO Accessing file: TWAO-104533120-W23-5281-BM-lib1.annotated_filtered.vcf
[2023-07-17 12:21:41,329] INFO Accessing file: TWAO-104533120-W23-5281-BM-lib1.annotated_filtered.vcf
[2023-07-17 12:21:41,330] INFO Accessing file: TWAO-201682401-W23-5060-BM-lib1.annotated_filtered.vcf
[2023-07-17 12:21:41,331] INFO Accessing file: TWAO-106444776-W23-5197-PB-lib1.annotated_filtered.vcf
[2023-07-17 12:21:41,332] INFO Accessing file: TWAO-200054718-W23-5200-BM-lib1.annotated_filtered.vcf
[2023-07-17 12:21:41,333] INFO Accessing file: TWAO-102552878-W23-5092-BM-lib1.annotated_filtered.vcf
[2023-07-17 12:21:41,334] INFO Accessing file: TWAO-MS-Positive-Control-W22-6944-BM-lib16.annotated_filtered.vcf
[2023-07-17 12:21:41,334] INFO Accessing file: TWAO-102552878-W23-5092-BM-lib1.annotated_filtered.vcf
[2023-07-17 12:21:41,335] INFO Accessing file: TWAO-105163199-W23-5089-BM-lib1.annotated_filtered.vcf
[2023-07-17 12:21:41,336] INFO Accessing file: TWAO-102552878-W23-5092-BM-lib1.annotated_filtered.vcf
[2023-07-17 12:21:41,338] INFO Accessing file: TWAO-201516155-W23-5090-BM-lib1.annotated_filtered.vcf
[2023-07-17 12:21:41,339] INFO Accessing file: TWAO-202138202-W23-5245-BM-lib1.annotated_filtered.vcf
[2023-07-17 12:21:41,340] INFO Accessing file: TWAO-108152658-W23-5283-BM-lib1.annotated_filtered.vcf
[2023-07-17 12:21:41,341] INFO Accessing file: TWAO-202153377-W23-5261-BM-lib1.annotated_filtered.vcf
[2023-07-17 12:21:41,341] INFO Accessing file: TWAO-102552878-W23-5092-BM-lib1.annotated_filtered.vcf
[2023-07-17 12:21:41,343] INFO Accessing file: TWAO-102552878-W23-5092-BM-lib1.annotated_filtered.vcf
[2023-07-17 12:21:41,344] INFO Accessing file: TWAO-201723434-W23-5114-BM-lib1.annotated_filtered.vcf
[2023-07-17 12:21:41,345] INFO Accessing file: TWAO-202143635-W23-5271-BM-lib1.annotated_filtered.vcf
[2023-07-17 12:21:41,346] INFO Accessing file: TWAO-201805813-W23-5093-BM-lib1.annotated_filtered.vcf
[2023-07-17 12:21:41,347] INFO Accessing file: TWAO-200054718-W23-5200-BM-lib1.annotated_filtered.vcf
[2023-07-17 12:21:41,348] INFO Accessing file: TWAO-200249928-W23-5250-BM-lib1.annotated_filtered.vcf
[2023-07-17 12:21:41,350] INFO Accessing file: TWAO-105982473-W23-5162-BM-lib1.annotated_filtered.vcf
[2023-07-17 12:21:41,351] INFO Accessing file: TWAO-108152658-W23-5283-BM-lib1.annotated_filtered.vcf
[2023-07-17 12:21:41,352] INFO Accessing file: TWAO-108032713-W23-5115-BM2-lib1.annotated_filtered.vcf
[2023-07-17 12:21:41,354] INFO Accessing file: TWAO-201796057-W23-5143-BM2-lib1.annotated_filtered.vcf
[2023-07-17 12:21:41,355] INFO Accessing file: TWAO-108032713-W23-5115-BM2-lib1.annotated_filtered.vcf
[2023-07-17 12:21:41,357] INFO Accessing file: TWAO-103144074-W23-5051-BM-lib1.annotated_filtered.vcf
[2023-07-17 12:21:41,358] INFO Accessing file: TWAO-105163199-W23-5089-BM-lib1.annotated_filtered.vcf
[2023-07-17 12:21:41,360] INFO Accessing file: TWAO-201938262-W23-5253-BM-lib1.annotated_filtered.vcf
[2023-07-17 12:21:41,361] INFO Accessing file: TWAO-105982473-W23-5162-BM-lib1.annotated_filtered.vcf
[2023-07-17 12:21:41,363] INFO Accessing file: TWAO-200054718-W23-5200-BM-lib1.annotated_filtered.vcf
[2023-07-17 12:21:41,364] INFO Accessing file: TWAO-106352110-W23-5075-BM-lib1.annotated_filtered.vcf
[2023-07-17 12:21:41,366] INFO Accessing file: TWAO-MS-Positive-Control-W22-6944-BM-lib16.annotated_filtered.vcf
[2023-07-17 12:21:41,367] INFO Accessing file: TWAO-102552878-W23-5092-BM-lib1.annotated_filtered.vcf
[2023-07-17 12:21:41,368] INFO Accessing file: TWAO-107016815-W23-5248-PB-lib1.annotated_filtered.vcf
[2023-07-17 12:21:41,369] INFO Accessing file: TWAO-200249928-W23-5250-BM-lib1.annotated_filtered.vcf
[2023-07-17 12:21:41,371] INFO Accessing file: TWAO-201723434-W23-5114-BM-lib1.annotated_filtered.vcf
[2023-07-17 12:21:41,372] INFO Accessing file: TWAO-202153377-W23-5261-BM-lib1.annotated_filtered.vcf
[2023-07-17 12:21:41,373] INFO Accessing file: TWAO-200249928-W23-5250-BM-lib1.annotated_filtered.vcf
[2023-07-17 12:21:41,416] INFO ----------DIRECTORY STATISTICS----------
[2023-07-17 12:21:41,416] INFO Total files in directory: 76
[2023-07-17 12:21:41,416] INFO Files with a usable extension: 38
[2023-07-17 12:21:41,416] INFO VCF files used: 38
[2023-07-17 12:21:41,416] INFO VCF file accesses: 341
[2023-07-17 12:21:41,416] INFO ----------SET STATISTICS----------
[2023-07-17 12:21:41,416] INFO Total set annotations: 339
[2023-07-17 12:21:41,416] INFO DRAGEN sets: 318
[2023-07-17 12:21:41,416] INFO PINDEL sets: 21
[2023-07-17 12:21:41,416] INFO DRAGEN-PINDEL sets: 0
[2023-07-17 12:21:41,416] INFO Unknown sets: 0
[2023-07-17 12:21:41,416] INFO Empty sets: 0
[2023-07-17 12:21:41,416] INFO Files where set was not found: 2
[2023-07-17 12:21:41,416] INFO Files where off-by-one flag was triggered: 8
