[2023-06-30 14:08:24,857] INFO Accessing file: ../sorted_batch247/TWAO-102552878-W23-5092-BM-lib1/TWAO-102552878-W23-5092-BM-lib1.report.json
[2023-06-30 14:08:24,860] INFO JSON has greater coverage than BED
[2023-06-30 14:08:24,860] INFO BED has greater coverage than JSON
[2023-06-30 14:08:24,860] INFO BED has greater coverage than JSON
[2023-06-30 14:08:24,860] INFO JSON has greater coverage than BED
[2023-06-30 14:08:24,860] INFO JSON has greater coverage than BED
[2023-06-30 14:08:25,603] INFO Accessing file: ../sorted_batch247/TWAO-201723434-W23-5114-BM-lib1/TWAO-201723434-W23-5114-BM-lib1.report.json
[2023-06-30 14:08:25,604] INFO BED has greater coverage than JSON
[2023-06-30 14:08:26,294] INFO Accessing file: ../sorted_batch247/TWAO-200054718-W23-5200-BM-lib1/TWAO-200054718-W23-5200-BM-lib1.report.json
[2023-06-30 14:08:26,294] INFO JSON has greater coverage than BED
[2023-06-30 14:08:26,980] INFO Accessing file: ../sorted_batch247/TWAO-MS-Positive-Control-W22-6944-BM-lib16/TWAO-MS-Positive-Control-W22-6944-BM-lib16.report.json
[2023-06-30 14:08:26,981] INFO JSON has greater coverage than BED
[2023-06-30 14:08:26,981] INFO Coverage is equal
[2023-06-30 14:08:26,981] INFO BED has greater coverage than JSON
[2023-06-30 14:08:26,981] INFO JSON has greater coverage than BED
[2023-06-30 14:08:26,981] INFO JSON has greater coverage than BED
[2023-06-30 14:08:26,981] INFO BED has greater coverage than JSON
[2023-06-30 14:08:26,981] INFO JSON has greater coverage than BED
[2023-06-30 14:08:27,708] INFO Accessing file: ../sorted_batch247/TWAO-105163199-W23-5089-BM-lib1/TWAO-105163199-W23-5089-BM-lib1.report.json
[2023-06-30 14:08:27,708] INFO JSON has greater coverage than BED
[2023-06-30 14:08:27,708] INFO BED has greater coverage than JSON
[2023-06-30 14:08:27,708] INFO JSON has greater coverage than BED
[2023-06-30 14:08:27,708] INFO BED has greater coverage than JSON
[2023-06-30 14:08:28,425] ERROR Tier 1-3 columns do not exist: ../sorted_batch247/TWAO-107016815-W23-5248-PB-lib1/TWAO-107016815-W23-5248-PB-lib1.report.json
[2023-06-30 14:08:29,186] INFO Accessing file: ../sorted_batch247/TWAO-104533120-W23-5281-BM-lib1/TWAO-104533120-W23-5281-BM-lib1.report.json
[2023-06-30 14:08:29,186] INFO JSON has greater coverage than BED
[2023-06-30 14:08:29,187] INFO JSON has greater coverage than BED
[2023-06-30 14:08:29,187] INFO JSON has greater coverage than BED
[2023-06-30 14:08:29,187] INFO JSON has greater coverage than BED
[2023-06-30 14:08:29,985] INFO Accessing file: ../sorted_batch247/TWAO-108032713-W23-5115-BM2-lib1/TWAO-108032713-W23-5115-BM2-lib1.report.json
[2023-06-30 14:08:29,985] INFO JSON has greater coverage than BED
[2023-06-30 14:08:29,985] INFO BED has greater coverage than JSON
[2023-06-30 14:08:29,985] INFO JSON has greater coverage than BED
[2023-06-30 14:08:29,985] INFO BED has greater coverage than JSON
[2023-06-30 14:08:29,985] INFO BED has greater coverage than JSON
[2023-06-30 14:08:29,985] INFO JSON has greater coverage than BED
[2023-06-30 14:08:29,985] INFO BED has greater coverage than JSON
[2023-06-30 14:08:29,985] INFO BED has greater coverage than JSON
[2023-06-30 14:08:29,986] INFO BED has greater coverage than JSON
[2023-06-30 14:08:30,644] ERROR Tier 1-3 columns do not exist: ../sorted_batch247/TWAO-202154026-W23-5242-BM-lib1/TWAO-202154026-W23-5242-BM-lib1.report.json
[2023-06-30 14:08:31,390] INFO Accessing file: ../sorted_batch247/TWAO-108783743-W23-5282-BM-lib1/TWAO-108783743-W23-5282-BM-lib1.report.json
[2023-06-30 14:08:31,391] INFO JSON has greater coverage than BED
[2023-06-30 14:08:31,391] INFO JSON has greater coverage than BED
[2023-06-30 14:08:31,391] INFO JSON has greater coverage than BED
[2023-06-30 14:08:31,391] INFO JSON has greater coverage than BED
[2023-06-30 14:08:31,391] INFO JSON has greater coverage than BED
[2023-06-30 14:08:31,391] INFO JSON has greater coverage than BED
[2023-06-30 14:08:31,391] INFO JSON has greater coverage than BED
[2023-06-30 14:08:32,040] INFO Accessing file: ../sorted_batch247/TWAO-106444776-W23-5197-PB-lib1/TWAO-106444776-W23-5197-PB-lib1.report.json
[2023-06-30 14:08:32,040] INFO JSON has greater coverage than BED
[2023-06-30 14:08:32,041] INFO JSON has greater coverage than BED
[2023-06-30 14:08:32,041] INFO JSON has greater coverage than BED
[2023-06-30 14:08:32,041] INFO JSON has greater coverage than BED
[2023-06-30 14:08:32,041] INFO JSON has greater coverage than BED
[2023-06-30 14:08:32,041] INFO JSON has greater coverage than BED
[2023-06-30 14:08:32,041] INFO JSON has greater coverage than BED
[2023-06-30 14:08:32,041] INFO JSON has greater coverage than BED
[2023-06-30 14:08:32,716] INFO Accessing file: ../sorted_batch247/TWAO-202153377-W23-5261-BM-lib1/TWAO-202153377-W23-5261-BM-lib1.report.json
[2023-06-30 14:08:32,717] INFO JSON has greater coverage than BED
[2023-06-30 14:08:32,717] INFO BED has greater coverage than JSON
[2023-06-30 14:08:32,717] INFO BED has greater coverage than JSON
[2023-06-30 14:08:32,717] INFO JSON has greater coverage than BED
[2023-06-30 14:08:33,459] INFO Accessing file: ../sorted_batch247/TWAO-201682401-W23-5060-BM-lib1/TWAO-201682401-W23-5060-BM-lib1.report.json
[2023-06-30 14:08:33,459] INFO JSON has greater coverage than BED
[2023-06-30 14:08:33,459] INFO JSON has greater coverage than BED
[2023-06-30 14:08:34,319] INFO Accessing file: ../sorted_batch247/TWAO-202143635-W23-5271-BM-lib1/TWAO-202143635-W23-5271-BM-lib1.report.json
[2023-06-30 14:08:34,320] INFO JSON has greater coverage than BED
[2023-06-30 14:08:34,320] INFO BED has greater coverage than JSON
[2023-06-30 14:08:34,320] INFO BED has greater coverage than JSON
[2023-06-30 14:08:34,320] INFO JSON has greater coverage than BED
[2023-06-30 14:08:35,051] INFO Accessing file: ../sorted_batch247/TWAO-103144074-W23-5051-BM-lib1/TWAO-103144074-W23-5051-BM-lib1.report.json
[2023-06-30 14:08:35,051] INFO JSON has greater coverage than BED
[2023-06-30 14:08:35,051] INFO BED has greater coverage than JSON
[2023-06-30 14:08:35,051] INFO BED has greater coverage than JSON
[2023-06-30 14:08:35,052] INFO BED has greater coverage than JSON
[2023-06-30 14:08:35,052] INFO BED has greater coverage than JSON
[2023-06-30 14:08:35,052] INFO BED has greater coverage than JSON
[2023-06-30 14:08:35,052] INFO BED has greater coverage than JSON
[2023-06-30 14:08:35,052] INFO BED has greater coverage than JSON
[2023-06-30 14:08:35,052] INFO JSON has greater coverage than BED
[2023-06-30 14:08:35,052] INFO BED has greater coverage than JSON
[2023-06-30 14:08:35,052] INFO BED has greater coverage than JSON
[2023-06-30 14:08:35,052] INFO BED has greater coverage than JSON
[2023-06-30 14:08:35,052] INFO BED has greater coverage than JSON
[2023-06-30 14:08:35,840] INFO Accessing file: ../sorted_batch247/TWAO-103636692-W23-5198-BM-lib1/TWAO-103636692-W23-5198-BM-lib1.report.json
[2023-06-30 14:08:35,840] INFO JSON has greater coverage than BED
[2023-06-30 14:08:36,524] INFO Accessing file: ../sorted_batch247/TWAO-201791635-W23-5078-BM-lib1/TWAO-201791635-W23-5078-BM-lib1.report.json
[2023-06-30 14:08:36,524] INFO JSON has greater coverage than BED
[2023-06-30 14:08:37,314] INFO Accessing file: ../sorted_batch247/TWAO-105982473-W23-5162-BM-lib1/TWAO-105982473-W23-5162-BM-lib1.report.json
[2023-06-30 14:08:37,315] INFO JSON has greater coverage than BED
[2023-06-30 14:08:37,315] INFO JSON has greater coverage than BED
[2023-06-30 14:08:37,315] INFO JSON has greater coverage than BED
[2023-06-30 14:08:38,038] INFO Accessing file: ../sorted_batch247/TWAO-201796057-W23-5143-BM2-lib1/TWAO-201796057-W23-5143-BM2-lib1.report.json
[2023-06-30 14:08:38,038] INFO JSON has greater coverage than BED
[2023-06-30 14:08:38,038] INFO JSON has greater coverage than BED
[2023-06-30 14:08:38,039] INFO JSON has greater coverage than BED
[2023-06-30 14:08:38,039] INFO JSON has greater coverage than BED
[2023-06-30 14:08:38,039] INFO JSON has greater coverage than BED
[2023-06-30 14:08:38,039] INFO JSON has greater coverage than BED
[2023-06-30 14:08:38,039] INFO JSON has greater coverage than BED
[2023-06-30 14:08:38,775] INFO Accessing file: ../sorted_batch247/TWAO-103212136-W23-5185-BM-lib1/TWAO-103212136-W23-5185-BM-lib1.report.json
[2023-06-30 14:08:38,776] INFO JSON has greater coverage than BED
[2023-06-30 14:08:38,776] INFO JSON has greater coverage than BED
[2023-06-30 14:08:38,776] INFO JSON has greater coverage than BED
[2023-06-30 14:08:38,776] INFO JSON has greater coverage than BED
[2023-06-30 14:08:38,776] INFO JSON has greater coverage than BED
[2023-06-30 14:08:38,776] INFO JSON has greater coverage than BED
[2023-06-30 14:08:39,463] ERROR Tier 1-3 columns do not exist: ../sorted_batch247/TWAO-201878424-W23-5285-BM-lib1/TWAO-201878424-W23-5285-BM-lib1.report.json
[2023-06-30 14:08:40,205] INFO Accessing file: ../sorted_batch247/TWAO-202138202-W23-5245-BM-lib1/TWAO-202138202-W23-5245-BM-lib1.report.json
[2023-06-30 14:08:40,205] INFO JSON has greater coverage than BED
[2023-06-30 14:08:40,980] INFO Accessing file: ../sorted_batch247/TWAO-201516155-W23-5090-BM-lib1/TWAO-201516155-W23-5090-BM-lib1.report.json
[2023-06-30 14:08:40,980] INFO BED has greater coverage than JSON
[2023-06-30 14:08:40,980] INFO JSON has greater coverage than BED
[2023-06-30 14:08:40,980] INFO BED has greater coverage than JSON
[2023-06-30 14:08:40,980] INFO BED has greater coverage than JSON
[2023-06-30 14:08:40,980] INFO JSON has greater coverage than BED
[2023-06-30 14:08:40,980] INFO JSON has greater coverage than BED
[2023-06-30 14:08:40,980] INFO JSON has greater coverage than BED
[2023-06-30 14:08:40,980] INFO JSON has greater coverage than BED
[2023-06-30 14:08:41,661] INFO Accessing file: ../sorted_batch247/TWAO-103562837-W23-5141-BM2-lib1/TWAO-103562837-W23-5141-BM2-lib1.report.json
[2023-06-30 14:08:41,661] INFO BED has greater coverage than JSON
[2023-06-30 14:08:41,661] INFO JSON has greater coverage than BED
[2023-06-30 14:08:41,661] INFO JSON has greater coverage than BED
[2023-06-30 14:08:42,431] ERROR Tier 1-3 columns do not exist: ../sorted_batch247/TWAO-108152658-W23-5283-BM-lib1/TWAO-108152658-W23-5283-BM-lib1.report.json
[2023-06-30 14:08:43,070] INFO Accessing file: ../sorted_batch247/TWAO-105188778-W23-5079-BM-lib1/TWAO-105188778-W23-5079-BM-lib1.report.json
[2023-06-30 14:08:43,070] INFO JSON has greater coverage than BED
[2023-06-30 14:08:43,070] INFO JSON has greater coverage than BED
[2023-06-30 14:08:43,070] INFO JSON has greater coverage than BED
[2023-06-30 14:08:43,748] INFO Accessing file: ../sorted_batch247/TWAO-200249928-W23-5250-BM-lib1/TWAO-200249928-W23-5250-BM-lib1.report.json
[2023-06-30 14:08:43,749] INFO JSON has greater coverage than BED
[2023-06-30 14:08:43,749] INFO JSON has greater coverage than BED
[2023-06-30 14:08:44,462] INFO Accessing file: ../sorted_batch247/TWAO-107196322-W23-5284-BM-lib1/TWAO-107196322-W23-5284-BM-lib1.report.json
[2023-06-30 14:08:44,462] INFO JSON has greater coverage than BED
[2023-06-30 14:08:44,462] INFO JSON has greater coverage than BED
[2023-06-30 14:08:44,462] INFO JSON has greater coverage than BED
[2023-06-30 14:08:44,462] INFO JSON has greater coverage than BED
[2023-06-30 14:08:44,462] INFO JSON has greater coverage than BED
[2023-06-30 14:08:45,165] INFO Accessing file: ../sorted_batch247/TWAO-201938262-W23-5253-BM-lib1/TWAO-201938262-W23-5253-BM-lib1.report.json
[2023-06-30 14:08:45,165] INFO JSON has greater coverage than BED
[2023-06-30 14:08:45,576] INFO Accessing file: ../sorted_batch247/TWAO-106444776-W23-5056-BM-lib1/TWAO-106444776-W23-5056-BM-lib1.report.json
[2023-06-30 14:08:45,576] INFO JSON has greater coverage than BED
[2023-06-30 14:08:45,576] INFO JSON has greater coverage than BED
[2023-06-30 14:08:45,576] INFO JSON has greater coverage than BED
[2023-06-30 14:08:45,576] INFO JSON has greater coverage than BED
[2023-06-30 14:08:45,576] INFO JSON has greater coverage than BED
[2023-06-30 14:08:45,576] INFO JSON has greater coverage than BED
[2023-06-30 14:08:45,576] INFO JSON has greater coverage than BED
[2023-06-30 14:08:46,298] INFO Accessing file: ../sorted_batch247/TWAO-201280541-W23-5184-BM-lib1/TWAO-201280541-W23-5184-BM-lib1.report.json
[2023-06-30 14:08:46,299] INFO JSON has greater coverage than BED
[2023-06-30 14:08:46,299] INFO JSON has greater coverage than BED
[2023-06-30 14:08:46,299] INFO Coverage is equal
[2023-06-30 14:08:47,050] INFO Accessing file: ../sorted_batch247/TWAO-101484893-W23-5251-BM-lib1/TWAO-101484893-W23-5251-BM-lib1.report.json
[2023-06-30 14:08:47,050] INFO JSON has greater coverage than BED
[2023-06-30 14:08:47,050] INFO JSON has greater coverage than BED
[2023-06-30 14:08:47,051] INFO JSON has greater coverage than BED
[2023-06-30 14:08:47,051] INFO JSON has greater coverage than BED
[2023-06-30 14:08:47,051] INFO JSON has greater coverage than BED
[2023-06-30 14:08:47,742] INFO Accessing file: ../sorted_batch247/TWAO-202035007-W23-5244-BM-lib1/TWAO-202035007-W23-5244-BM-lib1.report.json
[2023-06-30 14:08:47,742] INFO JSON has greater coverage than BED
[2023-06-30 14:08:47,742] INFO JSON has greater coverage than BED
[2023-06-30 14:08:47,742] INFO JSON has greater coverage than BED
[2023-06-30 14:08:47,742] INFO JSON has greater coverage than BED
[2023-06-30 14:08:47,742] INFO JSON has greater coverage than BED
[2023-06-30 14:08:48,461] ERROR Tier 1-3 columns do not exist: ../sorted_batch247/TWAO-100406124-W23-5088-BM-lib1/TWAO-100406124-W23-5088-BM-lib1.report.json
[2023-06-30 14:08:49,203] ERROR Tier 1-3 columns do not exist: ../sorted_batch247/TWAO-108007890-W23-5011-BM3-lib1/TWAO-108007890-W23-5011-BM3-lib1.report.json
[2023-06-30 14:08:49,836] ERROR Tier 1-3 columns do not exist: ../sorted_batch247/TWAO-106352110-W23-5075-BM-lib1/TWAO-106352110-W23-5075-BM-lib1.report.json
[2023-06-30 14:08:50,621] INFO Accessing file: ../sorted_batch247/TWAO-201805813-W23-5093-BM-lib1/TWAO-201805813-W23-5093-BM-lib1.report.json
[2023-06-30 14:08:50,621] INFO JSON has greater coverage than BED
[2023-06-30 14:08:51,354] INFO Accessing file: ../sorted_batch247/TWAO-105574860-W23-5249-BM-lib1/TWAO-105574860-W23-5249-BM-lib1.report.json
[2023-06-30 14:08:51,355] INFO JSON has greater coverage than BED
[2023-06-30 14:08:51,355] INFO JSON has greater coverage than BED
[2023-06-30 14:08:51,356] INFO JSON has greater coverage than BED
[2023-06-30 14:08:51,356] INFO Total Comparisons: 134
[2023-06-30 14:08:51,356] INFO Cases where JSON coverage was greater: 100
[2023-06-30 14:08:51,356] INFO Cases where BED coverage was greater: 32
[2023-06-30 14:08:51,356] INFO Cases where coverage was equal: 2
