[2023-06-30 13:05:03,170] INFO Accessing file: ../sorted_batch247/TWAO-102552878-W23-5092-BM-lib1/TWAO-102552878-W23-5092-BM-lib1.report.json
[2023-06-30 13:05:03,170] INFO JSON has greater coverage than BED
[2023-06-30 13:05:03,170] INFO BED has greater coverage than JSON
[2023-06-30 13:05:03,170] INFO BED has greater coverage than JSON
[2023-06-30 13:05:03,170] INFO JSON has greater coverage than BED
[2023-06-30 13:05:03,170] INFO JSON has greater coverage than BED
[2023-06-30 13:05:03,824] INFO Accessing file: ../sorted_batch247/TWAO-201723434-W23-5114-BM-lib1/TWAO-201723434-W23-5114-BM-lib1.report.json
[2023-06-30 13:05:03,824] INFO BED has greater coverage than JSON
[2023-06-30 13:05:04,470] INFO Accessing file: ../sorted_batch247/TWAO-200054718-W23-5200-BM-lib1/TWAO-200054718-W23-5200-BM-lib1.report.json
[2023-06-30 13:05:04,471] INFO JSON has greater coverage than BED
[2023-06-30 13:05:05,118] INFO Accessing file: ../sorted_batch247/TWAO-MS-Positive-Control-W22-6944-BM-lib16/TWAO-MS-Positive-Control-W22-6944-BM-lib16.report.json
[2023-06-30 13:05:05,118] INFO JSON has greater coverage than BED
[2023-06-30 13:05:05,119] INFO Unknown comparison
[2023-06-30 13:05:05,119] INFO BED has greater coverage than JSON
[2023-06-30 13:05:05,119] INFO JSON has greater coverage than BED
[2023-06-30 13:05:05,119] INFO JSON has greater coverage than BED
[2023-06-30 13:05:05,119] INFO BED has greater coverage than JSON
[2023-06-30 13:05:05,119] INFO JSON has greater coverage than BED
[2023-06-30 13:05:05,839] INFO Accessing file: ../sorted_batch247/TWAO-105163199-W23-5089-BM-lib1/TWAO-105163199-W23-5089-BM-lib1.report.json
[2023-06-30 13:05:05,839] INFO JSON has greater coverage than BED
[2023-06-30 13:05:05,840] INFO BED has greater coverage than JSON
[2023-06-30 13:05:05,840] INFO JSON has greater coverage than BED
[2023-06-30 13:05:05,840] INFO BED has greater coverage than JSON
[2023-06-30 13:05:06,505] ERROR Tier 1-3 columns do not exist: ../sorted_batch247/TWAO-107016815-W23-5248-PB-lib1/TWAO-107016815-W23-5248-PB-lib1.report.json
[2023-06-30 13:05:07,153] INFO Accessing file: ../sorted_batch247/TWAO-104533120-W23-5281-BM-lib1/TWAO-104533120-W23-5281-BM-lib1.report.json
[2023-06-30 13:05:07,153] INFO JSON has greater coverage than BED
[2023-06-30 13:05:07,153] INFO JSON has greater coverage than BED
[2023-06-30 13:05:07,153] INFO JSON has greater coverage than BED
[2023-06-30 13:05:07,153] INFO JSON has greater coverage than BED
[2023-06-30 13:05:07,803] INFO Accessing file: ../sorted_batch247/TWAO-108032713-W23-5115-BM2-lib1/TWAO-108032713-W23-5115-BM2-lib1.report.json
[2023-06-30 13:05:07,803] INFO JSON has greater coverage than BED
[2023-06-30 13:05:07,803] INFO BED has greater coverage than JSON
[2023-06-30 13:05:07,803] INFO JSON has greater coverage than BED
[2023-06-30 13:05:07,803] INFO BED has greater coverage than JSON
[2023-06-30 13:05:07,803] INFO BED has greater coverage than JSON
[2023-06-30 13:05:07,803] INFO JSON has greater coverage than BED
[2023-06-30 13:05:07,803] INFO BED has greater coverage than JSON
[2023-06-30 13:05:07,803] INFO BED has greater coverage than JSON
[2023-06-30 13:05:07,803] INFO BED has greater coverage than JSON
[2023-06-30 13:05:08,422] ERROR Tier 1-3 columns do not exist: ../sorted_batch247/TWAO-202154026-W23-5242-BM-lib1/TWAO-202154026-W23-5242-BM-lib1.report.json
[2023-06-30 13:05:09,065] INFO Accessing file: ../sorted_batch247/TWAO-108783743-W23-5282-BM-lib1/TWAO-108783743-W23-5282-BM-lib1.report.json
[2023-06-30 13:05:09,065] INFO JSON has greater coverage than BED
[2023-06-30 13:05:09,065] INFO JSON has greater coverage than BED
[2023-06-30 13:05:09,065] INFO JSON has greater coverage than BED
[2023-06-30 13:05:09,065] INFO JSON has greater coverage than BED
[2023-06-30 13:05:09,065] INFO JSON has greater coverage than BED
[2023-06-30 13:05:09,065] INFO JSON has greater coverage than BED
[2023-06-30 13:05:09,065] INFO JSON has greater coverage than BED
[2023-06-30 13:05:09,708] INFO Accessing file: ../sorted_batch247/TWAO-106444776-W23-5197-PB-lib1/TWAO-106444776-W23-5197-PB-lib1.report.json
[2023-06-30 13:05:09,709] INFO JSON has greater coverage than BED
[2023-06-30 13:05:09,709] INFO JSON has greater coverage than BED
[2023-06-30 13:05:09,709] INFO JSON has greater coverage than BED
[2023-06-30 13:05:09,710] INFO JSON has greater coverage than BED
[2023-06-30 13:05:09,710] INFO JSON has greater coverage than BED
[2023-06-30 13:05:09,710] INFO JSON has greater coverage than BED
[2023-06-30 13:05:09,710] INFO JSON has greater coverage than BED
[2023-06-30 13:05:09,710] INFO JSON has greater coverage than BED
[2023-06-30 13:05:10,350] INFO Accessing file: ../sorted_batch247/TWAO-202153377-W23-5261-BM-lib1/TWAO-202153377-W23-5261-BM-lib1.report.json
[2023-06-30 13:05:10,350] INFO JSON has greater coverage than BED
[2023-06-30 13:05:10,350] INFO BED has greater coverage than JSON
[2023-06-30 13:05:10,350] INFO BED has greater coverage than JSON
[2023-06-30 13:05:10,350] INFO JSON has greater coverage than BED
[2023-06-30 13:05:11,082] INFO Accessing file: ../sorted_batch247/TWAO-201682401-W23-5060-BM-lib1/TWAO-201682401-W23-5060-BM-lib1.report.json
[2023-06-30 13:05:11,083] INFO JSON has greater coverage than BED
[2023-06-30 13:05:11,083] INFO JSON has greater coverage than BED
[2023-06-30 13:05:11,848] INFO Accessing file: ../sorted_batch247/TWAO-202143635-W23-5271-BM-lib1/TWAO-202143635-W23-5271-BM-lib1.report.json
[2023-06-30 13:05:11,849] INFO JSON has greater coverage than BED
[2023-06-30 13:05:11,849] INFO BED has greater coverage than JSON
[2023-06-30 13:05:11,849] INFO BED has greater coverage than JSON
[2023-06-30 13:05:11,849] INFO JSON has greater coverage than BED
[2023-06-30 13:05:12,552] INFO Accessing file: ../sorted_batch247/TWAO-103144074-W23-5051-BM-lib1/TWAO-103144074-W23-5051-BM-lib1.report.json
[2023-06-30 13:05:12,552] INFO JSON has greater coverage than BED
[2023-06-30 13:05:12,552] INFO BED has greater coverage than JSON
[2023-06-30 13:05:12,552] INFO BED has greater coverage than JSON
[2023-06-30 13:05:12,552] INFO BED has greater coverage than JSON
[2023-06-30 13:05:12,552] INFO BED has greater coverage than JSON
[2023-06-30 13:05:12,552] INFO BED has greater coverage than JSON
[2023-06-30 13:05:12,552] INFO BED has greater coverage than JSON
[2023-06-30 13:05:12,552] INFO BED has greater coverage than JSON
[2023-06-30 13:05:12,552] INFO JSON has greater coverage than BED
[2023-06-30 13:05:12,552] INFO BED has greater coverage than JSON
[2023-06-30 13:05:12,552] INFO BED has greater coverage than JSON
[2023-06-30 13:05:12,552] INFO BED has greater coverage than JSON
[2023-06-30 13:05:12,552] INFO BED has greater coverage than JSON
[2023-06-30 13:05:13,233] INFO Accessing file: ../sorted_batch247/TWAO-103636692-W23-5198-BM-lib1/TWAO-103636692-W23-5198-BM-lib1.report.json
[2023-06-30 13:05:13,233] INFO JSON has greater coverage than BED
[2023-06-30 13:05:13,960] INFO Accessing file: ../sorted_batch247/TWAO-201791635-W23-5078-BM-lib1/TWAO-201791635-W23-5078-BM-lib1.report.json
[2023-06-30 13:05:13,960] INFO JSON has greater coverage than BED
[2023-06-30 13:05:14,779] INFO Accessing file: ../sorted_batch247/TWAO-105982473-W23-5162-BM-lib1/TWAO-105982473-W23-5162-BM-lib1.report.json
[2023-06-30 13:05:14,780] INFO JSON has greater coverage than BED
[2023-06-30 13:05:14,780] INFO JSON has greater coverage than BED
[2023-06-30 13:05:14,780] INFO JSON has greater coverage than BED
[2023-06-30 13:05:15,465] INFO Accessing file: ../sorted_batch247/TWAO-201796057-W23-5143-BM2-lib1/TWAO-201796057-W23-5143-BM2-lib1.report.json
[2023-06-30 13:05:15,466] INFO JSON has greater coverage than BED
[2023-06-30 13:05:15,466] INFO JSON has greater coverage than BED
[2023-06-30 13:05:15,466] INFO JSON has greater coverage than BED
[2023-06-30 13:05:15,466] INFO JSON has greater coverage than BED
[2023-06-30 13:05:15,466] INFO JSON has greater coverage than BED
[2023-06-30 13:05:15,466] INFO JSON has greater coverage than BED
[2023-06-30 13:05:15,466] INFO JSON has greater coverage than BED
[2023-06-30 13:05:16,196] INFO Accessing file: ../sorted_batch247/TWAO-103212136-W23-5185-BM-lib1/TWAO-103212136-W23-5185-BM-lib1.report.json
[2023-06-30 13:05:16,196] INFO JSON has greater coverage than BED
[2023-06-30 13:05:16,196] INFO JSON has greater coverage than BED
[2023-06-30 13:05:16,196] INFO JSON has greater coverage than BED
[2023-06-30 13:05:16,196] INFO JSON has greater coverage than BED
[2023-06-30 13:05:16,196] INFO JSON has greater coverage than BED
[2023-06-30 13:05:16,196] INFO JSON has greater coverage than BED
[2023-06-30 13:05:16,902] ERROR Tier 1-3 columns do not exist: ../sorted_batch247/TWAO-201878424-W23-5285-BM-lib1/TWAO-201878424-W23-5285-BM-lib1.report.json
[2023-06-30 13:05:17,611] INFO Accessing file: ../sorted_batch247/TWAO-202138202-W23-5245-BM-lib1/TWAO-202138202-W23-5245-BM-lib1.report.json
[2023-06-30 13:05:17,612] INFO JSON has greater coverage than BED
[2023-06-30 13:05:18,405] INFO Accessing file: ../sorted_batch247/TWAO-201516155-W23-5090-BM-lib1/TWAO-201516155-W23-5090-BM-lib1.report.json
[2023-06-30 13:05:18,405] INFO BED has greater coverage than JSON
[2023-06-30 13:05:18,405] INFO JSON has greater coverage than BED
[2023-06-30 13:05:18,405] INFO BED has greater coverage than JSON
[2023-06-30 13:05:18,405] INFO BED has greater coverage than JSON
[2023-06-30 13:05:18,405] INFO JSON has greater coverage than BED
[2023-06-30 13:05:18,405] INFO JSON has greater coverage than BED
[2023-06-30 13:05:18,406] INFO JSON has greater coverage than BED
[2023-06-30 13:05:18,406] INFO JSON has greater coverage than BED
[2023-06-30 13:05:19,057] INFO Accessing file: ../sorted_batch247/TWAO-103562837-W23-5141-BM2-lib1/TWAO-103562837-W23-5141-BM2-lib1.report.json
[2023-06-30 13:05:19,057] INFO BED has greater coverage than JSON
[2023-06-30 13:05:19,057] INFO JSON has greater coverage than BED
[2023-06-30 13:05:19,057] INFO JSON has greater coverage than BED
[2023-06-30 13:05:19,765] ERROR Tier 1-3 columns do not exist: ../sorted_batch247/TWAO-108152658-W23-5283-BM-lib1/TWAO-108152658-W23-5283-BM-lib1.report.json
[2023-06-30 13:05:20,394] INFO Accessing file: ../sorted_batch247/TWAO-105188778-W23-5079-BM-lib1/TWAO-105188778-W23-5079-BM-lib1.report.json
[2023-06-30 13:05:20,395] INFO JSON has greater coverage than BED
[2023-06-30 13:05:20,395] INFO JSON has greater coverage than BED
[2023-06-30 13:05:20,395] INFO JSON has greater coverage than BED
[2023-06-30 13:05:21,048] INFO Accessing file: ../sorted_batch247/TWAO-200249928-W23-5250-BM-lib1/TWAO-200249928-W23-5250-BM-lib1.report.json
[2023-06-30 13:05:21,048] INFO JSON has greater coverage than BED
[2023-06-30 13:05:21,048] INFO JSON has greater coverage than BED
[2023-06-30 13:05:21,713] INFO Accessing file: ../sorted_batch247/TWAO-107196322-W23-5284-BM-lib1/TWAO-107196322-W23-5284-BM-lib1.report.json
[2023-06-30 13:05:21,713] INFO JSON has greater coverage than BED
[2023-06-30 13:05:21,713] INFO JSON has greater coverage than BED
[2023-06-30 13:05:21,714] INFO JSON has greater coverage than BED
[2023-06-30 13:05:21,714] INFO JSON has greater coverage than BED
[2023-06-30 13:05:21,714] INFO JSON has greater coverage than BED
[2023-06-30 13:05:22,379] INFO Accessing file: ../sorted_batch247/TWAO-201938262-W23-5253-BM-lib1/TWAO-201938262-W23-5253-BM-lib1.report.json
[2023-06-30 13:05:22,379] INFO JSON has greater coverage than BED
[2023-06-30 13:05:22,751] INFO Accessing file: ../sorted_batch247/TWAO-106444776-W23-5056-BM-lib1/TWAO-106444776-W23-5056-BM-lib1.report.json
[2023-06-30 13:05:22,751] INFO JSON has greater coverage than BED
[2023-06-30 13:05:22,751] INFO JSON has greater coverage than BED
[2023-06-30 13:05:22,751] INFO JSON has greater coverage than BED
[2023-06-30 13:05:22,751] INFO JSON has greater coverage than BED
[2023-06-30 13:05:22,751] INFO JSON has greater coverage than BED
[2023-06-30 13:05:22,752] INFO JSON has greater coverage than BED
[2023-06-30 13:05:22,752] INFO JSON has greater coverage than BED
[2023-06-30 13:05:23,433] INFO Accessing file: ../sorted_batch247/TWAO-201280541-W23-5184-BM-lib1/TWAO-201280541-W23-5184-BM-lib1.report.json
[2023-06-30 13:05:23,433] INFO JSON has greater coverage than BED
[2023-06-30 13:05:23,433] INFO JSON has greater coverage than BED
[2023-06-30 13:05:23,433] INFO Unknown comparison
[2023-06-30 13:05:24,148] INFO Accessing file: ../sorted_batch247/TWAO-101484893-W23-5251-BM-lib1/TWAO-101484893-W23-5251-BM-lib1.report.json
[2023-06-30 13:05:24,148] INFO JSON has greater coverage than BED
[2023-06-30 13:05:24,148] INFO JSON has greater coverage than BED
[2023-06-30 13:05:24,148] INFO JSON has greater coverage than BED
[2023-06-30 13:05:24,148] INFO JSON has greater coverage than BED
[2023-06-30 13:05:24,148] INFO JSON has greater coverage than BED
[2023-06-30 13:05:24,878] INFO Accessing file: ../sorted_batch247/TWAO-202035007-W23-5244-BM-lib1/TWAO-202035007-W23-5244-BM-lib1.report.json
[2023-06-30 13:05:24,879] INFO JSON has greater coverage than BED
[2023-06-30 13:05:24,879] INFO JSON has greater coverage than BED
[2023-06-30 13:05:24,879] INFO JSON has greater coverage than BED
[2023-06-30 13:05:24,879] INFO JSON has greater coverage than BED
[2023-06-30 13:05:24,879] INFO JSON has greater coverage than BED
[2023-06-30 13:05:25,597] ERROR Tier 1-3 columns do not exist: ../sorted_batch247/TWAO-100406124-W23-5088-BM-lib1/TWAO-100406124-W23-5088-BM-lib1.report.json
[2023-06-30 13:05:26,312] ERROR Tier 1-3 columns do not exist: ../sorted_batch247/TWAO-108007890-W23-5011-BM3-lib1/TWAO-108007890-W23-5011-BM3-lib1.report.json
[2023-06-30 13:05:26,904] ERROR Tier 1-3 columns do not exist: ../sorted_batch247/TWAO-106352110-W23-5075-BM-lib1/TWAO-106352110-W23-5075-BM-lib1.report.json
[2023-06-30 13:05:27,549] INFO Accessing file: ../sorted_batch247/TWAO-201805813-W23-5093-BM-lib1/TWAO-201805813-W23-5093-BM-lib1.report.json
[2023-06-30 13:05:27,550] INFO JSON has greater coverage than BED
[2023-06-30 13:05:28,164] INFO Accessing file: ../sorted_batch247/TWAO-105574860-W23-5249-BM-lib1/TWAO-105574860-W23-5249-BM-lib1.report.json
[2023-06-30 13:05:28,164] INFO JSON has greater coverage than BED
[2023-06-30 13:05:28,164] INFO JSON has greater coverage than BED
[2023-06-30 13:05:28,164] INFO JSON has greater coverage than BED
[2023-06-30 13:05:28,164] INFO Total Comparisons: 134
[2023-06-30 13:05:28,164] INFO Cases where JSON coverage was greater: 100
[2023-06-30 13:05:28,164] INFO Cases where BED coverage was greater: 32
