[2023-06-30 14:44:41,193] INFO Accessing file: ../sorted_batch247/TWAO-102552878-W23-5092-BM-lib1/TWAO-102552878-W23-5092-BM-lib1.report.json
[2023-06-30 14:44:41,193] INFO BED has greater coverage than JSON
[2023-06-30 14:44:41,193] INFO JSON has greater coverage than BED
[2023-06-30 14:44:41,193] INFO BED has greater coverage than JSON
[2023-06-30 14:44:41,193] INFO BED has greater coverage than JSON
[2023-06-30 14:44:41,193] INFO BED has greater coverage than JSON
[2023-06-30 14:44:41,900] INFO Accessing file: ../sorted_batch247/TWAO-201723434-W23-5114-BM-lib1/TWAO-201723434-W23-5114-BM-lib1.report.json
[2023-06-30 14:44:41,901] INFO BED has greater coverage than JSON
[2023-06-30 14:44:42,610] INFO Accessing file: ../sorted_batch247/TWAO-200054718-W23-5200-BM-lib1/TWAO-200054718-W23-5200-BM-lib1.report.json
[2023-06-30 14:44:42,610] INFO BED has greater coverage than JSON
[2023-06-30 14:44:43,290] INFO Accessing file: ../sorted_batch247/TWAO-MS-Positive-Control-W22-6944-BM-lib16/TWAO-MS-Positive-Control-W22-6944-BM-lib16.report.json
[2023-06-30 14:44:43,290] INFO Coverage is equal
[2023-06-30 14:44:43,290] INFO Coverage is equal
[2023-06-30 14:44:43,290] INFO BED has greater coverage than JSON
[2023-06-30 14:44:43,290] INFO BED has greater coverage than JSON
[2023-06-30 14:44:43,291] INFO Coverage is equal
[2023-06-30 14:44:43,291] INFO JSON has greater coverage than BED
[2023-06-30 14:44:43,291] INFO JSON has greater coverage than BED
[2023-06-30 14:44:43,997] INFO Accessing file: ../sorted_batch247/TWAO-105163199-W23-5089-BM-lib1/TWAO-105163199-W23-5089-BM-lib1.report.json
[2023-06-30 14:44:43,997] INFO BED has greater coverage than JSON
[2023-06-30 14:44:43,997] INFO BED has greater coverage than JSON
[2023-06-30 14:44:43,997] INFO JSON has greater coverage than BED
[2023-06-30 14:44:43,997] INFO Coverage is equal
[2023-06-30 14:44:44,736] ERROR Tier 1-3 columns do not exist: ../sorted_batch247/TWAO-107016815-W23-5248-PB-lib1/TWAO-107016815-W23-5248-PB-lib1.report.json
[2023-06-30 14:44:45,384] INFO Accessing file: ../sorted_batch247/TWAO-104533120-W23-5281-BM-lib1/TWAO-104533120-W23-5281-BM-lib1.report.json
[2023-06-30 14:44:45,385] INFO Coverage is equal
[2023-06-30 14:44:45,385] INFO Coverage is equal
[2023-06-30 14:44:45,385] INFO JSON has greater coverage than BED
[2023-06-30 14:44:45,385] INFO JSON has greater coverage than BED
[2023-06-30 14:44:46,177] INFO Accessing file: ../sorted_batch247/TWAO-108032713-W23-5115-BM2-lib1/TWAO-108032713-W23-5115-BM2-lib1.report.json
[2023-06-30 14:44:46,177] INFO BED has greater coverage than JSON
[2023-06-30 14:44:46,178] INFO Coverage is equal
[2023-06-30 14:44:46,178] INFO JSON has greater coverage than BED
[2023-06-30 14:44:46,178] INFO JSON has greater coverage than BED
[2023-06-30 14:44:46,178] INFO JSON has greater coverage than BED
[2023-06-30 14:44:46,178] INFO JSON has greater coverage than BED
[2023-06-30 14:44:46,178] INFO JSON has greater coverage than BED
[2023-06-30 14:44:46,178] INFO JSON has greater coverage than BED
[2023-06-30 14:44:46,178] INFO JSON has greater coverage than BED
[2023-06-30 14:44:46,845] ERROR Tier 1-3 columns do not exist: ../sorted_batch247/TWAO-202154026-W23-5242-BM-lib1/TWAO-202154026-W23-5242-BM-lib1.report.json
[2023-06-30 14:44:47,546] INFO Accessing file: ../sorted_batch247/TWAO-108783743-W23-5282-BM-lib1/TWAO-108783743-W23-5282-BM-lib1.report.json
[2023-06-30 14:44:47,546] INFO Coverage is equal
[2023-06-30 14:44:47,546] INFO Coverage is equal
[2023-06-30 14:44:47,546] INFO JSON has greater coverage than BED
[2023-06-30 14:44:47,547] INFO BED has greater coverage than JSON
[2023-06-30 14:44:47,547] INFO BED has greater coverage than JSON
[2023-06-30 14:44:47,547] INFO BED has greater coverage than JSON
[2023-06-30 14:44:47,547] INFO BED has greater coverage than JSON
[2023-06-30 14:44:48,145] INFO Accessing file: ../sorted_batch247/TWAO-106444776-W23-5197-PB-lib1/TWAO-106444776-W23-5197-PB-lib1.report.json
[2023-06-30 14:44:48,146] INFO BED has greater coverage than JSON
[2023-06-30 14:44:48,146] INFO JSON has greater coverage than BED
[2023-06-30 14:44:48,146] INFO Coverage is equal
[2023-06-30 14:44:48,146] INFO Coverage is equal
[2023-06-30 14:44:48,146] INFO Coverage is equal
[2023-06-30 14:44:48,146] INFO Coverage is equal
[2023-06-30 14:44:48,146] INFO JSON has greater coverage than BED
[2023-06-30 14:44:48,146] INFO Coverage is equal
[2023-06-30 14:44:48,770] INFO Accessing file: ../sorted_batch247/TWAO-202153377-W23-5261-BM-lib1/TWAO-202153377-W23-5261-BM-lib1.report.json
[2023-06-30 14:44:48,770] INFO JSON has greater coverage than BED
[2023-06-30 14:44:48,770] INFO JSON has greater coverage than BED
[2023-06-30 14:44:48,770] INFO BED has greater coverage than JSON
[2023-06-30 14:44:48,770] INFO JSON has greater coverage than BED
[2023-06-30 14:44:49,461] INFO Accessing file: ../sorted_batch247/TWAO-201682401-W23-5060-BM-lib1/TWAO-201682401-W23-5060-BM-lib1.report.json
[2023-06-30 14:44:49,461] INFO BED has greater coverage than JSON
[2023-06-30 14:44:49,461] INFO BED has greater coverage than JSON
[2023-06-30 14:44:50,219] INFO Accessing file: ../sorted_batch247/TWAO-202143635-W23-5271-BM-lib1/TWAO-202143635-W23-5271-BM-lib1.report.json
[2023-06-30 14:44:50,219] INFO Coverage is equal
[2023-06-30 14:44:50,220] INFO BED has greater coverage than JSON
[2023-06-30 14:44:50,220] INFO BED has greater coverage than JSON
[2023-06-30 14:44:50,220] INFO BED has greater coverage than JSON
[2023-06-30 14:44:50,908] INFO Accessing file: ../sorted_batch247/TWAO-103144074-W23-5051-BM-lib1/TWAO-103144074-W23-5051-BM-lib1.report.json
[2023-06-30 14:44:50,908] INFO BED has greater coverage than JSON
[2023-06-30 14:44:50,908] INFO JSON has greater coverage than BED
[2023-06-30 14:44:50,908] INFO JSON has greater coverage than BED
[2023-06-30 14:44:50,908] INFO JSON has greater coverage than BED
[2023-06-30 14:44:50,908] INFO JSON has greater coverage than BED
[2023-06-30 14:44:50,908] INFO JSON has greater coverage than BED
[2023-06-30 14:44:50,908] INFO JSON has greater coverage than BED
[2023-06-30 14:44:50,909] INFO JSON has greater coverage than BED
[2023-06-30 14:44:50,909] INFO JSON has greater coverage than BED
[2023-06-30 14:44:50,909] INFO JSON has greater coverage than BED
[2023-06-30 14:44:50,909] INFO JSON has greater coverage than BED
[2023-06-30 14:44:50,909] INFO JSON has greater coverage than BED
[2023-06-30 14:44:50,909] INFO JSON has greater coverage than BED
[2023-06-30 14:44:51,631] INFO Accessing file: ../sorted_batch247/TWAO-103636692-W23-5198-BM-lib1/TWAO-103636692-W23-5198-BM-lib1.report.json
[2023-06-30 14:44:51,632] INFO BED has greater coverage than JSON
[2023-06-30 14:44:52,318] INFO Accessing file: ../sorted_batch247/TWAO-201791635-W23-5078-BM-lib1/TWAO-201791635-W23-5078-BM-lib1.report.json
[2023-06-30 14:44:52,318] INFO Coverage is equal
[2023-06-30 14:44:53,065] INFO Accessing file: ../sorted_batch247/TWAO-105982473-W23-5162-BM-lib1/TWAO-105982473-W23-5162-BM-lib1.report.json
[2023-06-30 14:44:53,066] INFO Coverage is equal
[2023-06-30 14:44:53,066] INFO Coverage is equal
[2023-06-30 14:44:53,066] INFO BED has greater coverage than JSON
[2023-06-30 14:44:53,741] INFO Accessing file: ../sorted_batch247/TWAO-201796057-W23-5143-BM2-lib1/TWAO-201796057-W23-5143-BM2-lib1.report.json
[2023-06-30 14:44:53,741] INFO Coverage is equal
[2023-06-30 14:44:53,741] INFO Coverage is equal
[2023-06-30 14:44:53,741] INFO BED has greater coverage than JSON
[2023-06-30 14:44:53,741] INFO JSON has greater coverage than BED
[2023-06-30 14:44:53,741] INFO BED has greater coverage than JSON
[2023-06-30 14:44:53,741] INFO BED has greater coverage than JSON
[2023-06-30 14:44:53,742] INFO Coverage is equal
[2023-06-30 14:44:54,460] INFO Accessing file: ../sorted_batch247/TWAO-103212136-W23-5185-BM-lib1/TWAO-103212136-W23-5185-BM-lib1.report.json
[2023-06-30 14:44:54,460] INFO JSON has greater coverage than BED
[2023-06-30 14:44:54,460] INFO BED has greater coverage than JSON
[2023-06-30 14:44:54,460] INFO JSON has greater coverage than BED
[2023-06-30 14:44:54,460] INFO BED has greater coverage than JSON
[2023-06-30 14:44:54,460] INFO BED has greater coverage than JSON
[2023-06-30 14:44:54,460] INFO BED has greater coverage than JSON
[2023-06-30 14:44:55,113] ERROR Tier 1-3 columns do not exist: ../sorted_batch247/TWAO-201878424-W23-5285-BM-lib1/TWAO-201878424-W23-5285-BM-lib1.report.json
[2023-06-30 14:44:55,893] INFO Accessing file: ../sorted_batch247/TWAO-202138202-W23-5245-BM-lib1/TWAO-202138202-W23-5245-BM-lib1.report.json
[2023-06-30 14:44:55,893] INFO Coverage is equal
[2023-06-30 14:44:56,735] INFO Accessing file: ../sorted_batch247/TWAO-201516155-W23-5090-BM-lib1/TWAO-201516155-W23-5090-BM-lib1.report.json
[2023-06-30 14:44:56,736] INFO JSON has greater coverage than BED
[2023-06-30 14:44:56,736] INFO JSON has greater coverage than BED
[2023-06-30 14:44:56,736] INFO JSON has greater coverage than BED
[2023-06-30 14:44:56,736] INFO JSON has greater coverage than BED
[2023-06-30 14:44:56,736] INFO BED has greater coverage than JSON
[2023-06-30 14:44:56,736] INFO BED has greater coverage than JSON
[2023-06-30 14:44:56,736] INFO BED has greater coverage than JSON
[2023-06-30 14:44:56,736] INFO JSON has greater coverage than BED
[2023-06-30 14:44:57,414] INFO Accessing file: ../sorted_batch247/TWAO-103562837-W23-5141-BM2-lib1/TWAO-103562837-W23-5141-BM2-lib1.report.json
[2023-06-30 14:44:57,414] INFO BED has greater coverage than JSON
[2023-06-30 14:44:57,414] INFO BED has greater coverage than JSON
[2023-06-30 14:44:57,414] INFO BED has greater coverage than JSON
[2023-06-30 14:44:58,128] ERROR Tier 1-3 columns do not exist: ../sorted_batch247/TWAO-108152658-W23-5283-BM-lib1/TWAO-108152658-W23-5283-BM-lib1.report.json
[2023-06-30 14:44:58,784] INFO Accessing file: ../sorted_batch247/TWAO-105188778-W23-5079-BM-lib1/TWAO-105188778-W23-5079-BM-lib1.report.json
[2023-06-30 14:44:58,784] INFO BED has greater coverage than JSON
[2023-06-30 14:44:58,784] INFO Coverage is equal
[2023-06-30 14:44:58,784] INFO Coverage is equal
[2023-06-30 14:44:59,452] INFO Accessing file: ../sorted_batch247/TWAO-200249928-W23-5250-BM-lib1/TWAO-200249928-W23-5250-BM-lib1.report.json
[2023-06-30 14:44:59,452] INFO BED has greater coverage than JSON
[2023-06-30 14:44:59,452] INFO BED has greater coverage than JSON
[2023-06-30 14:45:00,145] INFO Accessing file: ../sorted_batch247/TWAO-107196322-W23-5284-BM-lib1/TWAO-107196322-W23-5284-BM-lib1.report.json
[2023-06-30 14:45:00,145] INFO BED has greater coverage than JSON
[2023-06-30 14:45:00,145] INFO JSON has greater coverage than BED
[2023-06-30 14:45:00,145] INFO BED has greater coverage than JSON
[2023-06-30 14:45:00,145] INFO Coverage is equal
[2023-06-30 14:45:00,145] INFO Coverage is equal
[2023-06-30 14:45:00,856] INFO Accessing file: ../sorted_batch247/TWAO-201938262-W23-5253-BM-lib1/TWAO-201938262-W23-5253-BM-lib1.report.json
[2023-06-30 14:45:00,857] INFO BED has greater coverage than JSON
[2023-06-30 14:45:01,248] INFO Accessing file: ../sorted_batch247/TWAO-106444776-W23-5056-BM-lib1/TWAO-106444776-W23-5056-BM-lib1.report.json
[2023-06-30 14:45:01,249] INFO Coverage is equal
[2023-06-30 14:45:01,255] INFO JSON has greater coverage than BED
[2023-06-30 14:45:01,255] INFO BED has greater coverage than JSON
[2023-06-30 14:45:01,255] INFO BED has greater coverage than JSON
[2023-06-30 14:45:01,255] INFO Coverage is equal
[2023-06-30 14:45:01,255] INFO JSON has greater coverage than BED
[2023-06-30 14:45:01,256] INFO Coverage is equal
[2023-06-30 14:45:01,976] INFO Accessing file: ../sorted_batch247/TWAO-201280541-W23-5184-BM-lib1/TWAO-201280541-W23-5184-BM-lib1.report.json
[2023-06-30 14:45:01,976] INFO BED has greater coverage than JSON
[2023-06-30 14:45:01,976] INFO BED has greater coverage than JSON
[2023-06-30 14:45:01,976] INFO Coverage is equal
[2023-06-30 14:45:02,735] INFO Accessing file: ../sorted_batch247/TWAO-101484893-W23-5251-BM-lib1/TWAO-101484893-W23-5251-BM-lib1.report.json
[2023-06-30 14:45:02,735] INFO BED has greater coverage than JSON
[2023-06-30 14:45:02,735] INFO BED has greater coverage than JSON
[2023-06-30 14:45:02,735] INFO Coverage is equal
[2023-06-30 14:45:02,735] INFO BED has greater coverage than JSON
[2023-06-30 14:45:02,735] INFO JSON has greater coverage than BED
[2023-06-30 14:45:03,414] INFO Accessing file: ../sorted_batch247/TWAO-202035007-W23-5244-BM-lib1/TWAO-202035007-W23-5244-BM-lib1.report.json
[2023-06-30 14:45:03,415] INFO BED has greater coverage than JSON
[2023-06-30 14:45:03,415] INFO BED has greater coverage than JSON
[2023-06-30 14:45:03,415] INFO Coverage is equal
[2023-06-30 14:45:03,415] INFO JSON has greater coverage than BED
[2023-06-30 14:45:03,415] INFO BED has greater coverage than JSON
[2023-06-30 14:45:04,063] ERROR Tier 1-3 columns do not exist: ../sorted_batch247/TWAO-100406124-W23-5088-BM-lib1/TWAO-100406124-W23-5088-BM-lib1.report.json
[2023-06-30 14:45:04,768] ERROR Tier 1-3 columns do not exist: ../sorted_batch247/TWAO-108007890-W23-5011-BM3-lib1/TWAO-108007890-W23-5011-BM3-lib1.report.json
[2023-06-30 14:45:05,349] ERROR Tier 1-3 columns do not exist: ../sorted_batch247/TWAO-106352110-W23-5075-BM-lib1/TWAO-106352110-W23-5075-BM-lib1.report.json
[2023-06-30 14:45:06,009] INFO Accessing file: ../sorted_batch247/TWAO-201805813-W23-5093-BM-lib1/TWAO-201805813-W23-5093-BM-lib1.report.json
[2023-06-30 14:45:06,009] INFO BED has greater coverage than JSON
[2023-06-30 14:45:06,637] INFO Accessing file: ../sorted_batch247/TWAO-105574860-W23-5249-BM-lib1/TWAO-105574860-W23-5249-BM-lib1.report.json
[2023-06-30 14:45:06,637] INFO BED has greater coverage than JSON
[2023-06-30 14:45:06,637] INFO Coverage is equal
[2023-06-30 14:45:06,637] INFO BED has greater coverage than JSON
[2023-06-30 14:45:06,637] INFO Total Comparisons: 134
[2023-06-30 14:45:06,637] INFO Cases where JSON coverage was greater: 44
[2023-06-30 14:45:06,637] INFO Cases where BED coverage was greater: 57
[2023-06-30 14:45:06,637] INFO Cases where coverage was equal: 33
