[2023-06-27 12:46:57,286] INFO Creating main directory: ../sorted_batch247
[2023-06-27 12:46:57,286] INFO Reading in: TWAO-100406124-W23-5088-BM-lib1.qc-coverage-region-1_full_res.bed
[2023-06-27 12:46:57,286] INFO Creating subdirectory: ../sorted_batch247/TWAO-100406124-W23-5088-BM-lib1
[2023-06-27 12:46:57,286] INFO Copying TWAO-100406124-W23-5088-BM-lib1.qc-coverage-region-1_full_res.bed to ../sorted_batch247/TWAO-100406124-W23-5088-BM-lib1
[2023-06-27 12:46:57,287] INFO Reading in: TWAO-100406124-W23-5088-BM-lib1.report.json
[2023-06-27 12:46:57,287] INFO Already exists: ../sorted_batch247/TWAO-100406124-W23-5088-BM-lib1
[2023-06-27 12:46:57,287] INFO Copying TWAO-100406124-W23-5088-BM-lib1.report.json to ../sorted_batch247/TWAO-100406124-W23-5088-BM-lib1
[2023-06-27 12:46:57,287] INFO Reading in: TWAO-101484893-W23-5251-BM-lib1.qc-coverage-region-1_full_res.bed
[2023-06-27 12:46:57,287] INFO Creating subdirectory: ../sorted_batch247/TWAO-101484893-W23-5251-BM-lib1
[2023-06-27 12:46:57,287] INFO Copying TWAO-101484893-W23-5251-BM-lib1.qc-coverage-region-1_full_res.bed to ../sorted_batch247/TWAO-101484893-W23-5251-BM-lib1
[2023-06-27 12:46:57,287] INFO Reading in: TWAO-101484893-W23-5251-BM-lib1.report.json
[2023-06-27 12:46:57,287] INFO Already exists: ../sorted_batch247/TWAO-101484893-W23-5251-BM-lib1
[2023-06-27 12:46:57,287] INFO Copying TWAO-101484893-W23-5251-BM-lib1.report.json to ../sorted_batch247/TWAO-101484893-W23-5251-BM-lib1
[2023-06-27 12:46:57,288] INFO Reading in: TWAO-102552878-W23-5092-BM-lib1.qc-coverage-region-1_full_res.bed
[2023-06-27 12:46:57,288] INFO Creating subdirectory: ../sorted_batch247/TWAO-102552878-W23-5092-BM-lib1
[2023-06-27 12:46:57,288] INFO Copying TWAO-102552878-W23-5092-BM-lib1.qc-coverage-region-1_full_res.bed to ../sorted_batch247/TWAO-102552878-W23-5092-BM-lib1
[2023-06-27 12:46:57,288] INFO Reading in: TWAO-102552878-W23-5092-BM-lib1.report.json
[2023-06-27 12:46:57,288] INFO Already exists: ../sorted_batch247/TWAO-102552878-W23-5092-BM-lib1
[2023-06-27 12:46:57,288] INFO Copying TWAO-102552878-W23-5092-BM-lib1.report.json to ../sorted_batch247/TWAO-102552878-W23-5092-BM-lib1
[2023-06-27 12:46:57,288] INFO Reading in: TWAO-103144074-W23-5051-BM-lib1.qc-coverage-region-1_full_res.bed
[2023-06-27 12:46:57,288] INFO Creating subdirectory: ../sorted_batch247/TWAO-103144074-W23-5051-BM-lib1
[2023-06-27 12:46:57,288] INFO Copying TWAO-103144074-W23-5051-BM-lib1.qc-coverage-region-1_full_res.bed to ../sorted_batch247/TWAO-103144074-W23-5051-BM-lib1
[2023-06-27 12:46:57,288] INFO Reading in: TWAO-103144074-W23-5051-BM-lib1.report.json
[2023-06-27 12:46:57,288] INFO Already exists: ../sorted_batch247/TWAO-103144074-W23-5051-BM-lib1
[2023-06-27 12:46:57,289] INFO Copying TWAO-103144074-W23-5051-BM-lib1.report.json to ../sorted_batch247/TWAO-103144074-W23-5051-BM-lib1
[2023-06-27 12:46:57,289] INFO Reading in: TWAO-103212136-W23-5185-BM-lib1.qc-coverage-region-1_full_res.bed
[2023-06-27 12:46:57,289] INFO Creating subdirectory: ../sorted_batch247/TWAO-103212136-W23-5185-BM-lib1
[2023-06-27 12:46:57,289] INFO Copying TWAO-103212136-W23-5185-BM-lib1.qc-coverage-region-1_full_res.bed to ../sorted_batch247/TWAO-103212136-W23-5185-BM-lib1
[2023-06-27 12:46:57,289] INFO Reading in: TWAO-103212136-W23-5185-BM-lib1.report.json
[2023-06-27 12:46:57,289] INFO Already exists: ../sorted_batch247/TWAO-103212136-W23-5185-BM-lib1
[2023-06-27 12:46:57,289] INFO Copying TWAO-103212136-W23-5185-BM-lib1.report.json to ../sorted_batch247/TWAO-103212136-W23-5185-BM-lib1
[2023-06-27 12:46:57,289] INFO Reading in: TWAO-103562837-W23-5141-BM2-lib1.qc-coverage-region-1_full_res.bed
[2023-06-27 12:46:57,289] INFO Creating subdirectory: ../sorted_batch247/TWAO-103562837-W23-5141-BM2-lib1
[2023-06-27 12:46:57,289] INFO Copying TWAO-103562837-W23-5141-BM2-lib1.qc-coverage-region-1_full_res.bed to ../sorted_batch247/TWAO-103562837-W23-5141-BM2-lib1
[2023-06-27 12:46:57,290] INFO Reading in: TWAO-103562837-W23-5141-BM2-lib1.report.json
[2023-06-27 12:46:57,290] INFO Already exists: ../sorted_batch247/TWAO-103562837-W23-5141-BM2-lib1
[2023-06-27 12:46:57,290] INFO Copying TWAO-103562837-W23-5141-BM2-lib1.report.json to ../sorted_batch247/TWAO-103562837-W23-5141-BM2-lib1
[2023-06-27 12:46:57,290] INFO Reading in: TWAO-103636692-W23-5198-BM-lib1.qc-coverage-region-1_full_res.bed
[2023-06-27 12:46:57,290] INFO Creating subdirectory: ../sorted_batch247/TWAO-103636692-W23-5198-BM-lib1
[2023-06-27 12:46:57,290] INFO Copying TWAO-103636692-W23-5198-BM-lib1.qc-coverage-region-1_full_res.bed to ../sorted_batch247/TWAO-103636692-W23-5198-BM-lib1
[2023-06-27 12:46:57,291] INFO Reading in: TWAO-103636692-W23-5198-BM-lib1.report.json
[2023-06-27 12:46:57,291] INFO Already exists: ../sorted_batch247/TWAO-103636692-W23-5198-BM-lib1
[2023-06-27 12:46:57,291] INFO Copying TWAO-103636692-W23-5198-BM-lib1.report.json to ../sorted_batch247/TWAO-103636692-W23-5198-BM-lib1
[2023-06-27 12:46:57,291] INFO Reading in: TWAO-104533120-W23-5281-BM-lib1.qc-coverage-region-1_full_res.bed
[2023-06-27 12:46:57,291] INFO Creating subdirectory: ../sorted_batch247/TWAO-104533120-W23-5281-BM-lib1
[2023-06-27 12:46:57,291] INFO Copying TWAO-104533120-W23-5281-BM-lib1.qc-coverage-region-1_full_res.bed to ../sorted_batch247/TWAO-104533120-W23-5281-BM-lib1
[2023-06-27 12:46:57,292] INFO Reading in: TWAO-104533120-W23-5281-BM-lib1.report.json
[2023-06-27 12:46:57,292] INFO Already exists: ../sorted_batch247/TWAO-104533120-W23-5281-BM-lib1
[2023-06-27 12:46:57,292] INFO Copying TWAO-104533120-W23-5281-BM-lib1.report.json to ../sorted_batch247/TWAO-104533120-W23-5281-BM-lib1
[2023-06-27 12:46:57,292] INFO Reading in: TWAO-105163199-W23-5089-BM-lib1.qc-coverage-region-1_full_res.bed
[2023-06-27 12:46:57,292] INFO Creating subdirectory: ../sorted_batch247/TWAO-105163199-W23-5089-BM-lib1
[2023-06-27 12:46:57,292] INFO Copying TWAO-105163199-W23-5089-BM-lib1.qc-coverage-region-1_full_res.bed to ../sorted_batch247/TWAO-105163199-W23-5089-BM-lib1
[2023-06-27 12:46:57,292] INFO Reading in: TWAO-105163199-W23-5089-BM-lib1.report.json
[2023-06-27 12:46:57,292] INFO Already exists: ../sorted_batch247/TWAO-105163199-W23-5089-BM-lib1
[2023-06-27 12:46:57,292] INFO Copying TWAO-105163199-W23-5089-BM-lib1.report.json to ../sorted_batch247/TWAO-105163199-W23-5089-BM-lib1
[2023-06-27 12:46:57,292] INFO Reading in: TWAO-105188778-W23-5079-BM-lib1.qc-coverage-region-1_full_res.bed
[2023-06-27 12:46:57,292] INFO Creating subdirectory: ../sorted_batch247/TWAO-105188778-W23-5079-BM-lib1
[2023-06-27 12:46:57,292] INFO Copying TWAO-105188778-W23-5079-BM-lib1.qc-coverage-region-1_full_res.bed to ../sorted_batch247/TWAO-105188778-W23-5079-BM-lib1
[2023-06-27 12:46:57,293] INFO Reading in: TWAO-105188778-W23-5079-BM-lib1.report.json
[2023-06-27 12:46:57,293] INFO Already exists: ../sorted_batch247/TWAO-105188778-W23-5079-BM-lib1
[2023-06-27 12:46:57,293] INFO Copying TWAO-105188778-W23-5079-BM-lib1.report.json to ../sorted_batch247/TWAO-105188778-W23-5079-BM-lib1
[2023-06-27 12:46:57,293] INFO Reading in: TWAO-105574860-W23-5249-BM-lib1.qc-coverage-region-1_full_res.bed
[2023-06-27 12:46:57,293] INFO Creating subdirectory: ../sorted_batch247/TWAO-105574860-W23-5249-BM-lib1
[2023-06-27 12:46:57,293] INFO Copying TWAO-105574860-W23-5249-BM-lib1.qc-coverage-region-1_full_res.bed to ../sorted_batch247/TWAO-105574860-W23-5249-BM-lib1
[2023-06-27 12:46:57,293] INFO Reading in: TWAO-105574860-W23-5249-BM-lib1.report.json
[2023-06-27 12:46:57,293] INFO Already exists: ../sorted_batch247/TWAO-105574860-W23-5249-BM-lib1
[2023-06-27 12:46:57,293] INFO Copying TWAO-105574860-W23-5249-BM-lib1.report.json to ../sorted_batch247/TWAO-105574860-W23-5249-BM-lib1
[2023-06-27 12:46:57,294] INFO Reading in: TWAO-105982473-W23-5162-BM-lib1.qc-coverage-region-1_full_res.bed
[2023-06-27 12:46:57,294] INFO Creating subdirectory: ../sorted_batch247/TWAO-105982473-W23-5162-BM-lib1
[2023-06-27 12:46:57,294] INFO Copying TWAO-105982473-W23-5162-BM-lib1.qc-coverage-region-1_full_res.bed to ../sorted_batch247/TWAO-105982473-W23-5162-BM-lib1
[2023-06-27 12:46:57,294] INFO Reading in: TWAO-105982473-W23-5162-BM-lib1.report.json
[2023-06-27 12:46:57,294] INFO Already exists: ../sorted_batch247/TWAO-105982473-W23-5162-BM-lib1
[2023-06-27 12:46:57,294] INFO Copying TWAO-105982473-W23-5162-BM-lib1.report.json to ../sorted_batch247/TWAO-105982473-W23-5162-BM-lib1
[2023-06-27 12:46:57,295] INFO Reading in: TWAO-106352110-W23-5075-BM-lib1.qc-coverage-region-1_full_res.bed
[2023-06-27 12:46:57,295] INFO Creating subdirectory: ../sorted_batch247/TWAO-106352110-W23-5075-BM-lib1
[2023-06-27 12:46:57,295] INFO Copying TWAO-106352110-W23-5075-BM-lib1.qc-coverage-region-1_full_res.bed to ../sorted_batch247/TWAO-106352110-W23-5075-BM-lib1
[2023-06-27 12:46:57,295] INFO Reading in: TWAO-106352110-W23-5075-BM-lib1.report.json
[2023-06-27 12:46:57,295] INFO Already exists: ../sorted_batch247/TWAO-106352110-W23-5075-BM-lib1
[2023-06-27 12:46:57,295] INFO Copying TWAO-106352110-W23-5075-BM-lib1.report.json to ../sorted_batch247/TWAO-106352110-W23-5075-BM-lib1
[2023-06-27 12:46:57,295] INFO Reading in: TWAO-106444776-W23-5056-BM-lib1.qc-coverage-region-1_full_res.bed
[2023-06-27 12:46:57,295] INFO Creating subdirectory: ../sorted_batch247/TWAO-106444776-W23-5056-BM-lib1
[2023-06-27 12:46:57,295] INFO Copying TWAO-106444776-W23-5056-BM-lib1.qc-coverage-region-1_full_res.bed to ../sorted_batch247/TWAO-106444776-W23-5056-BM-lib1
[2023-06-27 12:46:57,296] INFO Reading in: TWAO-106444776-W23-5056-BM-lib1.report.json
[2023-06-27 12:46:57,296] INFO Already exists: ../sorted_batch247/TWAO-106444776-W23-5056-BM-lib1
[2023-06-27 12:46:57,296] INFO Copying TWAO-106444776-W23-5056-BM-lib1.report.json to ../sorted_batch247/TWAO-106444776-W23-5056-BM-lib1
[2023-06-27 12:46:57,296] INFO Reading in: TWAO-106444776-W23-5197-PB-lib1.qc-coverage-region-1_full_res.bed
[2023-06-27 12:46:57,296] INFO Creating subdirectory: ../sorted_batch247/TWAO-106444776-W23-5197-PB-lib1
[2023-06-27 12:46:57,296] INFO Copying TWAO-106444776-W23-5197-PB-lib1.qc-coverage-region-1_full_res.bed to ../sorted_batch247/TWAO-106444776-W23-5197-PB-lib1
[2023-06-27 12:46:57,296] INFO Reading in: TWAO-106444776-W23-5197-PB-lib1.report.json
[2023-06-27 12:46:57,296] INFO Already exists: ../sorted_batch247/TWAO-106444776-W23-5197-PB-lib1
[2023-06-27 12:46:57,296] INFO Copying TWAO-106444776-W23-5197-PB-lib1.report.json to ../sorted_batch247/TWAO-106444776-W23-5197-PB-lib1
[2023-06-27 12:46:57,296] INFO Reading in: TWAO-107016815-W23-5248-PB-lib1.qc-coverage-region-1_full_res.bed
[2023-06-27 12:46:57,296] INFO Creating subdirectory: ../sorted_batch247/TWAO-107016815-W23-5248-PB-lib1
[2023-06-27 12:46:57,296] INFO Copying TWAO-107016815-W23-5248-PB-lib1.qc-coverage-region-1_full_res.bed to ../sorted_batch247/TWAO-107016815-W23-5248-PB-lib1
[2023-06-27 12:46:57,297] INFO Reading in: TWAO-107016815-W23-5248-PB-lib1.report.json
[2023-06-27 12:46:57,297] INFO Already exists: ../sorted_batch247/TWAO-107016815-W23-5248-PB-lib1
[2023-06-27 12:46:57,297] INFO Copying TWAO-107016815-W23-5248-PB-lib1.report.json to ../sorted_batch247/TWAO-107016815-W23-5248-PB-lib1
[2023-06-27 12:46:57,297] INFO Reading in: TWAO-107196322-W23-5284-BM-lib1.qc-coverage-region-1_full_res.bed
[2023-06-27 12:46:57,297] INFO Creating subdirectory: ../sorted_batch247/TWAO-107196322-W23-5284-BM-lib1
[2023-06-27 12:46:57,297] INFO Copying TWAO-107196322-W23-5284-BM-lib1.qc-coverage-region-1_full_res.bed to ../sorted_batch247/TWAO-107196322-W23-5284-BM-lib1
[2023-06-27 12:46:57,297] INFO Reading in: TWAO-107196322-W23-5284-BM-lib1.report.json
[2023-06-27 12:46:57,297] INFO Already exists: ../sorted_batch247/TWAO-107196322-W23-5284-BM-lib1
[2023-06-27 12:46:57,297] INFO Copying TWAO-107196322-W23-5284-BM-lib1.report.json to ../sorted_batch247/TWAO-107196322-W23-5284-BM-lib1
[2023-06-27 12:46:57,298] INFO Reading in: TWAO-108007890-W23-5011-BM3-lib1.qc-coverage-region-1_full_res.bed
[2023-06-27 12:46:57,298] INFO Creating subdirectory: ../sorted_batch247/TWAO-108007890-W23-5011-BM3-lib1
[2023-06-27 12:46:57,298] INFO Copying TWAO-108007890-W23-5011-BM3-lib1.qc-coverage-region-1_full_res.bed to ../sorted_batch247/TWAO-108007890-W23-5011-BM3-lib1
[2023-06-27 12:46:57,298] INFO Reading in: TWAO-108007890-W23-5011-BM3-lib1.report.json
[2023-06-27 12:46:57,298] INFO Already exists: ../sorted_batch247/TWAO-108007890-W23-5011-BM3-lib1
[2023-06-27 12:46:57,298] INFO Copying TWAO-108007890-W23-5011-BM3-lib1.report.json to ../sorted_batch247/TWAO-108007890-W23-5011-BM3-lib1
[2023-06-27 12:46:57,298] INFO Reading in: TWAO-108032713-W23-5115-BM2-lib1.qc-coverage-region-1_full_res.bed
[2023-06-27 12:46:57,298] INFO Creating subdirectory: ../sorted_batch247/TWAO-108032713-W23-5115-BM2-lib1
[2023-06-27 12:46:57,298] INFO Copying TWAO-108032713-W23-5115-BM2-lib1.qc-coverage-region-1_full_res.bed to ../sorted_batch247/TWAO-108032713-W23-5115-BM2-lib1
[2023-06-27 12:46:57,299] INFO Reading in: TWAO-108032713-W23-5115-BM2-lib1.report.json
[2023-06-27 12:46:57,299] INFO Already exists: ../sorted_batch247/TWAO-108032713-W23-5115-BM2-lib1
[2023-06-27 12:46:57,299] INFO Copying TWAO-108032713-W23-5115-BM2-lib1.report.json to ../sorted_batch247/TWAO-108032713-W23-5115-BM2-lib1
[2023-06-27 12:46:57,299] INFO Reading in: TWAO-108152658-W23-5283-BM-lib1.qc-coverage-region-1_full_res.bed
[2023-06-27 12:46:57,299] INFO Creating subdirectory: ../sorted_batch247/TWAO-108152658-W23-5283-BM-lib1
[2023-06-27 12:46:57,299] INFO Copying TWAO-108152658-W23-5283-BM-lib1.qc-coverage-region-1_full_res.bed to ../sorted_batch247/TWAO-108152658-W23-5283-BM-lib1
[2023-06-27 12:46:57,300] INFO Reading in: TWAO-108152658-W23-5283-BM-lib1.report.json
[2023-06-27 12:46:57,300] INFO Already exists: ../sorted_batch247/TWAO-108152658-W23-5283-BM-lib1
[2023-06-27 12:46:57,300] INFO Copying TWAO-108152658-W23-5283-BM-lib1.report.json to ../sorted_batch247/TWAO-108152658-W23-5283-BM-lib1
[2023-06-27 12:46:57,300] INFO Reading in: TWAO-108783743-W23-5282-BM-lib1.qc-coverage-region-1_full_res.bed
[2023-06-27 12:46:57,300] INFO Creating subdirectory: ../sorted_batch247/TWAO-108783743-W23-5282-BM-lib1
[2023-06-27 12:46:57,301] INFO Copying TWAO-108783743-W23-5282-BM-lib1.qc-coverage-region-1_full_res.bed to ../sorted_batch247/TWAO-108783743-W23-5282-BM-lib1
[2023-06-27 12:46:57,301] INFO Reading in: TWAO-108783743-W23-5282-BM-lib1.report.json
[2023-06-27 12:46:57,301] INFO Already exists: ../sorted_batch247/TWAO-108783743-W23-5282-BM-lib1
[2023-06-27 12:46:57,301] INFO Copying TWAO-108783743-W23-5282-BM-lib1.report.json to ../sorted_batch247/TWAO-108783743-W23-5282-BM-lib1
[2023-06-27 12:46:57,301] INFO Reading in: TWAO-200054718-W23-5200-BM-lib1.qc-coverage-region-1_full_res.bed
[2023-06-27 12:46:57,301] INFO Creating subdirectory: ../sorted_batch247/TWAO-200054718-W23-5200-BM-lib1
[2023-06-27 12:46:57,302] INFO Copying TWAO-200054718-W23-5200-BM-lib1.qc-coverage-region-1_full_res.bed to ../sorted_batch247/TWAO-200054718-W23-5200-BM-lib1
[2023-06-27 12:46:57,302] INFO Reading in: TWAO-200054718-W23-5200-BM-lib1.report.json
[2023-06-27 12:46:57,302] INFO Already exists: ../sorted_batch247/TWAO-200054718-W23-5200-BM-lib1
[2023-06-27 12:46:57,302] INFO Copying TWAO-200054718-W23-5200-BM-lib1.report.json to ../sorted_batch247/TWAO-200054718-W23-5200-BM-lib1
[2023-06-27 12:46:57,302] INFO Reading in: TWAO-200249928-W23-5250-BM-lib1.qc-coverage-region-1_full_res.bed
[2023-06-27 12:46:57,302] INFO Creating subdirectory: ../sorted_batch247/TWAO-200249928-W23-5250-BM-lib1
[2023-06-27 12:46:57,302] INFO Copying TWAO-200249928-W23-5250-BM-lib1.qc-coverage-region-1_full_res.bed to ../sorted_batch247/TWAO-200249928-W23-5250-BM-lib1
[2023-06-27 12:46:57,303] INFO Reading in: TWAO-200249928-W23-5250-BM-lib1.report.json
[2023-06-27 12:46:57,303] INFO Already exists: ../sorted_batch247/TWAO-200249928-W23-5250-BM-lib1
[2023-06-27 12:46:57,303] INFO Copying TWAO-200249928-W23-5250-BM-lib1.report.json to ../sorted_batch247/TWAO-200249928-W23-5250-BM-lib1
[2023-06-27 12:46:57,303] INFO Reading in: TWAO-201280541-W23-5184-BM-lib1.qc-coverage-region-1_full_res.bed
[2023-06-27 12:46:57,303] INFO Creating subdirectory: ../sorted_batch247/TWAO-201280541-W23-5184-BM-lib1
[2023-06-27 12:46:57,303] INFO Copying TWAO-201280541-W23-5184-BM-lib1.qc-coverage-region-1_full_res.bed to ../sorted_batch247/TWAO-201280541-W23-5184-BM-lib1
[2023-06-27 12:46:57,303] INFO Reading in: TWAO-201280541-W23-5184-BM-lib1.report.json
[2023-06-27 12:46:57,303] INFO Already exists: ../sorted_batch247/TWAO-201280541-W23-5184-BM-lib1
[2023-06-27 12:46:57,303] INFO Copying TWAO-201280541-W23-5184-BM-lib1.report.json to ../sorted_batch247/TWAO-201280541-W23-5184-BM-lib1
[2023-06-27 12:46:57,303] INFO Reading in: TWAO-201516155-W23-5090-BM-lib1.qc-coverage-region-1_full_res.bed
[2023-06-27 12:46:57,303] INFO Creating subdirectory: ../sorted_batch247/TWAO-201516155-W23-5090-BM-lib1
[2023-06-27 12:46:57,304] INFO Copying TWAO-201516155-W23-5090-BM-lib1.qc-coverage-region-1_full_res.bed to ../sorted_batch247/TWAO-201516155-W23-5090-BM-lib1
[2023-06-27 12:46:57,304] INFO Reading in: TWAO-201516155-W23-5090-BM-lib1.report.json
[2023-06-27 12:46:57,304] INFO Already exists: ../sorted_batch247/TWAO-201516155-W23-5090-BM-lib1
[2023-06-27 12:46:57,304] INFO Copying TWAO-201516155-W23-5090-BM-lib1.report.json to ../sorted_batch247/TWAO-201516155-W23-5090-BM-lib1
[2023-06-27 12:46:57,304] INFO Reading in: TWAO-201682401-W23-5060-BM-lib1.qc-coverage-region-1_full_res.bed
[2023-06-27 12:46:57,304] INFO Creating subdirectory: ../sorted_batch247/TWAO-201682401-W23-5060-BM-lib1
[2023-06-27 12:46:57,304] INFO Copying TWAO-201682401-W23-5060-BM-lib1.qc-coverage-region-1_full_res.bed to ../sorted_batch247/TWAO-201682401-W23-5060-BM-lib1
[2023-06-27 12:46:57,304] INFO Reading in: TWAO-201682401-W23-5060-BM-lib1.report.json
[2023-06-27 12:46:57,304] INFO Already exists: ../sorted_batch247/TWAO-201682401-W23-5060-BM-lib1
[2023-06-27 12:46:57,304] INFO Copying TWAO-201682401-W23-5060-BM-lib1.report.json to ../sorted_batch247/TWAO-201682401-W23-5060-BM-lib1
[2023-06-27 12:46:57,305] INFO Reading in: TWAO-201723434-W23-5114-BM-lib1.qc-coverage-region-1_full_res.bed
[2023-06-27 12:46:57,305] INFO Creating subdirectory: ../sorted_batch247/TWAO-201723434-W23-5114-BM-lib1
[2023-06-27 12:46:57,305] INFO Copying TWAO-201723434-W23-5114-BM-lib1.qc-coverage-region-1_full_res.bed to ../sorted_batch247/TWAO-201723434-W23-5114-BM-lib1
[2023-06-27 12:46:57,305] INFO Reading in: TWAO-201723434-W23-5114-BM-lib1.report.json
[2023-06-27 12:46:57,305] INFO Already exists: ../sorted_batch247/TWAO-201723434-W23-5114-BM-lib1
[2023-06-27 12:46:57,305] INFO Copying TWAO-201723434-W23-5114-BM-lib1.report.json to ../sorted_batch247/TWAO-201723434-W23-5114-BM-lib1
[2023-06-27 12:46:57,305] INFO Reading in: TWAO-201791635-W23-5078-BM-lib1.qc-coverage-region-1_full_res.bed
[2023-06-27 12:46:57,305] INFO Creating subdirectory: ../sorted_batch247/TWAO-201791635-W23-5078-BM-lib1
[2023-06-27 12:46:57,305] INFO Copying TWAO-201791635-W23-5078-BM-lib1.qc-coverage-region-1_full_res.bed to ../sorted_batch247/TWAO-201791635-W23-5078-BM-lib1
[2023-06-27 12:46:57,306] INFO Reading in: TWAO-201791635-W23-5078-BM-lib1.report.json
[2023-06-27 12:46:57,306] INFO Already exists: ../sorted_batch247/TWAO-201791635-W23-5078-BM-lib1
[2023-06-27 12:46:57,306] INFO Copying TWAO-201791635-W23-5078-BM-lib1.report.json to ../sorted_batch247/TWAO-201791635-W23-5078-BM-lib1
[2023-06-27 12:46:57,306] INFO Reading in: TWAO-201796057-W23-5143-BM2-lib1.qc-coverage-region-1_full_res.bed
[2023-06-27 12:46:57,306] INFO Creating subdirectory: ../sorted_batch247/TWAO-201796057-W23-5143-BM2-lib1
[2023-06-27 12:46:57,306] INFO Copying TWAO-201796057-W23-5143-BM2-lib1.qc-coverage-region-1_full_res.bed to ../sorted_batch247/TWAO-201796057-W23-5143-BM2-lib1
[2023-06-27 12:46:57,306] INFO Reading in: TWAO-201796057-W23-5143-BM2-lib1.report.json
[2023-06-27 12:46:57,306] INFO Already exists: ../sorted_batch247/TWAO-201796057-W23-5143-BM2-lib1
[2023-06-27 12:46:57,306] INFO Copying TWAO-201796057-W23-5143-BM2-lib1.report.json to ../sorted_batch247/TWAO-201796057-W23-5143-BM2-lib1
[2023-06-27 12:46:57,306] INFO Reading in: TWAO-201805813-W23-5093-BM-lib1.qc-coverage-region-1_full_res.bed
[2023-06-27 12:46:57,306] INFO Creating subdirectory: ../sorted_batch247/TWAO-201805813-W23-5093-BM-lib1
[2023-06-27 12:46:57,306] INFO Copying TWAO-201805813-W23-5093-BM-lib1.qc-coverage-region-1_full_res.bed to ../sorted_batch247/TWAO-201805813-W23-5093-BM-lib1
[2023-06-27 12:46:57,307] INFO Reading in: TWAO-201805813-W23-5093-BM-lib1.report.json
[2023-06-27 12:46:57,307] INFO Already exists: ../sorted_batch247/TWAO-201805813-W23-5093-BM-lib1
[2023-06-27 12:46:57,307] INFO Copying TWAO-201805813-W23-5093-BM-lib1.report.json to ../sorted_batch247/TWAO-201805813-W23-5093-BM-lib1
[2023-06-27 12:46:57,307] INFO Reading in: TWAO-201878424-W23-5285-BM-lib1.qc-coverage-region-1_full_res.bed
[2023-06-27 12:46:57,307] INFO Creating subdirectory: ../sorted_batch247/TWAO-201878424-W23-5285-BM-lib1
[2023-06-27 12:46:57,307] INFO Copying TWAO-201878424-W23-5285-BM-lib1.qc-coverage-region-1_full_res.bed to ../sorted_batch247/TWAO-201878424-W23-5285-BM-lib1
[2023-06-27 12:46:57,308] INFO Reading in: TWAO-201878424-W23-5285-BM-lib1.report.json
[2023-06-27 12:46:57,308] INFO Already exists: ../sorted_batch247/TWAO-201878424-W23-5285-BM-lib1
[2023-06-27 12:46:57,308] INFO Copying TWAO-201878424-W23-5285-BM-lib1.report.json to ../sorted_batch247/TWAO-201878424-W23-5285-BM-lib1
[2023-06-27 12:46:57,308] INFO Reading in: TWAO-201938262-W23-5253-BM-lib1.qc-coverage-region-1_full_res.bed
[2023-06-27 12:46:57,308] INFO Creating subdirectory: ../sorted_batch247/TWAO-201938262-W23-5253-BM-lib1
[2023-06-27 12:46:57,308] INFO Copying TWAO-201938262-W23-5253-BM-lib1.qc-coverage-region-1_full_res.bed to ../sorted_batch247/TWAO-201938262-W23-5253-BM-lib1
[2023-06-27 12:46:57,308] INFO Reading in: TWAO-201938262-W23-5253-BM-lib1.report.json
[2023-06-27 12:46:57,308] INFO Already exists: ../sorted_batch247/TWAO-201938262-W23-5253-BM-lib1
[2023-06-27 12:46:57,308] INFO Copying TWAO-201938262-W23-5253-BM-lib1.report.json to ../sorted_batch247/TWAO-201938262-W23-5253-BM-lib1
[2023-06-27 12:46:57,309] INFO Reading in: TWAO-202035007-W23-5244-BM-lib1.qc-coverage-region-1_full_res.bed
[2023-06-27 12:46:57,309] INFO Creating subdirectory: ../sorted_batch247/TWAO-202035007-W23-5244-BM-lib1
[2023-06-27 12:46:57,309] INFO Copying TWAO-202035007-W23-5244-BM-lib1.qc-coverage-region-1_full_res.bed to ../sorted_batch247/TWAO-202035007-W23-5244-BM-lib1
[2023-06-27 12:46:57,309] INFO Reading in: TWAO-202035007-W23-5244-BM-lib1.report.json
[2023-06-27 12:46:57,309] INFO Already exists: ../sorted_batch247/TWAO-202035007-W23-5244-BM-lib1
[2023-06-27 12:46:57,309] INFO Copying TWAO-202035007-W23-5244-BM-lib1.report.json to ../sorted_batch247/TWAO-202035007-W23-5244-BM-lib1
[2023-06-27 12:46:57,309] INFO Reading in: TWAO-202138202-W23-5245-BM-lib1.qc-coverage-region-1_full_res.bed
[2023-06-27 12:46:57,309] INFO Creating subdirectory: ../sorted_batch247/TWAO-202138202-W23-5245-BM-lib1
[2023-06-27 12:46:57,309] INFO Copying TWAO-202138202-W23-5245-BM-lib1.qc-coverage-region-1_full_res.bed to ../sorted_batch247/TWAO-202138202-W23-5245-BM-lib1
[2023-06-27 12:46:57,310] INFO Reading in: TWAO-202138202-W23-5245-BM-lib1.report.json
[2023-06-27 12:46:57,310] INFO Already exists: ../sorted_batch247/TWAO-202138202-W23-5245-BM-lib1
[2023-06-27 12:46:57,310] INFO Copying TWAO-202138202-W23-5245-BM-lib1.report.json to ../sorted_batch247/TWAO-202138202-W23-5245-BM-lib1
[2023-06-27 12:46:57,310] INFO Reading in: TWAO-202143635-W23-5271-BM-lib1.qc-coverage-region-1_full_res.bed
[2023-06-27 12:46:57,310] INFO Creating subdirectory: ../sorted_batch247/TWAO-202143635-W23-5271-BM-lib1
[2023-06-27 12:46:57,310] INFO Copying TWAO-202143635-W23-5271-BM-lib1.qc-coverage-region-1_full_res.bed to ../sorted_batch247/TWAO-202143635-W23-5271-BM-lib1
[2023-06-27 12:46:57,310] INFO Reading in: TWAO-202143635-W23-5271-BM-lib1.report.json
[2023-06-27 12:46:57,310] INFO Already exists: ../sorted_batch247/TWAO-202143635-W23-5271-BM-lib1
[2023-06-27 12:46:57,310] INFO Copying TWAO-202143635-W23-5271-BM-lib1.report.json to ../sorted_batch247/TWAO-202143635-W23-5271-BM-lib1
[2023-06-27 12:46:57,311] INFO Reading in: TWAO-202153377-W23-5261-BM-lib1.qc-coverage-region-1_full_res.bed
[2023-06-27 12:46:57,311] INFO Creating subdirectory: ../sorted_batch247/TWAO-202153377-W23-5261-BM-lib1
[2023-06-27 12:46:57,311] INFO Copying TWAO-202153377-W23-5261-BM-lib1.qc-coverage-region-1_full_res.bed to ../sorted_batch247/TWAO-202153377-W23-5261-BM-lib1
[2023-06-27 12:46:57,311] INFO Reading in: TWAO-202153377-W23-5261-BM-lib1.report.json
[2023-06-27 12:46:57,311] INFO Already exists: ../sorted_batch247/TWAO-202153377-W23-5261-BM-lib1
[2023-06-27 12:46:57,311] INFO Copying TWAO-202153377-W23-5261-BM-lib1.report.json to ../sorted_batch247/TWAO-202153377-W23-5261-BM-lib1
[2023-06-27 12:46:57,311] INFO Reading in: TWAO-202154026-W23-5242-BM-lib1.qc-coverage-region-1_full_res.bed
[2023-06-27 12:46:57,311] INFO Creating subdirectory: ../sorted_batch247/TWAO-202154026-W23-5242-BM-lib1
[2023-06-27 12:46:57,311] INFO Copying TWAO-202154026-W23-5242-BM-lib1.qc-coverage-region-1_full_res.bed to ../sorted_batch247/TWAO-202154026-W23-5242-BM-lib1
[2023-06-27 12:46:57,312] INFO Reading in: TWAO-202154026-W23-5242-BM-lib1.report.json
[2023-06-27 12:46:57,312] INFO Already exists: ../sorted_batch247/TWAO-202154026-W23-5242-BM-lib1
[2023-06-27 12:46:57,312] INFO Copying TWAO-202154026-W23-5242-BM-lib1.report.json to ../sorted_batch247/TWAO-202154026-W23-5242-BM-lib1
[2023-06-27 12:46:57,313] INFO Reading in: TWAO-MS-Positive-Control-W22-6944-BM-lib16.qc-coverage-region-1_full_res.bed
[2023-06-27 12:46:57,313] INFO Creating subdirectory: ../sorted_batch247/TWAO-MS-Positive-Control-W22-6944-BM-lib16
[2023-06-27 12:46:57,313] INFO Copying TWAO-MS-Positive-Control-W22-6944-BM-lib16.qc-coverage-region-1_full_res.bed to ../sorted_batch247/TWAO-MS-Positive-Control-W22-6944-BM-lib16
[2023-06-27 12:46:57,313] INFO Reading in: TWAO-MS-Positive-Control-W22-6944-BM-lib16.report.json
[2023-06-27 12:46:57,313] INFO Already exists: ../sorted_batch247/TWAO-MS-Positive-Control-W22-6944-BM-lib16
[2023-06-27 12:46:57,313] INFO Copying TWAO-MS-Positive-Control-W22-6944-BM-lib16.report.json to ../sorted_batch247/TWAO-MS-Positive-Control-W22-6944-BM-lib16
[2023-06-27 12:46:57,313] INFO Finished copying and sorting. Output can be found in ../sorted_batch247
