[2023-07-13 13:25:31,354] INFO Reading table: ../outputs/sorted_table.tsv
[2023-07-13 13:25:31,358] INFO Accessing file: TWAO-108032713-W23-5115-BM2-lib1.annotated_filtered.vcf
[2023-07-13 13:25:31,369] INFO Accessing file: TWAO-201796057-W23-5143-BM2-lib1.annotated_filtered.vcf
[2023-07-13 13:25:31,372] INFO Accessing file: TWAO-103144074-W23-5051-BM-lib1.annotated_filtered.vcf
[2023-07-13 13:25:31,380] INFO Accessing file: TWAO-201516155-W23-5090-BM-lib1.annotated_filtered.vcf
[2023-07-13 13:25:31,387] INFO Accessing file: TWAO-105163199-W23-5089-BM-lib1.annotated_filtered.vcf
[2023-07-13 13:25:31,390] INFO Accessing file: TWAO-108783743-W23-5282-BM-lib1.annotated_filtered.vcf
[2023-07-13 13:25:31,394] INFO Accessing file: TWAO-103212136-W23-5185-BM-lib1.annotated_filtered.vcf
[2023-07-13 13:25:31,398] INFO Accessing file: TWAO-108032713-W23-5115-BM2-lib1.annotated_filtered.vcf
[2023-07-13 13:25:31,400] INFO Accessing file: TWAO-104533120-W23-5281-BM-lib1.annotated_filtered.vcf
[2023-07-13 13:25:31,405] INFO Accessing file: TWAO-106444776-W23-5197-PB-lib1.annotated_filtered.vcf
[2023-07-13 13:25:31,408] INFO Accessing file: TWAO-107196322-W23-5284-BM-lib1.annotated_filtered.vcf
[2023-07-13 13:25:31,414] INFO Accessing file: TWAO-106444776-W23-5197-PB-lib1.annotated_filtered.vcf
[2023-07-13 13:25:31,416] INFO Accessing file: TWAO-MS-Positive-Control-W22-6944-BM-lib16.annotated_filtered.vcf
[2023-07-13 13:25:31,420] INFO Accessing file: TWAO-202153377-W23-5261-BM-lib1.annotated_filtered.vcf
[2023-07-13 13:25:31,424] INFO Accessing file: TWAO-102552878-W23-5092-BM-lib1.annotated_filtered.vcf
[2023-07-13 13:25:31,429] INFO Accessing file: TWAO-108032713-W23-5115-BM2-lib1.annotated_filtered.vcf
[2023-07-13 13:25:31,431] INFO Accessing file: TWAO-103212136-W23-5185-BM-lib1.annotated_filtered.vcf
[2023-07-13 13:25:31,431] INFO Accessing file: TWAO-202153377-W23-5261-BM-lib1.annotated_filtered.vcf
[2023-07-13 13:25:31,432] INFO Accessing file: TWAO-104533120-W23-5281-BM-lib1.annotated_filtered.vcf
[2023-07-13 13:25:31,433] INFO Accessing file: TWAO-201516155-W23-5090-BM-lib1.annotated_filtered.vcf
[2023-07-13 13:25:31,434] INFO Accessing file: TWAO-106444776-W23-5197-PB-lib1.annotated_filtered.vcf
[2023-07-13 13:25:31,435] INFO Accessing file: TWAO-201682401-W23-5060-BM-lib1.annotated_filtered.vcf
[2023-07-13 13:25:31,439] INFO Accessing file: TWAO-106444776-W23-5197-PB-lib1.annotated_filtered.vcf
[2023-07-13 13:25:31,440] INFO Accessing file: TWAO-106444776-W23-5197-PB-lib1.annotated_filtered.vcf
[2023-07-13 13:25:31,442] INFO Accessing file: TWAO-201280541-W23-5184-BM-lib1.annotated_filtered.vcf
[2023-07-13 13:25:31,446] INFO Accessing file: TWAO-202143635-W23-5271-BM-lib1.annotated_filtered.vcf
[2023-07-13 13:25:31,455] INFO Accessing file: TWAO-201796057-W23-5143-BM2-lib1.annotated_filtered.vcf
[2023-07-13 13:25:31,456] INFO Accessing file: TWAO-106444776-W23-5197-PB-lib1.annotated_filtered.vcf
[2023-07-13 13:25:31,457] INFO Accessing file: TWAO-107196322-W23-5284-BM-lib1.annotated_filtered.vcf
[2023-07-13 13:25:31,458] INFO Accessing file: TWAO-201791635-W23-5078-BM-lib1.annotated_filtered.vcf
[2023-07-13 13:25:31,463] INFO Accessing file: TWAO-201796057-W23-5143-BM2-lib1.annotated_filtered.vcf
[2023-07-13 13:25:31,464] INFO Accessing file: TWAO-108783743-W23-5282-BM-lib1.annotated_filtered.vcf
[2023-07-13 13:25:31,465] INFO Accessing file: TWAO-201796057-W23-5143-BM2-lib1.annotated_filtered.vcf
[2023-07-13 13:25:31,466] INFO Accessing file: TWAO-105163199-W23-5089-BM-lib1.annotated_filtered.vcf
[2023-07-13 13:25:31,467] INFO Accessing file: TWAO-105574860-W23-5249-BM-lib1.annotated_filtered.vcf
[2023-07-13 13:25:31,473] INFO Accessing file: TWAO-105188778-W23-5079-BM-lib1.annotated_filtered.vcf
[2023-07-13 13:25:31,480] INFO Accessing file: TWAO-105188778-W23-5079-BM-lib1.annotated_filtered.vcf
[2023-07-13 13:25:31,481] INFO Accessing file: TWAO-MS-Positive-Control-W22-6944-BM-lib16.annotated_filtered.vcf
[2023-07-13 13:25:31,482] INFO Accessing file: TWAO-MS-Positive-Control-W22-6944-BM-lib16.annotated_filtered.vcf
[2023-07-13 13:25:31,482] INFO Accessing file: TWAO-MS-Positive-Control-W22-6944-BM-lib16.annotated_filtered.vcf
[2023-07-13 13:25:31,483] INFO Accessing file: TWAO-202035007-W23-5244-BM-lib1.annotated_filtered.vcf
[2023-07-13 13:25:31,486] INFO Accessing file: TWAO-202138202-W23-5245-BM-lib1.annotated_filtered.vcf
[2023-07-13 13:25:31,489] INFO Accessing file: TWAO-104533120-W23-5281-BM-lib1.annotated_filtered.vcf
[2023-07-13 13:25:31,490] INFO Accessing file: TWAO-107196322-W23-5284-BM-lib1.annotated_filtered.vcf
[2023-07-13 13:25:31,491] INFO Accessing file: TWAO-108032713-W23-5115-BM2-lib1.annotated_filtered.vcf
[2023-07-13 13:25:31,492] INFO Accessing file: TWAO-108783743-W23-5282-BM-lib1.annotated_filtered.vcf
[2023-07-13 13:25:31,493] INFO Accessing file: TWAO-105982473-W23-5162-BM-lib1.annotated_filtered.vcf
[2023-07-13 13:25:31,498] INFO Accessing file: TWAO-201796057-W23-5143-BM2-lib1.annotated_filtered.vcf
[2023-07-13 13:25:31,499] INFO Accessing file: TWAO-201796057-W23-5143-BM2-lib1.annotated_filtered.vcf
[2023-07-13 13:25:31,500] INFO Accessing file: TWAO-201796057-W23-5143-BM2-lib1.annotated_filtered.vcf
[2023-07-13 13:25:31,501] INFO Accessing file: TWAO-103562837-W23-5141-BM2-lib1.annotated_filtered.vcf
[2023-07-13 13:25:31,504] INFO Accessing file: TWAO-105188778-W23-5079-BM-lib1.annotated_filtered.vcf
[2023-07-13 13:25:31,506] INFO Accessing file: TWAO-105982473-W23-5162-BM-lib1.annotated_filtered.vcf
[2023-07-13 13:25:31,507] INFO Accessing file: TWAO-105574860-W23-5249-BM-lib1.annotated_filtered.vcf
[2023-07-13 13:25:31,508] INFO Accessing file: TWAO-200249928-W23-5250-BM-lib1.annotated_filtered.vcf
[2023-07-13 13:25:31,513] INFO Accessing file: TWAO-MS-Positive-Control-W22-6944-BM-lib16.annotated_filtered.vcf
[2023-07-13 13:25:31,514] INFO Accessing file: TWAO-105574860-W23-5249-BM-lib1.annotated_filtered.vcf
[2023-07-13 13:25:31,515] INFO Accessing file: TWAO-102552878-W23-5092-BM-lib1.annotated_filtered.vcf
[2023-07-13 13:25:31,516] INFO Accessing file: TWAO-201723434-W23-5114-BM-lib1.annotated_filtered.vcf
[2023-07-13 13:25:31,521] INFO Accessing file: TWAO-200054718-W23-5200-BM-lib1.annotated_filtered.vcf
[2023-07-13 13:25:31,525] INFO Accessing file: TWAO-108783743-W23-5282-BM-lib1.annotated_filtered.vcf
[2023-07-13 13:25:31,526] INFO Accessing file: TWAO-108783743-W23-5282-BM-lib1.annotated_filtered.vcf
[2023-07-13 13:25:31,527] INFO Accessing file: TWAO-MS-Positive-Control-W22-6944-BM-lib16.annotated_filtered.vcf
[2023-07-13 13:25:31,528] INFO Accessing file: TWAO-201280541-W23-5184-BM-lib1.annotated_filtered.vcf
[2023-07-13 13:25:31,529] INFO Accessing file: TWAO-107196322-W23-5284-BM-lib1.annotated_filtered.vcf
[2023-07-13 13:25:31,529] INFO Accessing file: TWAO-201516155-W23-5090-BM-lib1.annotated_filtered.vcf
[2023-07-13 13:25:31,530] INFO Accessing file: TWAO-103144074-W23-5051-BM-lib1.annotated_filtered.vcf
[2023-07-13 13:25:31,531] INFO Accessing file: TWAO-105163199-W23-5089-BM-lib1.annotated_filtered.vcf
[2023-07-13 13:25:31,532] INFO Accessing file: TWAO-202035007-W23-5244-BM-lib1.annotated_filtered.vcf
[2023-07-13 13:25:31,533] INFO Accessing file: TWAO-103212136-W23-5185-BM-lib1.annotated_filtered.vcf
[2023-07-13 13:25:31,534] INFO Accessing file: TWAO-106444776-W23-5197-PB-lib1.annotated_filtered.vcf
[2023-07-13 13:25:31,535] INFO Accessing file: TWAO-201682401-W23-5060-BM-lib1.annotated_filtered.vcf
[2023-07-13 13:25:31,536] INFO Accessing file: TWAO-201280541-W23-5184-BM-lib1.annotated_filtered.vcf
[2023-07-13 13:25:31,537] INFO Accessing file: TWAO-104533120-W23-5281-BM-lib1.annotated_filtered.vcf
[2023-07-13 13:25:31,538] INFO Accessing file: TWAO-101484893-W23-5251-BM-lib1.annotated_filtered.vcf
[2023-07-13 13:25:31,540] INFO Accessing file: TWAO-200249928-W23-5250-BM-lib1.annotated_filtered.vcf
[2023-07-13 13:25:31,541] INFO Accessing file: TWAO-102552878-W23-5092-BM-lib1.annotated_filtered.vcf
[2023-07-13 13:25:31,542] INFO Accessing file: TWAO-108783743-W23-5282-BM-lib1.annotated_filtered.vcf
[2023-07-13 13:25:31,543] INFO Accessing file: TWAO-108783743-W23-5282-BM-lib1.annotated_filtered.vcf
[2023-07-13 13:25:31,544] INFO Accessing file: TWAO-103212136-W23-5185-BM-lib1.annotated_filtered.vcf
[2023-07-13 13:25:31,545] INFO Accessing file: TWAO-108032713-W23-5115-BM2-lib1.annotated_filtered.vcf
[2023-07-13 13:25:31,546] INFO Accessing file: TWAO-202143635-W23-5271-BM-lib1.annotated_filtered.vcf
[2023-07-13 13:25:31,547] INFO Accessing file: TWAO-103636692-W23-5198-BM-lib1.annotated_filtered.vcf
[2023-07-13 13:25:31,552] INFO Accessing file: TWAO-201938262-W23-5253-BM-lib1.annotated_filtered.vcf
[2023-07-13 13:25:31,556] INFO Accessing file: TWAO-201516155-W23-5090-BM-lib1.annotated_filtered.vcf
[2023-07-13 13:25:31,557] INFO Accessing file: TWAO-101484893-W23-5251-BM-lib1.annotated_filtered.vcf
[2023-07-13 13:25:31,558] INFO Accessing file: TWAO-102552878-W23-5092-BM-lib1.annotated_filtered.vcf
[2023-07-13 13:25:31,559] INFO Accessing file: TWAO-202143635-W23-5271-BM-lib1.annotated_filtered.vcf
[2023-07-13 13:25:31,561] INFO Accessing file: TWAO-105163199-W23-5089-BM-lib1.annotated_filtered.vcf
[2023-07-13 13:25:31,561] INFO Accessing file: TWAO-102552878-W23-5092-BM-lib1.annotated_filtered.vcf
[2023-07-13 13:25:31,562] INFO Accessing file: TWAO-201805813-W23-5093-BM-lib1.annotated_filtered.vcf
[2023-07-13 13:25:31,565] INFO Accessing file: TWAO-202143635-W23-5271-BM-lib1.annotated_filtered.vcf
[2023-07-13 13:25:31,566] INFO Accessing file: TWAO-202035007-W23-5244-BM-lib1.annotated_filtered.vcf
[2023-07-13 13:25:31,567] INFO Accessing file: TWAO-202035007-W23-5244-BM-lib1.annotated_filtered.vcf
[2023-07-13 13:25:31,569] INFO Accessing file: TWAO-103562837-W23-5141-BM2-lib1.annotated_filtered.vcf
[2023-07-13 13:25:31,576] INFO ----------DIRECTORY STATISTICS----------
[2023-07-13 13:25:31,576] INFO Total files in directory: 76
[2023-07-13 13:25:31,576] INFO Files with a usable extension: 38
[2023-07-13 13:25:31,576] INFO VCF files used: 30
[2023-07-13 13:25:31,576] INFO VCF file accesses: 95
[2023-07-13 13:25:31,576] INFO ----------SET STATISTICS----------
[2023-07-13 13:25:31,576] INFO Total set annotations: 95
[2023-07-13 13:25:31,576] INFO DRAGEN sets: 64
[2023-07-13 13:25:31,576] INFO PINDEL sets: 2
[2023-07-13 13:25:31,576] INFO DRAGEN-PINDEL sets: 29
[2023-07-13 13:25:31,576] INFO Unknown sets: 0
[2023-07-13 13:25:31,576] INFO Empty sets: 0
[2023-07-13 13:25:31,576] INFO Files where set was not found: 0
[2023-07-13 13:25:31,576] INFO Files where off-by-one flag was triggered: 15
