[2023-07-13 13:14:06,941] INFO Accessing file: TWAO-102552878-W23-5092-BM-lib1.report.json
[2023-07-13 13:14:06,941] INFO Accessing file: TWAO-102552878-W23-5092-BM-lib1.qc-coverage-region-1_full_res.bed
[2023-07-13 13:14:07,511] INFO Accessing file: TWAO-201723434-W23-5114-BM-lib1.report.json
[2023-07-13 13:14:07,511] INFO Accessing file: TWAO-201723434-W23-5114-BM-lib1.qc-coverage-region-1_full_res.bed
[2023-07-13 13:14:08,109] INFO Accessing file: TWAO-200054718-W23-5200-BM-lib1.report.json
[2023-07-13 13:14:08,109] INFO Accessing file: TWAO-200054718-W23-5200-BM-lib1.qc-coverage-region-1_full_res.bed
[2023-07-13 13:14:08,683] INFO Accessing file: TWAO-MS-Positive-Control-W22-6944-BM-lib16.report.json
[2023-07-13 13:14:08,683] INFO Accessing file: TWAO-MS-Positive-Control-W22-6944-BM-lib16.qc-coverage-region-1_full_res.bed
[2023-07-13 13:14:09,275] INFO Accessing file: TWAO-105163199-W23-5089-BM-lib1.report.json
[2023-07-13 13:14:09,275] INFO Accessing file: TWAO-105163199-W23-5089-BM-lib1.qc-coverage-region-1_full_res.bed
[2023-07-13 13:14:09,887] ERROR Tier 1-3 columns do not exist: TWAO-107016815-W23-5248-PB-lib1.report.json
[2023-07-13 13:14:09,888] INFO Accessing file: TWAO-104533120-W23-5281-BM-lib1.report.json
[2023-07-13 13:14:09,888] INFO Accessing file: TWAO-104533120-W23-5281-BM-lib1.qc-coverage-region-1_full_res.bed
[2023-07-13 13:14:10,475] INFO Accessing file: TWAO-108032713-W23-5115-BM2-lib1.report.json
[2023-07-13 13:14:10,475] INFO Accessing file: TWAO-108032713-W23-5115-BM2-lib1.qc-coverage-region-1_full_res.bed
[2023-07-13 13:14:11,068] ERROR Tier 1-3 columns do not exist: TWAO-202154026-W23-5242-BM-lib1.report.json
[2023-07-13 13:14:11,068] INFO Accessing file: TWAO-108783743-W23-5282-BM-lib1.report.json
[2023-07-13 13:14:11,068] INFO Accessing file: TWAO-108783743-W23-5282-BM-lib1.qc-coverage-region-1_full_res.bed
[2023-07-13 13:14:11,660] INFO Accessing file: TWAO-106444776-W23-5197-PB-lib1.report.json
[2023-07-13 13:14:11,660] INFO Accessing file: TWAO-106444776-W23-5197-PB-lib1.qc-coverage-region-1_full_res.bed
[2023-07-13 13:14:12,204] INFO Accessing file: TWAO-202153377-W23-5261-BM-lib1.report.json
[2023-07-13 13:14:12,204] INFO Accessing file: TWAO-202153377-W23-5261-BM-lib1.qc-coverage-region-1_full_res.bed
[2023-07-13 13:14:12,746] INFO Accessing file: TWAO-201682401-W23-5060-BM-lib1.report.json
[2023-07-13 13:14:12,746] INFO Accessing file: TWAO-201682401-W23-5060-BM-lib1.qc-coverage-region-1_full_res.bed
[2023-07-13 13:14:13,351] INFO Accessing file: TWAO-202143635-W23-5271-BM-lib1.report.json
[2023-07-13 13:14:13,351] INFO Accessing file: TWAO-202143635-W23-5271-BM-lib1.qc-coverage-region-1_full_res.bed
[2023-07-13 13:14:14,029] INFO Accessing file: TWAO-103144074-W23-5051-BM-lib1.report.json
[2023-07-13 13:14:14,029] INFO Accessing file: TWAO-103144074-W23-5051-BM-lib1.qc-coverage-region-1_full_res.bed
[2023-07-13 13:14:14,634] INFO Accessing file: TWAO-103636692-W23-5198-BM-lib1.report.json
[2023-07-13 13:14:14,635] INFO Accessing file: TWAO-103636692-W23-5198-BM-lib1.qc-coverage-region-1_full_res.bed
[2023-07-13 13:14:15,233] INFO Accessing file: TWAO-201791635-W23-5078-BM-lib1.report.json
[2023-07-13 13:14:15,233] INFO Accessing file: TWAO-201791635-W23-5078-BM-lib1.qc-coverage-region-1_full_res.bed
[2023-07-13 13:14:15,823] INFO Accessing file: TWAO-105982473-W23-5162-BM-lib1.report.json
[2023-07-13 13:14:15,823] INFO Accessing file: TWAO-105982473-W23-5162-BM-lib1.qc-coverage-region-1_full_res.bed
[2023-07-13 13:14:16,490] INFO Accessing file: TWAO-201796057-W23-5143-BM2-lib1.report.json
[2023-07-13 13:14:16,491] INFO Accessing file: TWAO-201796057-W23-5143-BM2-lib1.qc-coverage-region-1_full_res.bed
[2023-07-13 13:14:17,109] INFO Accessing file: TWAO-103212136-W23-5185-BM-lib1.report.json
[2023-07-13 13:14:17,109] INFO Accessing file: TWAO-103212136-W23-5185-BM-lib1.qc-coverage-region-1_full_res.bed
[2023-07-13 13:14:17,719] ERROR Tier 1-3 columns do not exist: TWAO-201878424-W23-5285-BM-lib1.report.json
[2023-07-13 13:14:17,720] INFO Accessing file: TWAO-202138202-W23-5245-BM-lib1.report.json
[2023-07-13 13:14:17,720] INFO Accessing file: TWAO-202138202-W23-5245-BM-lib1.qc-coverage-region-1_full_res.bed
[2023-07-13 13:14:18,380] INFO Accessing file: TWAO-201516155-W23-5090-BM-lib1.report.json
[2023-07-13 13:14:18,380] INFO Accessing file: TWAO-201516155-W23-5090-BM-lib1.qc-coverage-region-1_full_res.bed
[2023-07-13 13:14:19,051] INFO Accessing file: TWAO-103562837-W23-5141-BM2-lib1.report.json
[2023-07-13 13:14:19,051] INFO Accessing file: TWAO-103562837-W23-5141-BM2-lib1.qc-coverage-region-1_full_res.bed
[2023-07-13 13:14:19,764] ERROR Tier 1-3 columns do not exist: TWAO-108152658-W23-5283-BM-lib1.report.json
[2023-07-13 13:14:19,766] INFO Accessing file: TWAO-105188778-W23-5079-BM-lib1.report.json
[2023-07-13 13:14:19,766] INFO Accessing file: TWAO-105188778-W23-5079-BM-lib1.qc-coverage-region-1_full_res.bed
[2023-07-13 13:14:21,161] INFO Accessing file: TWAO-200249928-W23-5250-BM-lib1.report.json
[2023-07-13 13:14:21,161] INFO Accessing file: TWAO-200249928-W23-5250-BM-lib1.qc-coverage-region-1_full_res.bed
[2023-07-13 13:14:22,306] INFO Accessing file: TWAO-107196322-W23-5284-BM-lib1.report.json
[2023-07-13 13:14:22,306] INFO Accessing file: TWAO-107196322-W23-5284-BM-lib1.qc-coverage-region-1_full_res.bed
[2023-07-13 13:14:22,926] INFO Accessing file: TWAO-201938262-W23-5253-BM-lib1.report.json
[2023-07-13 13:14:22,926] INFO Accessing file: TWAO-201938262-W23-5253-BM-lib1.qc-coverage-region-1_full_res.bed
[2023-07-13 13:14:23,530] INFO Accessing file: TWAO-106444776-W23-5056-BM-lib1.report.json
[2023-07-13 13:14:23,530] INFO Accessing file: TWAO-106444776-W23-5056-BM-lib1.qc-coverage-region-1_full_res.bed
[2023-07-13 13:14:23,896] INFO Accessing file: TWAO-201280541-W23-5184-BM-lib1.report.json
[2023-07-13 13:14:23,897] INFO Accessing file: TWAO-201280541-W23-5184-BM-lib1.qc-coverage-region-1_full_res.bed
[2023-07-13 13:14:24,519] INFO Accessing file: TWAO-101484893-W23-5251-BM-lib1.report.json
[2023-07-13 13:14:24,520] INFO Accessing file: TWAO-101484893-W23-5251-BM-lib1.qc-coverage-region-1_full_res.bed
[2023-07-13 13:14:25,153] INFO Accessing file: TWAO-202035007-W23-5244-BM-lib1.report.json
[2023-07-13 13:14:25,153] INFO Accessing file: TWAO-202035007-W23-5244-BM-lib1.qc-coverage-region-1_full_res.bed
[2023-07-13 13:14:25,778] ERROR Tier 1-3 columns do not exist: TWAO-100406124-W23-5088-BM-lib1.report.json
[2023-07-13 13:14:25,779] ERROR Tier 1-3 columns do not exist: TWAO-108007890-W23-5011-BM3-lib1.report.json
[2023-07-13 13:14:25,779] ERROR Tier 1-3 columns do not exist: TWAO-106352110-W23-5075-BM-lib1.report.json
[2023-07-13 13:14:25,780] INFO Accessing file: TWAO-201805813-W23-5093-BM-lib1.report.json
[2023-07-13 13:14:25,780] INFO Accessing file: TWAO-201805813-W23-5093-BM-lib1.qc-coverage-region-1_full_res.bed
[2023-07-13 13:14:26,360] INFO Accessing file: TWAO-105574860-W23-5249-BM-lib1.report.json
[2023-07-13 13:14:26,361] INFO Accessing file: TWAO-105574860-W23-5249-BM-lib1.qc-coverage-region-1_full_res.bed
[2023-07-13 13:14:26,910] INFO ----------DIRECTORTY STATISTICS----------
[2023-07-13 13:14:26,910] INFO Total subdirectories accessed: 38
[2023-07-13 13:14:26,910] INFO JSON files without column "TIER1-3" (error count): 7
[2023-07-13 13:14:26,910] INFO Subirectory error percent: 0.184
[2023-07-13 13:14:26,910] INFO ----------COMPARISON STATISTICS----------
[2023-07-13 13:14:26,910] INFO Total Comparisons: 134
[2023-07-13 13:14:26,910] INFO Duplicate coverage count: 39
[2023-07-13 13:14:26,910] INFO Total Comparisons, excluding duplicates: 95
[2023-07-13 13:14:26,910] INFO ----------STATISTICS EXCLUDING DUPLICATES----------
[2023-07-13 13:14:26,910] INFO Cases where JSON coverage was greater: 0.221 (21)
[2023-07-13 13:14:26,910] INFO Cases where BED coverage was greater: 0.495 (47)
[2023-07-13 13:14:26,910] INFO Cases where coverage was equal: 0.284 (27)
[2023-07-13 13:14:26,910] INFO JSON average coverage: 4413.789
[2023-07-13 13:14:26,910] INFO BED average coverage: 4425.421
[2023-07-13 13:14:26,910] INFO Average coverage comparison: 28.832
