[2023-07-19 11:09:10,381] INFO Accessing file for FILTERED: TWAO-102552878-W23-5092-BM-lib1.report.json
[2023-07-19 11:09:10,381] INFO Accessing file: TWAO-102552878-W23-5092-BM-lib1.qc-coverage-region-1_full_res.bed
[2023-07-19 11:09:10,959] INFO Accessing file for FILTERED: TWAO-201723434-W23-5114-BM-lib1.report.json
[2023-07-19 11:09:10,960] INFO Accessing file: TWAO-201723434-W23-5114-BM-lib1.qc-coverage-region-1_full_res.bed
[2023-07-19 11:09:11,561] INFO Accessing file for FILTERED: TWAO-200054718-W23-5200-BM-lib1.report.json
[2023-07-19 11:09:11,561] INFO Accessing file: TWAO-200054718-W23-5200-BM-lib1.qc-coverage-region-1_full_res.bed
[2023-07-19 11:09:12,168] INFO Accessing file for FILTERED: TWAO-MS-Positive-Control-W22-6944-BM-lib16.report.json
[2023-07-19 11:09:12,168] INFO Accessing file: TWAO-MS-Positive-Control-W22-6944-BM-lib16.qc-coverage-region-1_full_res.bed
[2023-07-19 11:09:12,839] INFO Accessing file for FILTERED: TWAO-105163199-W23-5089-BM-lib1.report.json
[2023-07-19 11:09:12,839] INFO Accessing file: TWAO-105163199-W23-5089-BM-lib1.qc-coverage-region-1_full_res.bed
[2023-07-19 11:09:13,506] INFO Accessing file for FILTERED: TWAO-107016815-W23-5248-PB-lib1.report.json
[2023-07-19 11:09:13,506] INFO Accessing file: TWAO-107016815-W23-5248-PB-lib1.qc-coverage-region-1_full_res.bed
[2023-07-19 11:09:14,172] INFO Accessing file for FILTERED: TWAO-104533120-W23-5281-BM-lib1.report.json
[2023-07-19 11:09:14,172] INFO Accessing file: TWAO-104533120-W23-5281-BM-lib1.qc-coverage-region-1_full_res.bed
[2023-07-19 11:09:14,763] INFO Accessing file for FILTERED: TWAO-108032713-W23-5115-BM2-lib1.report.json
[2023-07-19 11:09:14,763] INFO Accessing file: TWAO-108032713-W23-5115-BM2-lib1.qc-coverage-region-1_full_res.bed
[2023-07-19 11:09:15,379] INFO Accessing file for FILTERED: TWAO-202154026-W23-5242-BM-lib1.report.json
[2023-07-19 11:09:15,379] INFO Accessing file: TWAO-202154026-W23-5242-BM-lib1.qc-coverage-region-1_full_res.bed
[2023-07-19 11:09:15,955] INFO Accessing file for FILTERED: TWAO-108783743-W23-5282-BM-lib1.report.json
[2023-07-19 11:09:15,955] INFO Accessing file: TWAO-108783743-W23-5282-BM-lib1.qc-coverage-region-1_full_res.bed
[2023-07-19 11:09:16,563] INFO Accessing file for FILTERED: TWAO-106444776-W23-5197-PB-lib1.report.json
[2023-07-19 11:09:16,563] INFO Accessing file: TWAO-106444776-W23-5197-PB-lib1.qc-coverage-region-1_full_res.bed
[2023-07-19 11:09:17,104] INFO Accessing file for FILTERED: TWAO-202153377-W23-5261-BM-lib1.report.json
[2023-07-19 11:09:17,104] INFO Accessing file: TWAO-202153377-W23-5261-BM-lib1.qc-coverage-region-1_full_res.bed
[2023-07-19 11:09:17,688] INFO Accessing file for FILTERED: TWAO-201682401-W23-5060-BM-lib1.report.json
[2023-07-19 11:09:17,688] INFO Accessing file: TWAO-201682401-W23-5060-BM-lib1.qc-coverage-region-1_full_res.bed
[2023-07-19 11:09:18,311] INFO Accessing file for FILTERED: TWAO-202143635-W23-5271-BM-lib1.report.json
[2023-07-19 11:09:18,311] INFO Accessing file: TWAO-202143635-W23-5271-BM-lib1.qc-coverage-region-1_full_res.bed
[2023-07-19 11:09:19,003] INFO Accessing file for FILTERED: TWAO-103144074-W23-5051-BM-lib1.report.json
[2023-07-19 11:09:19,003] INFO Accessing file: TWAO-103144074-W23-5051-BM-lib1.qc-coverage-region-1_full_res.bed
[2023-07-19 11:09:19,637] INFO Accessing file for FILTERED: TWAO-103636692-W23-5198-BM-lib1.report.json
[2023-07-19 11:09:19,637] INFO Accessing file: TWAO-103636692-W23-5198-BM-lib1.qc-coverage-region-1_full_res.bed
[2023-07-19 11:09:20,260] INFO Accessing file for FILTERED: TWAO-201791635-W23-5078-BM-lib1.report.json
[2023-07-19 11:09:20,260] INFO Accessing file: TWAO-201791635-W23-5078-BM-lib1.qc-coverage-region-1_full_res.bed
[2023-07-19 11:09:20,863] INFO Accessing file for FILTERED: TWAO-105982473-W23-5162-BM-lib1.report.json
[2023-07-19 11:09:20,863] INFO Accessing file: TWAO-105982473-W23-5162-BM-lib1.qc-coverage-region-1_full_res.bed
[2023-07-19 11:09:21,613] INFO Accessing file for FILTERED: TWAO-201796057-W23-5143-BM2-lib1.report.json
[2023-07-19 11:09:21,613] INFO Accessing file: TWAO-201796057-W23-5143-BM2-lib1.qc-coverage-region-1_full_res.bed
[2023-07-19 11:09:22,243] INFO Accessing file for FILTERED: TWAO-103212136-W23-5185-BM-lib1.report.json
[2023-07-19 11:09:22,243] INFO Accessing file: TWAO-103212136-W23-5185-BM-lib1.qc-coverage-region-1_full_res.bed
[2023-07-19 11:09:22,901] INFO Accessing file for FILTERED: TWAO-201878424-W23-5285-BM-lib1.report.json
[2023-07-19 11:09:22,902] INFO Accessing file: TWAO-201878424-W23-5285-BM-lib1.qc-coverage-region-1_full_res.bed
[2023-07-19 11:09:23,522] INFO Accessing file for FILTERED: TWAO-202138202-W23-5245-BM-lib1.report.json
[2023-07-19 11:09:23,522] INFO Accessing file: TWAO-202138202-W23-5245-BM-lib1.qc-coverage-region-1_full_res.bed
[2023-07-19 11:09:24,160] INFO Accessing file for FILTERED: TWAO-201516155-W23-5090-BM-lib1.report.json
[2023-07-19 11:09:24,160] INFO Accessing file: TWAO-201516155-W23-5090-BM-lib1.qc-coverage-region-1_full_res.bed
[2023-07-19 11:09:24,872] INFO Accessing file for FILTERED: TWAO-103562837-W23-5141-BM2-lib1.report.json
[2023-07-19 11:09:24,872] INFO Accessing file: TWAO-103562837-W23-5141-BM2-lib1.qc-coverage-region-1_full_res.bed
[2023-07-19 11:09:25,510] INFO Accessing file for FILTERED: TWAO-108152658-W23-5283-BM-lib1.report.json
[2023-07-19 11:09:25,510] INFO Accessing file: TWAO-108152658-W23-5283-BM-lib1.qc-coverage-region-1_full_res.bed
[2023-07-19 11:09:26,197] INFO Accessing file for FILTERED: TWAO-105188778-W23-5079-BM-lib1.report.json
[2023-07-19 11:09:26,197] INFO Accessing file: TWAO-105188778-W23-5079-BM-lib1.qc-coverage-region-1_full_res.bed
[2023-07-19 11:09:26,773] INFO Accessing file for FILTERED: TWAO-200249928-W23-5250-BM-lib1.report.json
[2023-07-19 11:09:26,773] INFO Accessing file: TWAO-200249928-W23-5250-BM-lib1.qc-coverage-region-1_full_res.bed
[2023-07-19 11:09:27,393] INFO Accessing file for FILTERED: TWAO-107196322-W23-5284-BM-lib1.report.json
[2023-07-19 11:09:27,393] INFO Accessing file: TWAO-107196322-W23-5284-BM-lib1.qc-coverage-region-1_full_res.bed
[2023-07-19 11:09:28,013] INFO Accessing file for FILTERED: TWAO-201938262-W23-5253-BM-lib1.report.json
[2023-07-19 11:09:28,013] INFO Accessing file: TWAO-201938262-W23-5253-BM-lib1.qc-coverage-region-1_full_res.bed
[2023-07-19 11:09:28,620] INFO Accessing file for FILTERED: TWAO-106444776-W23-5056-BM-lib1.report.json
[2023-07-19 11:09:28,620] INFO Accessing file: TWAO-106444776-W23-5056-BM-lib1.qc-coverage-region-1_full_res.bed
[2023-07-19 11:09:28,969] INFO Accessing file for FILTERED: TWAO-201280541-W23-5184-BM-lib1.report.json
[2023-07-19 11:09:28,970] INFO Accessing file: TWAO-201280541-W23-5184-BM-lib1.qc-coverage-region-1_full_res.bed
[2023-07-19 11:09:29,587] INFO Accessing file for FILTERED: TWAO-101484893-W23-5251-BM-lib1.report.json
[2023-07-19 11:09:29,587] INFO Accessing file: TWAO-101484893-W23-5251-BM-lib1.qc-coverage-region-1_full_res.bed
[2023-07-19 11:09:30,228] INFO Accessing file for FILTERED: TWAO-202035007-W23-5244-BM-lib1.report.json
[2023-07-19 11:09:30,228] INFO Accessing file: TWAO-202035007-W23-5244-BM-lib1.qc-coverage-region-1_full_res.bed
[2023-07-19 11:09:30,854] INFO Accessing file for FILTERED: TWAO-100406124-W23-5088-BM-lib1.report.json
[2023-07-19 11:09:30,854] INFO Accessing file: TWAO-100406124-W23-5088-BM-lib1.qc-coverage-region-1_full_res.bed
[2023-07-19 11:09:31,467] INFO Accessing file for FILTERED: TWAO-108007890-W23-5011-BM3-lib1.report.json
[2023-07-19 11:09:31,467] INFO Accessing file: TWAO-108007890-W23-5011-BM3-lib1.qc-coverage-region-1_full_res.bed
[2023-07-19 11:09:32,124] INFO Accessing file for FILTERED: TWAO-106352110-W23-5075-BM-lib1.report.json
[2023-07-19 11:09:32,124] INFO Accessing file: TWAO-106352110-W23-5075-BM-lib1.qc-coverage-region-1_full_res.bed
[2023-07-19 11:09:32,686] INFO Accessing file for FILTERED: TWAO-201805813-W23-5093-BM-lib1.report.json
[2023-07-19 11:09:32,686] INFO Accessing file: TWAO-201805813-W23-5093-BM-lib1.qc-coverage-region-1_full_res.bed
[2023-07-19 11:09:33,301] INFO Accessing file for FILTERED: TWAO-105574860-W23-5249-BM-lib1.report.json
[2023-07-19 11:09:33,301] INFO Accessing file: TWAO-105574860-W23-5249-BM-lib1.qc-coverage-region-1_full_res.bed
[2023-07-19 11:09:33,887] INFO ----------DIRECTORTY STATISTICS----------
[2023-07-19 11:09:33,887] INFO Total subdirectories accessed: 38
[2023-07-19 11:09:33,887] INFO JSON files without correct column (error count): 0
[2023-07-19 11:09:33,887] INFO Subirectory error percent: 0.0
[2023-07-19 11:09:33,887] INFO ----------COMPARISON STATISTICS----------
[2023-07-19 11:09:33,887] INFO Total Comparisons: 1170
[2023-07-19 11:09:33,887] INFO Duplicate coverage count: 829
[2023-07-19 11:09:33,887] INFO Total Comparisons, excluding duplicates: 341
[2023-07-19 11:09:33,887] INFO ----------STATISTICS EXCLUDING DUPLICATES----------
[2023-07-19 11:09:33,887] INFO Cases where JSON coverage was greater: 0.032 (11)
[2023-07-19 11:09:33,887] INFO Cases where BED coverage was greater: 0.836 (285)
[2023-07-19 11:09:33,887] INFO Cases where coverage was equal: 0.132 (45)
[2023-07-19 11:09:33,887] INFO JSON average coverage: 4649.009
[2023-07-19 11:09:33,887] INFO BED average coverage: 4736.355
[2023-07-19 11:09:33,887] INFO Average coverage comparison: -86.56
[2023-07-19 11:09:33,887] INFO Average relative difference: -0.01789
