[2023-07-10 12:20:44,027] INFO Accessing file: ../../sorted_batch247/TWAO-102552878-W23-5092-BM-lib1/TWAO-102552878-W23-5092-BM-lib1.report.json
[2023-07-10 12:20:44,683] INFO BED has greater coverage than JSON
[2023-07-10 12:20:44,684] INFO JSON has greater coverage than BED
[2023-07-10 12:20:44,684] INFO BED has greater coverage than JSON
[2023-07-10 12:20:44,684] INFO BED has greater coverage than JSON
[2023-07-10 12:20:44,684] INFO BED has greater coverage than JSON
[2023-07-10 12:20:44,686] INFO Accessing file: ../../sorted_batch247/TWAO-201723434-W23-5114-BM-lib1/TWAO-201723434-W23-5114-BM-lib1.report.json
[2023-07-10 12:20:45,334] INFO BED has greater coverage than JSON
[2023-07-10 12:20:45,339] INFO Accessing file: ../../sorted_batch247/TWAO-200054718-W23-5200-BM-lib1/TWAO-200054718-W23-5200-BM-lib1.report.json
[2023-07-10 12:20:46,007] INFO BED has greater coverage than JSON
[2023-07-10 12:20:46,009] INFO Accessing file: ../../sorted_batch247/TWAO-MS-Positive-Control-W22-6944-BM-lib16/TWAO-MS-Positive-Control-W22-6944-BM-lib16.report.json
[2023-07-10 12:20:46,655] INFO Coverage is equal
[2023-07-10 12:20:46,655] INFO Coverage is equal
[2023-07-10 12:20:46,655] INFO BED has greater coverage than JSON
[2023-07-10 12:20:46,655] INFO BED has greater coverage than JSON
[2023-07-10 12:20:46,655] INFO Coverage is equal
[2023-07-10 12:20:46,655] INFO JSON has greater coverage than BED
[2023-07-10 12:20:46,655] INFO JSON has greater coverage than BED
[2023-07-10 12:20:46,658] INFO Accessing file: ../../sorted_batch247/TWAO-105163199-W23-5089-BM-lib1/TWAO-105163199-W23-5089-BM-lib1.report.json
[2023-07-10 12:20:47,313] INFO BED has greater coverage than JSON
[2023-07-10 12:20:47,313] INFO BED has greater coverage than JSON
[2023-07-10 12:20:47,313] INFO JSON has greater coverage than BED
[2023-07-10 12:20:47,314] INFO Coverage is equal
[2023-07-10 12:20:47,316] ERROR Tier 1-3 columns do not exist: ../../sorted_batch247/TWAO-107016815-W23-5248-PB-lib1/TWAO-107016815-W23-5248-PB-lib1.report.json
[2023-07-10 12:20:47,317] INFO Accessing file: ../../sorted_batch247/TWAO-104533120-W23-5281-BM-lib1/TWAO-104533120-W23-5281-BM-lib1.report.json
[2023-07-10 12:20:47,954] INFO Coverage is equal
[2023-07-10 12:20:47,954] INFO Coverage is equal
[2023-07-10 12:20:47,954] INFO JSON has greater coverage than BED
[2023-07-10 12:20:47,954] INFO JSON has greater coverage than BED
[2023-07-10 12:20:47,957] INFO Accessing file: ../../sorted_batch247/TWAO-108032713-W23-5115-BM2-lib1/TWAO-108032713-W23-5115-BM2-lib1.report.json
[2023-07-10 12:20:48,725] INFO BED has greater coverage than JSON
[2023-07-10 12:20:48,725] INFO Coverage is equal
[2023-07-10 12:20:48,725] INFO JSON has greater coverage than BED
[2023-07-10 12:20:48,725] INFO JSON has greater coverage than BED
[2023-07-10 12:20:48,725] INFO JSON has greater coverage than BED
[2023-07-10 12:20:48,725] INFO JSON has greater coverage than BED
[2023-07-10 12:20:48,725] INFO JSON has greater coverage than BED
[2023-07-10 12:20:48,725] INFO JSON has greater coverage than BED
[2023-07-10 12:20:48,725] INFO JSON has greater coverage than BED
[2023-07-10 12:20:48,726] ERROR Tier 1-3 columns do not exist: ../../sorted_batch247/TWAO-202154026-W23-5242-BM-lib1/TWAO-202154026-W23-5242-BM-lib1.report.json
[2023-07-10 12:20:48,728] INFO Accessing file: ../../sorted_batch247/TWAO-108783743-W23-5282-BM-lib1/TWAO-108783743-W23-5282-BM-lib1.report.json
[2023-07-10 12:20:49,483] INFO Coverage is equal
[2023-07-10 12:20:49,483] INFO Coverage is equal
[2023-07-10 12:20:49,484] INFO JSON has greater coverage than BED
[2023-07-10 12:20:49,484] INFO BED has greater coverage than JSON
[2023-07-10 12:20:49,484] INFO BED has greater coverage than JSON
[2023-07-10 12:20:49,484] INFO BED has greater coverage than JSON
[2023-07-10 12:20:49,484] INFO BED has greater coverage than JSON
[2023-07-10 12:20:49,485] INFO Accessing file: ../../sorted_batch247/TWAO-106444776-W23-5197-PB-lib1/TWAO-106444776-W23-5197-PB-lib1.report.json
[2023-07-10 12:20:50,099] INFO BED has greater coverage than JSON
[2023-07-10 12:20:50,099] INFO JSON has greater coverage than BED
[2023-07-10 12:20:50,099] INFO Coverage is equal
[2023-07-10 12:20:50,099] INFO Coverage is equal
[2023-07-10 12:20:50,099] INFO Coverage is equal
[2023-07-10 12:20:50,099] INFO Coverage is equal
[2023-07-10 12:20:50,099] INFO JSON has greater coverage than BED
[2023-07-10 12:20:50,099] INFO Coverage is equal
[2023-07-10 12:20:50,100] INFO Accessing file: ../../sorted_batch247/TWAO-202153377-W23-5261-BM-lib1/TWAO-202153377-W23-5261-BM-lib1.report.json
[2023-07-10 12:20:50,700] INFO JSON has greater coverage than BED
[2023-07-10 12:20:50,701] INFO JSON has greater coverage than BED
[2023-07-10 12:20:50,701] INFO BED has greater coverage than JSON
[2023-07-10 12:20:50,701] INFO JSON has greater coverage than BED
[2023-07-10 12:20:50,709] INFO Accessing file: ../../sorted_batch247/TWAO-201682401-W23-5060-BM-lib1/TWAO-201682401-W23-5060-BM-lib1.report.json
[2023-07-10 12:20:51,361] INFO BED has greater coverage than JSON
[2023-07-10 12:20:51,361] INFO BED has greater coverage than JSON
[2023-07-10 12:20:51,367] INFO Accessing file: ../../sorted_batch247/TWAO-202143635-W23-5271-BM-lib1/TWAO-202143635-W23-5271-BM-lib1.report.json
[2023-07-10 12:20:52,114] INFO Coverage is equal
[2023-07-10 12:20:52,114] INFO BED has greater coverage than JSON
[2023-07-10 12:20:52,114] INFO BED has greater coverage than JSON
[2023-07-10 12:20:52,114] INFO BED has greater coverage than JSON
[2023-07-10 12:20:52,116] INFO Accessing file: ../../sorted_batch247/TWAO-103144074-W23-5051-BM-lib1/TWAO-103144074-W23-5051-BM-lib1.report.json
[2023-07-10 12:20:52,774] INFO BED has greater coverage than JSON
[2023-07-10 12:20:52,774] INFO JSON has greater coverage than BED
[2023-07-10 12:20:52,774] INFO JSON has greater coverage than BED
[2023-07-10 12:20:52,774] INFO JSON has greater coverage than BED
[2023-07-10 12:20:52,774] INFO JSON has greater coverage than BED
[2023-07-10 12:20:52,774] INFO JSON has greater coverage than BED
[2023-07-10 12:20:52,774] INFO JSON has greater coverage than BED
[2023-07-10 12:20:52,774] INFO JSON has greater coverage than BED
[2023-07-10 12:20:52,774] INFO JSON has greater coverage than BED
[2023-07-10 12:20:52,774] INFO JSON has greater coverage than BED
[2023-07-10 12:20:52,774] INFO JSON has greater coverage than BED
[2023-07-10 12:20:52,774] INFO JSON has greater coverage than BED
[2023-07-10 12:20:52,774] INFO JSON has greater coverage than BED
[2023-07-10 12:20:52,778] INFO Accessing file: ../../sorted_batch247/TWAO-103636692-W23-5198-BM-lib1/TWAO-103636692-W23-5198-BM-lib1.report.json
[2023-07-10 12:20:53,449] INFO BED has greater coverage than JSON
[2023-07-10 12:20:53,450] INFO Accessing file: ../../sorted_batch247/TWAO-201791635-W23-5078-BM-lib1/TWAO-201791635-W23-5078-BM-lib1.report.json
[2023-07-10 12:20:54,626] INFO Coverage is equal
[2023-07-10 12:20:54,627] INFO Accessing file: ../../sorted_batch247/TWAO-105982473-W23-5162-BM-lib1/TWAO-105982473-W23-5162-BM-lib1.report.json
[2023-07-10 12:20:55,393] INFO Coverage is equal
[2023-07-10 12:20:55,393] INFO Coverage is equal
[2023-07-10 12:20:55,393] INFO BED has greater coverage than JSON
[2023-07-10 12:20:55,394] INFO Accessing file: ../../sorted_batch247/TWAO-201796057-W23-5143-BM2-lib1/TWAO-201796057-W23-5143-BM2-lib1.report.json
[2023-07-10 12:20:56,175] INFO Coverage is equal
[2023-07-10 12:20:56,175] INFO Coverage is equal
[2023-07-10 12:20:56,175] INFO BED has greater coverage than JSON
[2023-07-10 12:20:56,175] INFO JSON has greater coverage than BED
[2023-07-10 12:20:56,175] INFO BED has greater coverage than JSON
[2023-07-10 12:20:56,176] INFO BED has greater coverage than JSON
[2023-07-10 12:20:56,176] INFO Coverage is equal
[2023-07-10 12:20:56,177] INFO Accessing file: ../../sorted_batch247/TWAO-103212136-W23-5185-BM-lib1/TWAO-103212136-W23-5185-BM-lib1.report.json
[2023-07-10 12:20:56,958] INFO JSON has greater coverage than BED
[2023-07-10 12:20:56,959] INFO BED has greater coverage than JSON
[2023-07-10 12:20:56,959] INFO JSON has greater coverage than BED
[2023-07-10 12:20:56,959] INFO BED has greater coverage than JSON
[2023-07-10 12:20:56,959] INFO BED has greater coverage than JSON
[2023-07-10 12:20:56,959] INFO BED has greater coverage than JSON
[2023-07-10 12:20:56,961] ERROR Tier 1-3 columns do not exist: ../../sorted_batch247/TWAO-201878424-W23-5285-BM-lib1/TWAO-201878424-W23-5285-BM-lib1.report.json
[2023-07-10 12:20:56,963] INFO Accessing file: ../../sorted_batch247/TWAO-202138202-W23-5245-BM-lib1/TWAO-202138202-W23-5245-BM-lib1.report.json
[2023-07-10 12:20:57,696] INFO Coverage is equal
[2023-07-10 12:20:57,697] INFO Accessing file: ../../sorted_batch247/TWAO-201516155-W23-5090-BM-lib1/TWAO-201516155-W23-5090-BM-lib1.report.json
[2023-07-10 12:20:58,574] INFO JSON has greater coverage than BED
[2023-07-10 12:20:58,574] INFO JSON has greater coverage than BED
[2023-07-10 12:20:58,574] INFO JSON has greater coverage than BED
[2023-07-10 12:20:58,574] INFO JSON has greater coverage than BED
[2023-07-10 12:20:58,574] INFO BED has greater coverage than JSON
[2023-07-10 12:20:58,574] INFO BED has greater coverage than JSON
[2023-07-10 12:20:58,574] INFO BED has greater coverage than JSON
[2023-07-10 12:20:58,575] INFO JSON has greater coverage than BED
[2023-07-10 12:20:58,576] INFO Accessing file: ../../sorted_batch247/TWAO-103562837-W23-5141-BM2-lib1/TWAO-103562837-W23-5141-BM2-lib1.report.json
[2023-07-10 12:20:59,292] INFO BED has greater coverage than JSON
[2023-07-10 12:20:59,293] INFO BED has greater coverage than JSON
[2023-07-10 12:20:59,293] INFO BED has greater coverage than JSON
[2023-07-10 12:20:59,294] ERROR Tier 1-3 columns do not exist: ../../sorted_batch247/TWAO-108152658-W23-5283-BM-lib1/TWAO-108152658-W23-5283-BM-lib1.report.json
[2023-07-10 12:20:59,295] INFO Accessing file: ../../sorted_batch247/TWAO-105188778-W23-5079-BM-lib1/TWAO-105188778-W23-5079-BM-lib1.report.json
[2023-07-10 12:20:59,978] INFO BED has greater coverage than JSON
[2023-07-10 12:20:59,979] INFO Coverage is equal
[2023-07-10 12:20:59,979] INFO Coverage is equal
[2023-07-10 12:20:59,980] INFO Accessing file: ../../sorted_batch247/TWAO-200249928-W23-5250-BM-lib1/TWAO-200249928-W23-5250-BM-lib1.report.json
[2023-07-10 12:21:00,698] INFO BED has greater coverage than JSON
[2023-07-10 12:21:00,698] INFO BED has greater coverage than JSON
[2023-07-10 12:21:00,703] INFO Accessing file: ../../sorted_batch247/TWAO-107196322-W23-5284-BM-lib1/TWAO-107196322-W23-5284-BM-lib1.report.json
[2023-07-10 12:21:01,369] INFO BED has greater coverage than JSON
[2023-07-10 12:21:01,369] INFO JSON has greater coverage than BED
[2023-07-10 12:21:01,369] INFO BED has greater coverage than JSON
[2023-07-10 12:21:01,369] INFO Coverage is equal
[2023-07-10 12:21:01,369] INFO Coverage is equal
[2023-07-10 12:21:01,372] INFO Accessing file: ../../sorted_batch247/TWAO-201938262-W23-5253-BM-lib1/TWAO-201938262-W23-5253-BM-lib1.report.json
[2023-07-10 12:21:02,027] INFO BED has greater coverage than JSON
[2023-07-10 12:21:02,042] INFO Accessing file: ../../sorted_batch247/TWAO-106444776-W23-5056-BM-lib1/TWAO-106444776-W23-5056-BM-lib1.report.json
[2023-07-10 12:21:02,483] INFO Coverage is equal
[2023-07-10 12:21:02,483] INFO JSON has greater coverage than BED
[2023-07-10 12:21:02,483] INFO BED has greater coverage than JSON
[2023-07-10 12:21:02,483] INFO BED has greater coverage than JSON
[2023-07-10 12:21:02,484] INFO Coverage is equal
[2023-07-10 12:21:02,484] INFO JSON has greater coverage than BED
[2023-07-10 12:21:02,484] INFO Coverage is equal
[2023-07-10 12:21:02,485] INFO Accessing file: ../../sorted_batch247/TWAO-201280541-W23-5184-BM-lib1/TWAO-201280541-W23-5184-BM-lib1.report.json
[2023-07-10 12:21:03,183] INFO BED has greater coverage than JSON
[2023-07-10 12:21:03,183] INFO BED has greater coverage than JSON
[2023-07-10 12:21:03,183] INFO Coverage is equal
[2023-07-10 12:21:03,190] INFO Accessing file: ../../sorted_batch247/TWAO-101484893-W23-5251-BM-lib1/TWAO-101484893-W23-5251-BM-lib1.report.json
[2023-07-10 12:21:03,871] INFO BED has greater coverage than JSON
[2023-07-10 12:21:03,871] INFO BED has greater coverage than JSON
[2023-07-10 12:21:03,871] INFO Coverage is equal
[2023-07-10 12:21:03,871] INFO BED has greater coverage than JSON
[2023-07-10 12:21:03,871] INFO JSON has greater coverage than BED
[2023-07-10 12:21:03,873] INFO Accessing file: ../../sorted_batch247/TWAO-202035007-W23-5244-BM-lib1/TWAO-202035007-W23-5244-BM-lib1.report.json
[2023-07-10 12:21:04,596] INFO BED has greater coverage than JSON
[2023-07-10 12:21:04,596] INFO BED has greater coverage than JSON
[2023-07-10 12:21:04,596] INFO Coverage is equal
[2023-07-10 12:21:04,596] INFO JSON has greater coverage than BED
[2023-07-10 12:21:04,596] INFO BED has greater coverage than JSON
[2023-07-10 12:21:04,597] ERROR Tier 1-3 columns do not exist: ../../sorted_batch247/TWAO-100406124-W23-5088-BM-lib1/TWAO-100406124-W23-5088-BM-lib1.report.json
[2023-07-10 12:21:04,603] ERROR Tier 1-3 columns do not exist: ../../sorted_batch247/TWAO-108007890-W23-5011-BM3-lib1/TWAO-108007890-W23-5011-BM3-lib1.report.json
[2023-07-10 12:21:04,605] ERROR Tier 1-3 columns do not exist: ../../sorted_batch247/TWAO-106352110-W23-5075-BM-lib1/TWAO-106352110-W23-5075-BM-lib1.report.json
[2023-07-10 12:21:04,606] INFO Accessing file: ../../sorted_batch247/TWAO-201805813-W23-5093-BM-lib1/TWAO-201805813-W23-5093-BM-lib1.report.json
[2023-07-10 12:21:05,270] INFO BED has greater coverage than JSON
[2023-07-10 12:21:05,273] INFO Accessing file: ../../sorted_batch247/TWAO-105574860-W23-5249-BM-lib1/TWAO-105574860-W23-5249-BM-lib1.report.json
[2023-07-10 12:21:05,868] INFO BED has greater coverage than JSON
[2023-07-10 12:21:05,869] INFO Coverage is equal
[2023-07-10 12:21:05,869] INFO BED has greater coverage than JSON
[2023-07-10 12:21:05,874] INFO ----------DIRECTORTY STATISTICS----------
[2023-07-10 12:21:05,874] INFO Total subdirectories accessed: 38
[2023-07-10 12:21:05,874] INFO JSON files without column "TIER1-3" (error count): 7
[2023-07-10 12:21:05,874] INFO Subirectory error percent: 0.184
[2023-07-10 12:21:05,874] INFO ----------COMPARISON STATISTICS----------
[2023-07-10 12:21:05,874] INFO Total Comparisons: 134
[2023-07-10 12:21:05,874] INFO Cases where JSON coverage was greater: 0.328 (44)
[2023-07-10 12:21:05,874] INFO Cases where BED coverage was greater: 0.425 (57)
[2023-07-10 12:21:05,874] INFO Cases where coverage was equal: 0.246 (33)
[2023-07-10 12:21:05,874] INFO JSON average coverage: 4169.037
[2023-07-10 12:21:05,874] INFO BED average coverage: 3883.515
[2023-07-10 12:21:05,874] INFO Average coverage comparison: 285.522
[2023-07-10 12:21:05,874] INFO NOTE: Average coverage calculated by (JSON coverage) - (BED coverage) for each interval
[2023-07-10 12:21:05,874] INFO NOTE: +(pos) indicates higher average JSON coverage, -(neg) indicated higher average BED coverage
