[2023-07-19 12:07:44,497] INFO Reading table: rel_diff_t13_f_unannotated.tsv
[2023-07-19 12:07:44,552] INFO Accessing file: TWAO-108032713-W23-5115-BM2-lib1.annotated_filtered.vcf
[2023-07-19 12:07:45,262] INFO Accessing file: TWAO-201516155-W23-5090-BM-lib1.annotated_filtered.vcf
[2023-07-19 12:07:45,726] INFO Accessing file: TWAO-202143635-W23-5271-BM-lib1.annotated_filtered.vcf
[2023-07-19 12:07:45,993] INFO Accessing file: TWAO-MS-Positive-Control-W22-6944-BM-lib16.annotated_filtered.vcf
[2023-07-19 12:07:46,007] INFO Accessing file: TWAO-103144074-W23-5051-BM-lib1.annotated_filtered.vcf
[2023-07-19 12:07:46,016] INFO Accessing file: TWAO-201796057-W23-5143-BM2-lib1.annotated_filtered.vcf
[2023-07-19 12:07:46,024] INFO Accessing file: TWAO-202143635-W23-5271-BM-lib1.annotated_filtered.vcf
[2023-07-19 12:07:46,026] INFO Accessing file: TWAO-105163199-W23-5089-BM-lib1.annotated_filtered.vcf
[2023-07-19 12:07:46,030] INFO Accessing file: TWAO-108783743-W23-5282-BM-lib1.annotated_filtered.vcf
[2023-07-19 12:07:46,037] INFO Accessing file: TWAO-103212136-W23-5185-BM-lib1.annotated_filtered.vcf
[2023-07-19 12:07:46,044] INFO Accessing file: TWAO-108032713-W23-5115-BM2-lib1.annotated_filtered.vcf
[2023-07-19 12:07:46,046] INFO Accessing file: TWAO-101484893-W23-5251-BM-lib1.annotated_filtered.vcf
[2023-07-19 12:07:46,052] INFO Accessing file: TWAO-104533120-W23-5281-BM-lib1.annotated_filtered.vcf
[2023-07-19 12:07:46,060] INFO Accessing file: TWAO-201796057-W23-5143-BM2-lib1.annotated_filtered.vcf
[2023-07-19 12:07:46,061] ERROR Coverage set not found: TWAO-201796057-W23-5143-BM2-lib1.annotated_filtered.vcf
[2023-07-19 12:07:46,061] INFO Accessing file: TWAO-106444776-W23-5197-PB-lib1.annotated_filtered.vcf
[2023-07-19 12:07:46,067] INFO Accessing file: TWAO-107196322-W23-5284-BM-lib1.annotated_filtered.vcf
[2023-07-19 12:07:46,075] INFO Accessing file: TWAO-101484893-W23-5251-BM-lib1.annotated_filtered.vcf
[2023-07-19 12:07:46,076] INFO Accessing file: TWAO-106444776-W23-5056-BM-lib1.annotated_filtered.vcf
[2023-07-19 12:07:46,078] INFO Accessing file: TWAO-108007890-W23-5011-BM3-lib1.annotated_filtered.vcf
[2023-07-19 12:07:46,082] INFO Accessing file: TWAO-106444776-W23-5197-PB-lib1.annotated_filtered.vcf
[2023-07-19 12:07:46,083] INFO Accessing file: TWAO-201723434-W23-5114-BM-lib1.annotated_filtered.vcf
[2023-07-19 12:07:46,089] INFO Accessing file: TWAO-202153377-W23-5261-BM-lib1.annotated_filtered.vcf
[2023-07-19 12:07:46,093] INFO Accessing file: TWAO-103562837-W23-5141-BM2-lib1.annotated_filtered.vcf
[2023-07-19 12:07:46,100] INFO Accessing file: TWAO-108007890-W23-5011-BM3-lib1.annotated_filtered.vcf
[2023-07-19 12:07:46,101] INFO Accessing file: TWAO-108032713-W23-5115-BM2-lib1.annotated_filtered.vcf
[2023-07-19 12:07:46,102] INFO Accessing file: TWAO-201723434-W23-5114-BM-lib1.annotated_filtered.vcf
[2023-07-19 12:07:46,103] INFO Accessing file: TWAO-107016815-W23-5248-PB-lib1.annotated_filtered.vcf
[2023-07-19 12:07:46,113] INFO Accessing file: TWAO-202143635-W23-5271-BM-lib1.annotated_filtered.vcf
[2023-07-19 12:07:46,114] INFO Accessing file: TWAO-103212136-W23-5185-BM-lib1.annotated_filtered.vcf
[2023-07-19 12:07:46,115] INFO Accessing file: TWAO-202153377-W23-5261-BM-lib1.annotated_filtered.vcf
[2023-07-19 12:07:46,116] INFO Accessing file: TWAO-104533120-W23-5281-BM-lib1.annotated_filtered.vcf
[2023-07-19 12:07:46,117] INFO Accessing file: TWAO-201516155-W23-5090-BM-lib1.annotated_filtered.vcf
[2023-07-19 12:07:46,118] INFO Accessing file: TWAO-201280541-W23-5184-BM-lib1.annotated_filtered.vcf
[2023-07-19 12:07:46,128] INFO Accessing file: TWAO-103144074-W23-5051-BM-lib1.annotated_filtered.vcf
[2023-07-19 12:07:46,129] INFO Accessing file: TWAO-105163199-W23-5089-BM-lib1.annotated_filtered.vcf
[2023-07-19 12:07:46,129] INFO Accessing file: TWAO-108032713-W23-5115-BM2-lib1.annotated_filtered.vcf
[2023-07-19 12:07:46,130] INFO Accessing file: TWAO-201280541-W23-5184-BM-lib1.annotated_filtered.vcf
[2023-07-19 12:07:46,131] INFO Accessing file: TWAO-104533120-W23-5281-BM-lib1.annotated_filtered.vcf
[2023-07-19 12:07:46,132] INFO Accessing file: TWAO-201791635-W23-5078-BM-lib1.annotated_filtered.vcf
[2023-07-19 12:07:46,136] INFO Accessing file: TWAO-106444776-W23-5056-BM-lib1.annotated_filtered.vcf
[2023-07-19 12:07:46,137] INFO Accessing file: TWAO-107196322-W23-5284-BM-lib1.annotated_filtered.vcf
[2023-07-19 12:07:46,138] INFO Accessing file: TWAO-201516155-W23-5090-BM-lib1.annotated_filtered.vcf
[2023-07-19 12:07:46,139] INFO Accessing file: TWAO-201516155-W23-5090-BM-lib1.annotated_filtered.vcf
[2023-07-19 12:07:46,140] INFO Accessing file: TWAO-107196322-W23-5284-BM-lib1.annotated_filtered.vcf
[2023-07-19 12:07:46,141] INFO Accessing file: TWAO-107196322-W23-5284-BM-lib1.annotated_filtered.vcf
[2023-07-19 12:07:46,142] INFO Accessing file: TWAO-107196322-W23-5284-BM-lib1.annotated_filtered.vcf
[2023-07-19 12:07:46,143] INFO Accessing file: TWAO-105188778-W23-5079-BM-lib1.annotated_filtered.vcf
[2023-07-19 12:07:46,156] INFO Accessing file: TWAO-201796057-W23-5143-BM2-lib1.annotated_filtered.vcf
[2023-07-19 12:07:46,157] INFO Accessing file: TWAO-202138202-W23-5245-BM-lib1.annotated_filtered.vcf
[2023-07-19 12:07:46,162] INFO Accessing file: TWAO-202138202-W23-5245-BM-lib1.annotated_filtered.vcf
[2023-07-19 12:07:46,163] INFO Accessing file: TWAO-202138202-W23-5245-BM-lib1.annotated_filtered.vcf
[2023-07-19 12:07:46,164] INFO Accessing file: TWAO-105982473-W23-5162-BM-lib1.annotated_filtered.vcf
[2023-07-19 12:07:46,171] INFO Accessing file: TWAO-201796057-W23-5143-BM2-lib1.annotated_filtered.vcf
[2023-07-19 12:07:46,172] INFO Accessing file: TWAO-202143635-W23-5271-BM-lib1.annotated_filtered.vcf
[2023-07-19 12:07:46,173] INFO Accessing file: TWAO-103212136-W23-5185-BM-lib1.annotated_filtered.vcf
[2023-07-19 12:07:46,174] INFO Accessing file: TWAO-103212136-W23-5185-BM-lib1.annotated_filtered.vcf
[2023-07-19 12:07:46,175] INFO Accessing file: TWAO-201878424-W23-5285-BM-lib1.annotated_filtered.vcf
[2023-07-19 12:07:46,180] INFO Accessing file: TWAO-202153377-W23-5261-BM-lib1.annotated_filtered.vcf
[2023-07-19 12:07:46,181] INFO Accessing file: TWAO-202138202-W23-5245-BM-lib1.annotated_filtered.vcf
[2023-07-19 12:07:46,182] INFO Accessing file: TWAO-202138202-W23-5245-BM-lib1.annotated_filtered.vcf
[2023-07-19 12:07:46,183] INFO Accessing file: TWAO-202138202-W23-5245-BM-lib1.annotated_filtered.vcf
[2023-07-19 12:07:46,184] INFO Accessing file: TWAO-202138202-W23-5245-BM-lib1.annotated_filtered.vcf
[2023-07-19 12:07:46,185] INFO Accessing file: TWAO-202138202-W23-5245-BM-lib1.annotated_filtered.vcf
[2023-07-19 12:07:46,186] INFO Accessing file: TWAO-202138202-W23-5245-BM-lib1.annotated_filtered.vcf
[2023-07-19 12:07:46,187] INFO Accessing file: TWAO-106444776-W23-5197-PB-lib1.annotated_filtered.vcf
[2023-07-19 12:07:46,188] INFO Accessing file: TWAO-106444776-W23-5197-PB-lib1.annotated_filtered.vcf
[2023-07-19 12:07:46,189] INFO Accessing file: TWAO-106444776-W23-5197-PB-lib1.annotated_filtered.vcf
[2023-07-19 12:07:46,189] INFO Accessing file: TWAO-201280541-W23-5184-BM-lib1.annotated_filtered.vcf
[2023-07-19 12:07:46,190] INFO Accessing file: TWAO-202138202-W23-5245-BM-lib1.annotated_filtered.vcf
[2023-07-19 12:07:46,191] INFO Accessing file: TWAO-201796057-W23-5143-BM2-lib1.annotated_filtered.vcf
[2023-07-19 12:07:46,192] INFO Accessing file: TWAO-202138202-W23-5245-BM-lib1.annotated_filtered.vcf
[2023-07-19 12:07:46,193] INFO Accessing file: TWAO-108783743-W23-5282-BM-lib1.annotated_filtered.vcf
[2023-07-19 12:07:46,194] INFO Accessing file: TWAO-108783743-W23-5282-BM-lib1.annotated_filtered.vcf
[2023-07-19 12:07:46,195] INFO Accessing file: TWAO-202138202-W23-5245-BM-lib1.annotated_filtered.vcf
[2023-07-19 12:07:46,196] INFO Accessing file: TWAO-202138202-W23-5245-BM-lib1.annotated_filtered.vcf
[2023-07-19 12:07:46,197] INFO Accessing file: TWAO-105188778-W23-5079-BM-lib1.annotated_filtered.vcf
[2023-07-19 12:07:46,198] INFO Accessing file: TWAO-200054718-W23-5200-BM-lib1.annotated_filtered.vcf
[2023-07-19 12:07:46,203] INFO Accessing file: TWAO-105574860-W23-5249-BM-lib1.annotated_filtered.vcf
[2023-07-19 12:07:46,211] INFO Accessing file: TWAO-108007890-W23-5011-BM3-lib1.annotated_filtered.vcf
[2023-07-19 12:07:46,212] INFO Accessing file: TWAO-201280541-W23-5184-BM-lib1.annotated_filtered.vcf
[2023-07-19 12:07:46,213] INFO Accessing file: TWAO-105574860-W23-5249-BM-lib1.annotated_filtered.vcf
[2023-07-19 12:07:46,214] INFO Accessing file: TWAO-201280541-W23-5184-BM-lib1.annotated_filtered.vcf
[2023-07-19 12:07:46,215] INFO Accessing file: TWAO-201280541-W23-5184-BM-lib1.annotated_filtered.vcf
[2023-07-19 12:07:46,216] INFO Accessing file: TWAO-105574860-W23-5249-BM-lib1.annotated_filtered.vcf
[2023-07-19 12:07:46,217] INFO Accessing file: TWAO-105574860-W23-5249-BM-lib1.annotated_filtered.vcf
[2023-07-19 12:07:46,218] INFO Accessing file: TWAO-105574860-W23-5249-BM-lib1.annotated_filtered.vcf
[2023-07-19 12:07:46,218] INFO Accessing file: TWAO-201280541-W23-5184-BM-lib1.annotated_filtered.vcf
[2023-07-19 12:07:46,219] INFO Accessing file: TWAO-105574860-W23-5249-BM-lib1.annotated_filtered.vcf
[2023-07-19 12:07:46,220] INFO Accessing file: TWAO-200054718-W23-5200-BM-lib1.annotated_filtered.vcf
[2023-07-19 12:07:46,221] INFO Accessing file: TWAO-201805813-W23-5093-BM-lib1.annotated_filtered.vcf
[2023-07-19 12:07:46,225] INFO Accessing file: TWAO-102552878-W23-5092-BM-lib1.annotated_filtered.vcf
[2023-07-19 12:07:46,229] INFO Accessing file: TWAO-200054718-W23-5200-BM-lib1.annotated_filtered.vcf
[2023-07-19 12:07:46,230] INFO Accessing file: TWAO-105574860-W23-5249-BM-lib1.annotated_filtered.vcf
[2023-07-19 12:07:46,231] INFO Accessing file: TWAO-MS-Positive-Control-W22-6944-BM-lib16.annotated_filtered.vcf
[2023-07-19 12:07:46,232] INFO Accessing file: TWAO-MS-Positive-Control-W22-6944-BM-lib16.annotated_filtered.vcf
[2023-07-19 12:07:46,233] INFO Accessing file: TWAO-201280541-W23-5184-BM-lib1.annotated_filtered.vcf
[2023-07-19 12:07:46,234] INFO Accessing file: TWAO-105574860-W23-5249-BM-lib1.annotated_filtered.vcf
[2023-07-19 12:07:46,235] INFO Accessing file: TWAO-202035007-W23-5244-BM-lib1.annotated_filtered.vcf
[2023-07-19 12:07:46,241] INFO Accessing file: TWAO-201723434-W23-5114-BM-lib1.annotated_filtered.vcf
[2023-07-19 12:07:46,242] INFO Accessing file: TWAO-201280541-W23-5184-BM-lib1.annotated_filtered.vcf
[2023-07-19 12:07:46,244] INFO Accessing file: TWAO-MS-Positive-Control-W22-6944-BM-lib16.annotated_filtered.vcf
[2023-07-19 12:07:46,246] INFO Accessing file: TWAO-201280541-W23-5184-BM-lib1.annotated_filtered.vcf
[2023-07-19 12:07:46,247] INFO Accessing file: TWAO-105574860-W23-5249-BM-lib1.annotated_filtered.vcf
[2023-07-19 12:07:46,248] INFO Accessing file: TWAO-108783743-W23-5282-BM-lib1.annotated_filtered.vcf
[2023-07-19 12:07:46,249] INFO Accessing file: TWAO-202138202-W23-5245-BM-lib1.annotated_filtered.vcf
[2023-07-19 12:07:46,253] INFO Accessing file: TWAO-106352110-W23-5075-BM-lib1.annotated_filtered.vcf
[2023-07-19 12:07:46,267] INFO Accessing file: TWAO-201723434-W23-5114-BM-lib1.annotated_filtered.vcf
[2023-07-19 12:07:46,270] INFO Accessing file: TWAO-102552878-W23-5092-BM-lib1.annotated_filtered.vcf
[2023-07-19 12:07:46,274] INFO Accessing file: TWAO-202138202-W23-5245-BM-lib1.annotated_filtered.vcf
[2023-07-19 12:07:46,278] INFO Accessing file: TWAO-201723434-W23-5114-BM-lib1.annotated_filtered.vcf
[2023-07-19 12:07:46,284] INFO Accessing file: TWAO-101484893-W23-5251-BM-lib1.annotated_filtered.vcf
[2023-07-19 12:07:46,285] INFO Accessing file: TWAO-202138202-W23-5245-BM-lib1.annotated_filtered.vcf
[2023-07-19 12:07:46,287] INFO Accessing file: TWAO-202153377-W23-5261-BM-lib1.annotated_filtered.vcf
[2023-07-19 12:07:46,288] INFO Accessing file: TWAO-201280541-W23-5184-BM-lib1.annotated_filtered.vcf
[2023-07-19 12:07:46,290] INFO Accessing file: TWAO-105574860-W23-5249-BM-lib1.annotated_filtered.vcf
[2023-07-19 12:07:46,294] INFO Accessing file: TWAO-201682401-W23-5060-BM-lib1.annotated_filtered.vcf
[2023-07-19 12:07:46,301] INFO Accessing file: TWAO-202143635-W23-5271-BM-lib1.annotated_filtered.vcf
[2023-07-19 12:07:46,303] INFO Accessing file: TWAO-102552878-W23-5092-BM-lib1.annotated_filtered.vcf
[2023-07-19 12:07:46,304] INFO Accessing file: TWAO-103144074-W23-5051-BM-lib1.annotated_filtered.vcf
[2023-07-19 12:07:46,305] INFO Accessing file: TWAO-103144074-W23-5051-BM-lib1.annotated_filtered.vcf
[2023-07-19 12:07:46,306] INFO Accessing file: TWAO-103144074-W23-5051-BM-lib1.annotated_filtered.vcf
[2023-07-19 12:07:46,309] INFO Accessing file: TWAO-103636692-W23-5198-BM-lib1.annotated_filtered.vcf
[2023-07-19 12:07:46,318] INFO Accessing file: TWAO-102552878-W23-5092-BM-lib1.annotated_filtered.vcf
[2023-07-19 12:07:46,319] INFO Accessing file: TWAO-201791635-W23-5078-BM-lib1.annotated_filtered.vcf
[2023-07-19 12:07:46,320] INFO Accessing file: TWAO-105574860-W23-5249-BM-lib1.annotated_filtered.vcf
[2023-07-19 12:07:46,321] INFO Accessing file: TWAO-105982473-W23-5162-BM-lib1.annotated_filtered.vcf
[2023-07-19 12:07:46,322] INFO Accessing file: TWAO-105982473-W23-5162-BM-lib1.annotated_filtered.vcf
[2023-07-19 12:07:46,323] INFO Accessing file: TWAO-201796057-W23-5143-BM2-lib1.annotated_filtered.vcf
[2023-07-19 12:07:46,324] INFO Accessing file: TWAO-201796057-W23-5143-BM2-lib1.annotated_filtered.vcf
[2023-07-19 12:07:46,327] INFO Accessing file: TWAO-201796057-W23-5143-BM2-lib1.annotated_filtered.vcf
[2023-07-19 12:07:46,329] INFO Accessing file: TWAO-105574860-W23-5249-BM-lib1.annotated_filtered.vcf
[2023-07-19 12:07:46,331] INFO Accessing file: TWAO-103212136-W23-5185-BM-lib1.annotated_filtered.vcf
[2023-07-19 12:07:46,332] INFO Accessing file: TWAO-105574860-W23-5249-BM-lib1.annotated_filtered.vcf
[2023-07-19 12:07:46,333] INFO Accessing file: TWAO-108783743-W23-5282-BM-lib1.annotated_filtered.vcf
[2023-07-19 12:07:46,334] INFO Accessing file: TWAO-201280541-W23-5184-BM-lib1.annotated_filtered.vcf
[2023-07-19 12:07:46,336] INFO Accessing file: TWAO-202138202-W23-5245-BM-lib1.annotated_filtered.vcf
[2023-07-19 12:07:46,337] INFO Accessing file: TWAO-202138202-W23-5245-BM-lib1.annotated_filtered.vcf
[2023-07-19 12:07:46,338] INFO Accessing file: TWAO-201280541-W23-5184-BM-lib1.annotated_filtered.vcf
[2023-07-19 12:07:46,340] INFO Accessing file: TWAO-201280541-W23-5184-BM-lib1.annotated_filtered.vcf
[2023-07-19 12:07:46,341] INFO Accessing file: TWAO-201516155-W23-5090-BM-lib1.annotated_filtered.vcf
[2023-07-19 12:07:46,343] INFO Accessing file: TWAO-103562837-W23-5141-BM2-lib1.annotated_filtered.vcf
[2023-07-19 12:07:46,344] INFO Accessing file: TWAO-105188778-W23-5079-BM-lib1.annotated_filtered.vcf
[2023-07-19 12:07:46,345] INFO Accessing file: TWAO-200054718-W23-5200-BM-lib1.annotated_filtered.vcf
[2023-07-19 12:07:46,346] INFO Accessing file: TWAO-200249928-W23-5250-BM-lib1.annotated_filtered.vcf
[2023-07-19 12:07:46,351] INFO Accessing file: TWAO-200054718-W23-5200-BM-lib1.annotated_filtered.vcf
[2023-07-19 12:07:46,353] INFO Accessing file: TWAO-108032713-W23-5115-BM2-lib1.annotated_filtered.vcf
[2023-07-19 12:07:46,354] INFO Accessing file: TWAO-200054718-W23-5200-BM-lib1.annotated_filtered.vcf
[2023-07-19 12:07:46,356] INFO Accessing file: TWAO-MS-Positive-Control-W22-6944-BM-lib16.annotated_filtered.vcf
[2023-07-19 12:07:46,358] INFO Accessing file: TWAO-200054718-W23-5200-BM-lib1.annotated_filtered.vcf
[2023-07-19 12:07:46,361] INFO Accessing file: TWAO-MS-Positive-Control-W22-6944-BM-lib16.annotated_filtered.vcf
[2023-07-19 12:07:46,362] INFO Accessing file: TWAO-201280541-W23-5184-BM-lib1.annotated_filtered.vcf
[2023-07-19 12:07:46,363] INFO Accessing file: TWAO-201280541-W23-5184-BM-lib1.annotated_filtered.vcf
[2023-07-19 12:07:46,365] INFO Accessing file: TWAO-103144074-W23-5051-BM-lib1.annotated_filtered.vcf
[2023-07-19 12:07:46,366] INFO Accessing file: TWAO-103212136-W23-5185-BM-lib1.annotated_filtered.vcf
[2023-07-19 12:07:46,367] INFO Accessing file: TWAO-105574860-W23-5249-BM-lib1.annotated_filtered.vcf
[2023-07-19 12:07:46,368] INFO Accessing file: TWAO-103144074-W23-5051-BM-lib1.annotated_filtered.vcf
[2023-07-19 12:07:46,370] INFO Accessing file: TWAO-105163199-W23-5089-BM-lib1.annotated_filtered.vcf
[2023-07-19 12:07:46,372] INFO Accessing file: TWAO-201280541-W23-5184-BM-lib1.annotated_filtered.vcf
[2023-07-19 12:07:46,373] INFO Accessing file: TWAO-201280541-W23-5184-BM-lib1.annotated_filtered.vcf
[2023-07-19 12:07:46,376] INFO Accessing file: TWAO-200054718-W23-5200-BM-lib1.annotated_filtered.vcf
[2023-07-19 12:07:46,379] INFO Accessing file: TWAO-107196322-W23-5284-BM-lib1.annotated_filtered.vcf
[2023-07-19 12:07:46,380] INFO Accessing file: TWAO-105574860-W23-5249-BM-lib1.annotated_filtered.vcf
[2023-07-19 12:07:46,382] INFO Accessing file: TWAO-201280541-W23-5184-BM-lib1.annotated_filtered.vcf
[2023-07-19 12:07:46,384] INFO Accessing file: TWAO-201280541-W23-5184-BM-lib1.annotated_filtered.vcf
[2023-07-19 12:07:46,386] INFO Accessing file: TWAO-105574860-W23-5249-BM-lib1.annotated_filtered.vcf
[2023-07-19 12:07:46,387] INFO Accessing file: TWAO-200054718-W23-5200-BM-lib1.annotated_filtered.vcf
[2023-07-19 12:07:46,388] INFO Accessing file: TWAO-201723434-W23-5114-BM-lib1.annotated_filtered.vcf
[2023-07-19 12:07:46,390] INFO Accessing file: TWAO-104533120-W23-5281-BM-lib1.annotated_filtered.vcf
[2023-07-19 12:07:46,393] INFO Accessing file: TWAO-202035007-W23-5244-BM-lib1.annotated_filtered.vcf
[2023-07-19 12:07:46,396] INFO Accessing file: TWAO-202154026-W23-5242-BM-lib1.annotated_filtered.vcf
[2023-07-19 12:07:46,402] INFO Accessing file: TWAO-201682401-W23-5060-BM-lib1.annotated_filtered.vcf
[2023-07-19 12:07:46,404] INFO Accessing file: TWAO-202138202-W23-5245-BM-lib1.annotated_filtered.vcf
[2023-07-19 12:07:46,406] INFO Accessing file: TWAO-104533120-W23-5281-BM-lib1.annotated_filtered.vcf
[2023-07-19 12:07:46,407] INFO Accessing file: TWAO-201516155-W23-5090-BM-lib1.annotated_filtered.vcf
[2023-07-19 12:07:46,411] INFO Accessing file: TWAO-202138202-W23-5245-BM-lib1.annotated_filtered.vcf
[2023-07-19 12:07:46,413] INFO Accessing file: TWAO-201280541-W23-5184-BM-lib1.annotated_filtered.vcf
[2023-07-19 12:07:46,415] INFO Accessing file: TWAO-202138202-W23-5245-BM-lib1.annotated_filtered.vcf
[2023-07-19 12:07:46,416] INFO Accessing file: TWAO-201723434-W23-5114-BM-lib1.annotated_filtered.vcf
[2023-07-19 12:07:46,417] INFO Accessing file: TWAO-106444776-W23-5197-PB-lib1.annotated_filtered.vcf
[2023-07-19 12:07:46,418] INFO Accessing file: TWAO-201938262-W23-5253-BM-lib1.annotated_filtered.vcf
[2023-07-19 12:07:46,425] INFO Accessing file: TWAO-201878424-W23-5285-BM-lib1.annotated_filtered.vcf
[2023-07-19 12:07:46,429] INFO Accessing file: TWAO-200054718-W23-5200-BM-lib1.annotated_filtered.vcf
[2023-07-19 12:07:46,430] INFO Accessing file: TWAO-108783743-W23-5282-BM-lib1.annotated_filtered.vcf
[2023-07-19 12:07:46,432] INFO Accessing file: TWAO-108783743-W23-5282-BM-lib1.annotated_filtered.vcf
[2023-07-19 12:07:46,433] INFO Accessing file: TWAO-201280541-W23-5184-BM-lib1.annotated_filtered.vcf
[2023-07-19 12:07:46,434] INFO Accessing file: TWAO-107196322-W23-5284-BM-lib1.annotated_filtered.vcf
[2023-07-19 12:07:46,435] INFO Accessing file: TWAO-102552878-W23-5092-BM-lib1.annotated_filtered.vcf
[2023-07-19 12:07:46,436] INFO Accessing file: TWAO-200054718-W23-5200-BM-lib1.annotated_filtered.vcf
[2023-07-19 12:07:46,436] INFO Accessing file: TWAO-103212136-W23-5185-BM-lib1.annotated_filtered.vcf
[2023-07-19 12:07:46,437] INFO Accessing file: TWAO-103212136-W23-5185-BM-lib1.annotated_filtered.vcf
[2023-07-19 12:07:46,438] INFO Accessing file: TWAO-200249928-W23-5250-BM-lib1.annotated_filtered.vcf
[2023-07-19 12:07:46,439] INFO Accessing file: TWAO-202143635-W23-5271-BM-lib1.annotated_filtered.vcf
[2023-07-19 12:07:46,441] INFO Accessing file: TWAO-201280541-W23-5184-BM-lib1.annotated_filtered.vcf
[2023-07-19 12:07:46,445] INFO Accessing file: TWAO-201805813-W23-5093-BM-lib1.annotated_filtered.vcf
[2023-07-19 12:07:46,446] INFO Accessing file: TWAO-201280541-W23-5184-BM-lib1.annotated_filtered.vcf
[2023-07-19 12:07:46,448] INFO Accessing file: TWAO-103636692-W23-5198-BM-lib1.annotated_filtered.vcf
[2023-07-19 12:07:46,449] INFO Accessing file: TWAO-200054718-W23-5200-BM-lib1.annotated_filtered.vcf
[2023-07-19 12:07:46,450] INFO Accessing file: TWAO-202138202-W23-5245-BM-lib1.annotated_filtered.vcf
[2023-07-19 12:07:46,451] INFO Accessing file: TWAO-201938262-W23-5253-BM-lib1.annotated_filtered.vcf
[2023-07-19 12:07:46,452] INFO Accessing file: TWAO-201516155-W23-5090-BM-lib1.annotated_filtered.vcf
[2023-07-19 12:07:46,453] INFO Accessing file: TWAO-201280541-W23-5184-BM-lib1.annotated_filtered.vcf
[2023-07-19 12:07:46,454] INFO Accessing file: TWAO-101484893-W23-5251-BM-lib1.annotated_filtered.vcf
[2023-07-19 12:07:46,455] INFO Accessing file: TWAO-202143635-W23-5271-BM-lib1.annotated_filtered.vcf
[2023-07-19 12:07:46,456] INFO Accessing file: TWAO-101484893-W23-5251-BM-lib1.annotated_filtered.vcf
[2023-07-19 12:07:46,457] INFO Accessing file: TWAO-105574860-W23-5249-BM-lib1.annotated_filtered.vcf
[2023-07-19 12:07:46,459] INFO Accessing file: TWAO-102552878-W23-5092-BM-lib1.annotated_filtered.vcf
[2023-07-19 12:07:46,461] INFO Accessing file: TWAO-103212136-W23-5185-BM-lib1.annotated_filtered.vcf
[2023-07-19 12:07:46,463] INFO Accessing file: TWAO-202143635-W23-5271-BM-lib1.annotated_filtered.vcf
[2023-07-19 12:07:46,465] INFO Accessing file: TWAO-108032713-W23-5115-BM2-lib1.annotated_filtered.vcf
[2023-07-19 12:07:46,465] INFO Accessing file: TWAO-201723434-W23-5114-BM-lib1.annotated_filtered.vcf
[2023-07-19 12:07:46,466] INFO Accessing file: TWAO-103144074-W23-5051-BM-lib1.annotated_filtered.vcf
[2023-07-19 12:07:46,467] INFO Accessing file: TWAO-202143635-W23-5271-BM-lib1.annotated_filtered.vcf
[2023-07-19 12:07:46,468] INFO Accessing file: TWAO-101484893-W23-5251-BM-lib1.annotated_filtered.vcf
[2023-07-19 12:07:46,469] INFO Accessing file: TWAO-202143635-W23-5271-BM-lib1.annotated_filtered.vcf
[2023-07-19 12:07:46,470] INFO Accessing file: TWAO-103212136-W23-5185-BM-lib1.annotated_filtered.vcf
[2023-07-19 12:07:46,471] INFO Accessing file: TWAO-202153377-W23-5261-BM-lib1.annotated_filtered.vcf
[2023-07-19 12:07:46,472] INFO Accessing file: TWAO-202153377-W23-5261-BM-lib1.annotated_filtered.vcf
[2023-07-19 12:07:46,473] INFO Accessing file: TWAO-105163199-W23-5089-BM-lib1.annotated_filtered.vcf
[2023-07-19 12:07:46,474] INFO Accessing file: TWAO-102552878-W23-5092-BM-lib1.annotated_filtered.vcf
[2023-07-19 12:07:46,478] INFO Accessing file: TWAO-108783743-W23-5282-BM-lib1.annotated_filtered.vcf
[2023-07-19 12:07:46,479] INFO Accessing file: TWAO-105163199-W23-5089-BM-lib1.annotated_filtered.vcf
[2023-07-19 12:07:46,481] INFO Accessing file: TWAO-105163199-W23-5089-BM-lib1.annotated_filtered.vcf
[2023-07-19 12:07:46,482] INFO Accessing file: TWAO-100406124-W23-5088-BM-lib1.annotated_filtered.vcf
[2023-07-19 12:07:46,488] INFO Accessing file: TWAO-106352110-W23-5075-BM-lib1.annotated_filtered.vcf
[2023-07-19 12:07:46,489] INFO Accessing file: TWAO-103144074-W23-5051-BM-lib1.annotated_filtered.vcf
[2023-07-19 12:07:46,490] INFO Accessing file: TWAO-100406124-W23-5088-BM-lib1.annotated_filtered.vcf
[2023-07-19 12:07:46,491] INFO Accessing file: TWAO-106352110-W23-5075-BM-lib1.annotated_filtered.vcf
[2023-07-19 12:07:46,494] INFO Accessing file: TWAO-106352110-W23-5075-BM-lib1.annotated_filtered.vcf
[2023-07-19 12:07:46,496] INFO Accessing file: TWAO-106352110-W23-5075-BM-lib1.annotated_filtered.vcf
[2023-07-19 12:07:46,497] INFO Accessing file: TWAO-108032713-W23-5115-BM2-lib1.annotated_filtered.vcf
[2023-07-19 12:07:46,498] INFO Accessing file: TWAO-105982473-W23-5162-BM-lib1.annotated_filtered.vcf
[2023-07-19 12:07:46,499] INFO Accessing file: TWAO-201682401-W23-5060-BM-lib1.annotated_filtered.vcf
[2023-07-19 12:07:46,500] INFO Accessing file: TWAO-202143635-W23-5271-BM-lib1.annotated_filtered.vcf
[2023-07-19 12:07:46,501] INFO Accessing file: TWAO-102552878-W23-5092-BM-lib1.annotated_filtered.vcf
[2023-07-19 12:07:46,502] INFO Accessing file: TWAO-201805813-W23-5093-BM-lib1.annotated_filtered.vcf
[2023-07-19 12:07:46,503] INFO Accessing file: TWAO-101484893-W23-5251-BM-lib1.annotated_filtered.vcf
[2023-07-19 12:07:46,504] INFO Accessing file: TWAO-202143635-W23-5271-BM-lib1.annotated_filtered.vcf
[2023-07-19 12:07:46,505] INFO Accessing file: TWAO-105163199-W23-5089-BM-lib1.annotated_filtered.vcf
[2023-07-19 12:07:46,506] INFO Accessing file: TWAO-105163199-W23-5089-BM-lib1.annotated_filtered.vcf
[2023-07-19 12:07:46,509] INFO Accessing file: TWAO-202143635-W23-5271-BM-lib1.annotated_filtered.vcf
[2023-07-19 12:07:46,512] INFO Accessing file: TWAO-105163199-W23-5089-BM-lib1.annotated_filtered.vcf
[2023-07-19 12:07:46,514] INFO Accessing file: TWAO-202143635-W23-5271-BM-lib1.annotated_filtered.vcf
[2023-07-19 12:07:46,515] INFO Accessing file: TWAO-202143635-W23-5271-BM-lib1.annotated_filtered.vcf
[2023-07-19 12:07:46,517] INFO Accessing file: TWAO-202143635-W23-5271-BM-lib1.annotated_filtered.vcf
[2023-07-19 12:07:46,518] INFO Accessing file: TWAO-102552878-W23-5092-BM-lib1.annotated_filtered.vcf
[2023-07-19 12:07:46,519] INFO Accessing file: TWAO-202153377-W23-5261-BM-lib1.annotated_filtered.vcf
[2023-07-19 12:07:46,520] INFO Accessing file: TWAO-105163199-W23-5089-BM-lib1.annotated_filtered.vcf
[2023-07-19 12:07:46,521] INFO Accessing file: TWAO-200054718-W23-5200-BM-lib1.annotated_filtered.vcf
[2023-07-19 12:07:46,522] INFO Accessing file: TWAO-202143635-W23-5271-BM-lib1.annotated_filtered.vcf
[2023-07-19 12:07:46,523] INFO Accessing file: TWAO-202154026-W23-5242-BM-lib1.annotated_filtered.vcf
[2023-07-19 12:07:46,524] INFO Accessing file: TWAO-200054718-W23-5200-BM-lib1.annotated_filtered.vcf
[2023-07-19 12:07:46,526] INFO Accessing file: TWAO-103562837-W23-5141-BM2-lib1.annotated_filtered.vcf
[2023-07-19 12:07:46,527] INFO Accessing file: TWAO-200249928-W23-5250-BM-lib1.annotated_filtered.vcf
[2023-07-19 12:07:46,528] INFO Accessing file: TWAO-202143635-W23-5271-BM-lib1.annotated_filtered.vcf
[2023-07-19 12:07:46,529] INFO Accessing file: TWAO-105163199-W23-5089-BM-lib1.annotated_filtered.vcf
[2023-07-19 12:07:46,531] INFO Accessing file: TWAO-202143635-W23-5271-BM-lib1.annotated_filtered.vcf
[2023-07-19 12:07:46,532] INFO Accessing file: TWAO-201682401-W23-5060-BM-lib1.annotated_filtered.vcf
[2023-07-19 12:07:46,533] INFO Accessing file: TWAO-102552878-W23-5092-BM-lib1.annotated_filtered.vcf
[2023-07-19 12:07:46,534] INFO Accessing file: TWAO-202143635-W23-5271-BM-lib1.annotated_filtered.vcf
[2023-07-19 12:07:46,535] INFO Accessing file: TWAO-202143635-W23-5271-BM-lib1.annotated_filtered.vcf
[2023-07-19 12:07:46,536] INFO Accessing file: TWAO-202143635-W23-5271-BM-lib1.annotated_filtered.vcf
[2023-07-19 12:07:46,537] INFO Accessing file: TWAO-201791635-W23-5078-BM-lib1.annotated_filtered.vcf
[2023-07-19 12:07:46,538] INFO Accessing file: TWAO-106352110-W23-5075-BM-lib1.annotated_filtered.vcf
[2023-07-19 12:07:46,539] INFO Accessing file: TWAO-202143635-W23-5271-BM-lib1.annotated_filtered.vcf
[2023-07-19 12:07:46,541] INFO Accessing file: TWAO-202143635-W23-5271-BM-lib1.annotated_filtered.vcf
[2023-07-19 12:07:46,543] INFO Accessing file: TWAO-202143635-W23-5271-BM-lib1.annotated_filtered.vcf
[2023-07-19 12:07:46,543] INFO Accessing file: TWAO-105163199-W23-5089-BM-lib1.annotated_filtered.vcf
[2023-07-19 12:07:46,544] INFO Accessing file: TWAO-202143635-W23-5271-BM-lib1.annotated_filtered.vcf
[2023-07-19 12:07:46,545] INFO Accessing file: TWAO-200054718-W23-5200-BM-lib1.annotated_filtered.vcf
[2023-07-19 12:07:46,546] INFO Accessing file: TWAO-202143635-W23-5271-BM-lib1.annotated_filtered.vcf
[2023-07-19 12:07:46,548] INFO Accessing file: TWAO-201682401-W23-5060-BM-lib1.annotated_filtered.vcf
[2023-07-19 12:07:46,549] INFO Accessing file: TWAO-103212136-W23-5185-BM-lib1.annotated_filtered.vcf
[2023-07-19 12:07:46,550] INFO Accessing file: TWAO-202143635-W23-5271-BM-lib1.annotated_filtered.vcf
[2023-07-19 12:07:46,551] INFO Accessing file: TWAO-202143635-W23-5271-BM-lib1.annotated_filtered.vcf
[2023-07-19 12:07:46,552] INFO Accessing file: TWAO-202143635-W23-5271-BM-lib1.annotated_filtered.vcf
[2023-07-19 12:07:46,553] INFO Accessing file: TWAO-202143635-W23-5271-BM-lib1.annotated_filtered.vcf
[2023-07-19 12:07:46,554] INFO Accessing file: TWAO-107016815-W23-5248-PB-lib1.annotated_filtered.vcf
[2023-07-19 12:07:46,555] INFO Accessing file: TWAO-202143635-W23-5271-BM-lib1.annotated_filtered.vcf
[2023-07-19 12:07:46,557] INFO Accessing file: TWAO-202143635-W23-5271-BM-lib1.annotated_filtered.vcf
[2023-07-19 12:07:46,559] INFO Accessing file: TWAO-108032713-W23-5115-BM2-lib1.annotated_filtered.vcf
[2023-07-19 12:07:46,561] INFO Accessing file: TWAO-202143635-W23-5271-BM-lib1.annotated_filtered.vcf
[2023-07-19 12:07:46,563] INFO Accessing file: TWAO-202143635-W23-5271-BM-lib1.annotated_filtered.vcf
[2023-07-19 12:07:46,564] INFO Accessing file: TWAO-202143635-W23-5271-BM-lib1.annotated_filtered.vcf
[2023-07-19 12:07:46,565] INFO Accessing file: TWAO-201682401-W23-5060-BM-lib1.annotated_filtered.vcf
[2023-07-19 12:07:46,566] INFO Accessing file: TWAO-202143635-W23-5271-BM-lib1.annotated_filtered.vcf
[2023-07-19 12:07:46,567] INFO Accessing file: TWAO-202143635-W23-5271-BM-lib1.annotated_filtered.vcf
[2023-07-19 12:07:46,568] INFO Accessing file: TWAO-MS-Positive-Control-W22-6944-BM-lib16.annotated_filtered.vcf
[2023-07-19 12:07:46,569] INFO Accessing file: TWAO-202143635-W23-5271-BM-lib1.annotated_filtered.vcf
[2023-07-19 12:07:46,570] INFO Accessing file: TWAO-202143635-W23-5271-BM-lib1.annotated_filtered.vcf
[2023-07-19 12:07:46,571] INFO Accessing file: TWAO-202143635-W23-5271-BM-lib1.annotated_filtered.vcf
[2023-07-19 12:07:46,572] INFO Accessing file: TWAO-104533120-W23-5281-BM-lib1.annotated_filtered.vcf
[2023-07-19 12:07:46,573] INFO Accessing file: TWAO-202143635-W23-5271-BM-lib1.annotated_filtered.vcf
[2023-07-19 12:07:46,575] INFO Accessing file: TWAO-202035007-W23-5244-BM-lib1.annotated_filtered.vcf
[2023-07-19 12:07:46,576] INFO Accessing file: TWAO-105163199-W23-5089-BM-lib1.annotated_filtered.vcf
[2023-07-19 12:07:46,577] INFO Accessing file: TWAO-202143635-W23-5271-BM-lib1.annotated_filtered.vcf
[2023-07-19 12:07:46,578] INFO Accessing file: TWAO-105982473-W23-5162-BM-lib1.annotated_filtered.vcf
[2023-07-19 12:07:46,579] INFO Accessing file: TWAO-202143635-W23-5271-BM-lib1.annotated_filtered.vcf
[2023-07-19 12:07:46,580] INFO Accessing file: TWAO-202143635-W23-5271-BM-lib1.annotated_filtered.vcf
[2023-07-19 12:07:46,581] INFO Accessing file: TWAO-100406124-W23-5088-BM-lib1.annotated_filtered.vcf
[2023-07-19 12:07:46,582] INFO Accessing file: TWAO-108783743-W23-5282-BM-lib1.annotated_filtered.vcf
[2023-07-19 12:07:46,583] INFO Accessing file: TWAO-202143635-W23-5271-BM-lib1.annotated_filtered.vcf
[2023-07-19 12:07:46,584] INFO Accessing file: TWAO-108007890-W23-5011-BM3-lib1.annotated_filtered.vcf
[2023-07-19 12:07:46,585] INFO Accessing file: TWAO-202143635-W23-5271-BM-lib1.annotated_filtered.vcf
[2023-07-19 12:07:46,586] INFO Accessing file: TWAO-202143635-W23-5271-BM-lib1.annotated_filtered.vcf
[2023-07-19 12:07:46,587] INFO Accessing file: TWAO-201682401-W23-5060-BM-lib1.annotated_filtered.vcf
[2023-07-19 12:07:46,588] INFO Accessing file: TWAO-202143635-W23-5271-BM-lib1.annotated_filtered.vcf
[2023-07-19 12:07:46,589] INFO Accessing file: TWAO-102552878-W23-5092-BM-lib1.annotated_filtered.vcf
[2023-07-19 12:07:46,590] INFO Accessing file: TWAO-202143635-W23-5271-BM-lib1.annotated_filtered.vcf
[2023-07-19 12:07:46,593] INFO Accessing file: TWAO-201723434-W23-5114-BM-lib1.annotated_filtered.vcf
[2023-07-19 12:07:46,594] INFO Accessing file: TWAO-202143635-W23-5271-BM-lib1.annotated_filtered.vcf
[2023-07-19 12:07:46,595] INFO Accessing file: TWAO-202143635-W23-5271-BM-lib1.annotated_filtered.vcf
[2023-07-19 12:07:46,597] INFO Accessing file: TWAO-202143635-W23-5271-BM-lib1.annotated_filtered.vcf
[2023-07-19 12:07:46,597] INFO Accessing file: TWAO-102552878-W23-5092-BM-lib1.annotated_filtered.vcf
[2023-07-19 12:07:46,598] INFO Accessing file: TWAO-108783743-W23-5282-BM-lib1.annotated_filtered.vcf
[2023-07-19 12:07:46,599] INFO Accessing file: TWAO-108783743-W23-5282-BM-lib1.annotated_filtered.vcf
[2023-07-19 12:07:46,600] INFO Accessing file: TWAO-108783743-W23-5282-BM-lib1.annotated_filtered.vcf
[2023-07-19 12:07:46,601] INFO Accessing file: TWAO-105163199-W23-5089-BM-lib1.annotated_filtered.vcf
[2023-07-19 12:07:46,602] INFO Accessing file: TWAO-202143635-W23-5271-BM-lib1.annotated_filtered.vcf
[2023-07-19 12:07:46,603] INFO Accessing file: TWAO-201682401-W23-5060-BM-lib1.annotated_filtered.vcf
[2023-07-19 12:07:46,605] INFO Accessing file: TWAO-107016815-W23-5248-PB-lib1.annotated_filtered.vcf
[2023-07-19 12:07:46,606] INFO Accessing file: TWAO-202143635-W23-5271-BM-lib1.annotated_filtered.vcf
[2023-07-19 12:07:46,608] INFO Accessing file: TWAO-202143635-W23-5271-BM-lib1.annotated_filtered.vcf
[2023-07-19 12:07:46,610] INFO Accessing file: TWAO-107016815-W23-5248-PB-lib1.annotated_filtered.vcf
[2023-07-19 12:07:46,611] INFO Accessing file: TWAO-202143635-W23-5271-BM-lib1.annotated_filtered.vcf
[2023-07-19 12:07:46,612] INFO Accessing file: TWAO-202143635-W23-5271-BM-lib1.annotated_filtered.vcf
[2023-07-19 12:07:46,614] INFO Accessing file: TWAO-202153377-W23-5261-BM-lib1.annotated_filtered.vcf
[2023-07-19 12:07:46,615] INFO Accessing file: TWAO-201682401-W23-5060-BM-lib1.annotated_filtered.vcf
[2023-07-19 12:07:46,615] INFO Accessing file: TWAO-107016815-W23-5248-PB-lib1.annotated_filtered.vcf
[2023-07-19 12:07:46,616] INFO Accessing file: TWAO-202143635-W23-5271-BM-lib1.annotated_filtered.vcf
[2023-07-19 12:07:46,617] INFO Accessing file: TWAO-100406124-W23-5088-BM-lib1.annotated_filtered.vcf
[2023-07-19 12:07:46,618] INFO Accessing file: TWAO-202143635-W23-5271-BM-lib1.annotated_filtered.vcf
[2023-07-19 12:07:46,620] INFO Accessing file: TWAO-200054718-W23-5200-BM-lib1.annotated_filtered.vcf
[2023-07-19 12:07:46,622] INFO Accessing file: TWAO-MS-Positive-Control-W22-6944-BM-lib16.annotated_filtered.vcf
[2023-07-19 12:07:46,624] INFO Accessing file: TWAO-107016815-W23-5248-PB-lib1.annotated_filtered.vcf
[2023-07-19 12:07:46,625] INFO Accessing file: TWAO-202143635-W23-5271-BM-lib1.annotated_filtered.vcf
[2023-07-19 12:07:46,627] INFO Accessing file: TWAO-103636692-W23-5198-BM-lib1.annotated_filtered.vcf
[2023-07-19 12:07:46,629] INFO Accessing file: TWAO-202143635-W23-5271-BM-lib1.annotated_filtered.vcf
[2023-07-19 12:07:46,630] INFO Accessing file: TWAO-MS-Positive-Control-W22-6944-BM-lib16.annotated_filtered.vcf
[2023-07-19 12:07:46,631] INFO Accessing file: TWAO-106444776-W23-5197-PB-lib1.annotated_filtered.vcf
[2023-07-19 12:07:46,632] INFO Accessing file: TWAO-201723434-W23-5114-BM-lib1.annotated_filtered.vcf
[2023-07-19 12:07:46,634] INFO Accessing file: TWAO-MS-Positive-Control-W22-6944-BM-lib16.annotated_filtered.vcf
[2023-07-19 12:07:46,636] INFO Accessing file: TWAO-202035007-W23-5244-BM-lib1.annotated_filtered.vcf
[2023-07-19 12:07:46,638] INFO Accessing file: TWAO-102552878-W23-5092-BM-lib1.annotated_filtered.vcf
[2023-07-19 12:07:46,642] INFO Accessing file: TWAO-202143635-W23-5271-BM-lib1.annotated_filtered.vcf
[2023-07-19 12:07:46,645] INFO Accessing file: TWAO-202143635-W23-5271-BM-lib1.annotated_filtered.vcf
[2023-07-19 12:07:46,647] INFO Accessing file: TWAO-202143635-W23-5271-BM-lib1.annotated_filtered.vcf
[2023-07-19 12:07:46,652] INFO Accessing file: TWAO-202143635-W23-5271-BM-lib1.annotated_filtered.vcf
[2023-07-19 12:07:46,654] INFO Accessing file: TWAO-202143635-W23-5271-BM-lib1.annotated_filtered.vcf
[2023-07-19 12:07:46,656] INFO Accessing file: TWAO-202143635-W23-5271-BM-lib1.annotated_filtered.vcf
[2023-07-19 12:07:46,657] INFO Accessing file: TWAO-202143635-W23-5271-BM-lib1.annotated_filtered.vcf
[2023-07-19 12:07:46,659] INFO Accessing file: TWAO-107196322-W23-5284-BM-lib1.annotated_filtered.vcf
[2023-07-19 12:07:46,660] INFO Accessing file: TWAO-202143635-W23-5271-BM-lib1.annotated_filtered.vcf
[2023-07-19 12:07:46,662] INFO Accessing file: TWAO-105188778-W23-5079-BM-lib1.annotated_filtered.vcf
[2023-07-19 12:07:46,663] INFO Accessing file: TWAO-MS-Positive-Control-W22-6944-BM-lib16.annotated_filtered.vcf
[2023-07-19 12:07:46,665] INFO Accessing file: TWAO-107016815-W23-5248-PB-lib1.annotated_filtered.vcf
[2023-07-19 12:07:46,666] INFO Accessing file: TWAO-108032713-W23-5115-BM2-lib1.annotated_filtered.vcf
[2023-07-19 12:07:46,667] INFO Accessing file: TWAO-102552878-W23-5092-BM-lib1.annotated_filtered.vcf
[2023-07-19 12:07:46,669] INFO Accessing file: TWAO-202143635-W23-5271-BM-lib1.annotated_filtered.vcf
[2023-07-19 12:07:46,671] INFO Accessing file: TWAO-202143635-W23-5271-BM-lib1.annotated_filtered.vcf
[2023-07-19 12:07:46,673] INFO Accessing file: TWAO-202154026-W23-5242-BM-lib1.annotated_filtered.vcf
[2023-07-19 12:07:46,675] INFO Accessing file: TWAO-202143635-W23-5271-BM-lib1.annotated_filtered.vcf
[2023-07-19 12:07:46,677] INFO Accessing file: TWAO-202143635-W23-5271-BM-lib1.annotated_filtered.vcf
[2023-07-19 12:07:46,679] INFO Accessing file: TWAO-102552878-W23-5092-BM-lib1.annotated_filtered.vcf
[2023-07-19 12:07:46,681] INFO Accessing file: TWAO-107016815-W23-5248-PB-lib1.annotated_filtered.vcf
[2023-07-19 12:07:46,683] INFO Accessing file: TWAO-201516155-W23-5090-BM-lib1.annotated_filtered.vcf
[2023-07-19 12:07:46,685] INFO Accessing file: TWAO-202143635-W23-5271-BM-lib1.annotated_filtered.vcf
[2023-07-19 12:07:46,687] INFO Accessing file: TWAO-202138202-W23-5245-BM-lib1.annotated_filtered.vcf
[2023-07-19 12:07:46,688] INFO Accessing file: TWAO-102552878-W23-5092-BM-lib1.annotated_filtered.vcf
[2023-07-19 12:07:46,689] INFO Accessing file: TWAO-201682401-W23-5060-BM-lib1.annotated_filtered.vcf
[2023-07-19 12:07:46,690] INFO Accessing file: TWAO-107016815-W23-5248-PB-lib1.annotated_filtered.vcf
[2023-07-19 12:07:46,691] INFO Accessing file: TWAO-202143635-W23-5271-BM-lib1.annotated_filtered.vcf
[2023-07-19 12:07:46,692] INFO Accessing file: TWAO-202143635-W23-5271-BM-lib1.annotated_filtered.vcf
[2023-07-19 12:07:46,693] INFO Accessing file: TWAO-202143635-W23-5271-BM-lib1.annotated_filtered.vcf
[2023-07-19 12:07:46,695] INFO Accessing file: TWAO-105163199-W23-5089-BM-lib1.annotated_filtered.vcf
[2023-07-19 12:07:46,696] INFO Accessing file: TWAO-102552878-W23-5092-BM-lib1.annotated_filtered.vcf
[2023-07-19 12:07:46,697] INFO Accessing file: TWAO-106444776-W23-5197-PB-lib1.annotated_filtered.vcf
[2023-07-19 12:07:46,698] INFO Accessing file: TWAO-202143635-W23-5271-BM-lib1.annotated_filtered.vcf
[2023-07-19 12:07:46,700] INFO Accessing file: TWAO-107016815-W23-5248-PB-lib1.annotated_filtered.vcf
[2023-07-19 12:07:46,701] INFO Accessing file: TWAO-102552878-W23-5092-BM-lib1.annotated_filtered.vcf
[2023-07-19 12:07:46,702] INFO Accessing file: TWAO-102552878-W23-5092-BM-lib1.annotated_filtered.vcf
[2023-07-19 12:07:46,703] INFO Accessing file: TWAO-108032713-W23-5115-BM2-lib1.annotated_filtered.vcf
[2023-07-19 12:07:46,704] INFO Accessing file: TWAO-102552878-W23-5092-BM-lib1.annotated_filtered.vcf
[2023-07-19 12:07:46,705] INFO Accessing file: TWAO-107016815-W23-5248-PB-lib1.annotated_filtered.vcf
[2023-07-19 12:07:46,706] INFO Accessing file: TWAO-102552878-W23-5092-BM-lib1.annotated_filtered.vcf
[2023-07-19 12:07:46,707] INFO Accessing file: TWAO-200054718-W23-5200-BM-lib1.annotated_filtered.vcf
[2023-07-19 12:07:46,708] INFO Accessing file: TWAO-107016815-W23-5248-PB-lib1.annotated_filtered.vcf
[2023-07-19 12:07:46,709] INFO Accessing file: TWAO-201516155-W23-5090-BM-lib1.annotated_filtered.vcf
[2023-07-19 12:07:46,710] INFO Accessing file: TWAO-201723434-W23-5114-BM-lib1.annotated_filtered.vcf
[2023-07-19 12:07:46,711] INFO Accessing file: TWAO-102552878-W23-5092-BM-lib1.annotated_filtered.vcf
[2023-07-19 12:07:46,712] ERROR Coverage set not found: TWAO-102552878-W23-5092-BM-lib1.annotated_filtered.vcf
[2023-07-19 12:07:46,712] INFO Accessing file: TWAO-102552878-W23-5092-BM-lib1.annotated_filtered.vcf
[2023-07-19 12:07:46,713] INFO Accessing file: TWAO-104533120-W23-5281-BM-lib1.annotated_filtered.vcf
[2023-07-19 12:07:46,714] INFO Accessing file: TWAO-104533120-W23-5281-BM-lib1.annotated_filtered.vcf
[2023-07-19 12:07:46,715] INFO Accessing file: TWAO-202138202-W23-5245-BM-lib1.annotated_filtered.vcf
[2023-07-19 12:07:46,716] INFO Accessing file: TWAO-200054718-W23-5200-BM-lib1.annotated_filtered.vcf
[2023-07-19 12:07:46,717] INFO Accessing file: TWAO-102552878-W23-5092-BM-lib1.annotated_filtered.vcf
[2023-07-19 12:07:46,717] INFO Accessing file: TWAO-201682401-W23-5060-BM-lib1.annotated_filtered.vcf
[2023-07-19 12:07:46,718] INFO Accessing file: TWAO-201516155-W23-5090-BM-lib1.annotated_filtered.vcf
[2023-07-19 12:07:46,719] INFO Accessing file: TWAO-102552878-W23-5092-BM-lib1.annotated_filtered.vcf
[2023-07-19 12:07:46,720] INFO Accessing file: TWAO-106444776-W23-5197-PB-lib1.annotated_filtered.vcf
[2023-07-19 12:07:46,721] INFO Accessing file: TWAO-200054718-W23-5200-BM-lib1.annotated_filtered.vcf
[2023-07-19 12:07:46,722] INFO Accessing file: TWAO-108152658-W23-5283-BM-lib1.annotated_filtered.vcf
[2023-07-19 12:07:46,732] INFO Accessing file: TWAO-102552878-W23-5092-BM-lib1.annotated_filtered.vcf
[2023-07-19 12:07:46,733] INFO Accessing file: TWAO-MS-Positive-Control-W22-6944-BM-lib16.annotated_filtered.vcf
[2023-07-19 12:07:46,734] INFO Accessing file: TWAO-202153377-W23-5261-BM-lib1.annotated_filtered.vcf
[2023-07-19 12:07:46,735] INFO Accessing file: TWAO-105163199-W23-5089-BM-lib1.annotated_filtered.vcf
[2023-07-19 12:07:46,736] INFO Accessing file: TWAO-102552878-W23-5092-BM-lib1.annotated_filtered.vcf
[2023-07-19 12:07:46,737] INFO Accessing file: TWAO-102552878-W23-5092-BM-lib1.annotated_filtered.vcf
[2023-07-19 12:07:46,738] INFO Accessing file: TWAO-102552878-W23-5092-BM-lib1.annotated_filtered.vcf
[2023-07-19 12:07:46,739] INFO Accessing file: TWAO-202138202-W23-5245-BM-lib1.annotated_filtered.vcf
[2023-07-19 12:07:46,740] INFO Accessing file: TWAO-202143635-W23-5271-BM-lib1.annotated_filtered.vcf
[2023-07-19 12:07:46,742] INFO Accessing file: TWAO-201723434-W23-5114-BM-lib1.annotated_filtered.vcf
[2023-07-19 12:07:46,743] INFO Accessing file: TWAO-102552878-W23-5092-BM-lib1.annotated_filtered.vcf
[2023-07-19 12:07:46,744] INFO Accessing file: TWAO-201805813-W23-5093-BM-lib1.annotated_filtered.vcf
[2023-07-19 12:07:46,745] INFO Accessing file: TWAO-200054718-W23-5200-BM-lib1.annotated_filtered.vcf
[2023-07-19 12:07:46,746] INFO Accessing file: TWAO-200249928-W23-5250-BM-lib1.annotated_filtered.vcf
[2023-07-19 12:07:46,747] INFO Accessing file: TWAO-105982473-W23-5162-BM-lib1.annotated_filtered.vcf
[2023-07-19 12:07:46,748] INFO Accessing file: TWAO-108152658-W23-5283-BM-lib1.annotated_filtered.vcf
[2023-07-19 12:07:46,749] INFO Accessing file: TWAO-108032713-W23-5115-BM2-lib1.annotated_filtered.vcf
[2023-07-19 12:07:46,750] INFO Accessing file: TWAO-102552878-W23-5092-BM-lib1.annotated_filtered.vcf
[2023-07-19 12:07:46,751] INFO Accessing file: TWAO-201796057-W23-5143-BM2-lib1.annotated_filtered.vcf
[2023-07-19 12:07:46,752] INFO Accessing file: TWAO-108032713-W23-5115-BM2-lib1.annotated_filtered.vcf
[2023-07-19 12:07:46,753] INFO Accessing file: TWAO-103144074-W23-5051-BM-lib1.annotated_filtered.vcf
[2023-07-19 12:07:46,754] INFO Accessing file: TWAO-201938262-W23-5253-BM-lib1.annotated_filtered.vcf
[2023-07-19 12:07:46,755] INFO Accessing file: TWAO-105982473-W23-5162-BM-lib1.annotated_filtered.vcf
[2023-07-19 12:07:46,756] INFO Accessing file: TWAO-200054718-W23-5200-BM-lib1.annotated_filtered.vcf
[2023-07-19 12:07:46,757] INFO Accessing file: TWAO-106352110-W23-5075-BM-lib1.annotated_filtered.vcf
[2023-07-19 12:07:46,758] INFO Accessing file: TWAO-105163199-W23-5089-BM-lib1.annotated_filtered.vcf
[2023-07-19 12:07:46,759] INFO Accessing file: TWAO-MS-Positive-Control-W22-6944-BM-lib16.annotated_filtered.vcf
[2023-07-19 12:07:46,760] INFO Accessing file: TWAO-106444776-W23-5197-PB-lib1.annotated_filtered.vcf
[2023-07-19 12:07:46,761] INFO Accessing file: TWAO-106444776-W23-5197-PB-lib1.annotated_filtered.vcf
[2023-07-19 12:07:46,762] INFO Accessing file: TWAO-107016815-W23-5248-PB-lib1.annotated_filtered.vcf
[2023-07-19 12:07:46,763] INFO Accessing file: TWAO-102552878-W23-5092-BM-lib1.annotated_filtered.vcf
[2023-07-19 12:07:46,764] INFO Accessing file: TWAO-200249928-W23-5250-BM-lib1.annotated_filtered.vcf
[2023-07-19 12:07:46,765] INFO Accessing file: TWAO-201723434-W23-5114-BM-lib1.annotated_filtered.vcf
[2023-07-19 12:07:46,766] INFO Accessing file: TWAO-202153377-W23-5261-BM-lib1.annotated_filtered.vcf
[2023-07-19 12:07:46,767] INFO Accessing file: TWAO-200249928-W23-5250-BM-lib1.annotated_filtered.vcf
[2023-07-19 12:07:46,768] INFO Accessing file: TWAO-202035007-W23-5244-BM-lib1.annotated_filtered.vcf
[2023-07-19 12:07:46,769] INFO Accessing file: TWAO-107196322-W23-5284-BM-lib1.annotated_filtered.vcf
[2023-07-19 12:07:46,770] INFO Accessing file: TWAO-103562837-W23-5141-BM2-lib1.annotated_filtered.vcf
[2023-07-19 12:07:46,822] INFO ----------DIRECTORY STATISTICS----------
[2023-07-19 12:07:46,822] INFO Total files in directory: 76
[2023-07-19 12:07:46,822] INFO Files with a usable extension: 38
[2023-07-19 12:07:46,822] INFO VCF files used: 38
[2023-07-19 12:07:46,822] INFO VCF file accesses: 439
[2023-07-19 12:07:46,822] INFO ----------SET STATISTICS----------
[2023-07-19 12:07:46,822] INFO Total set annotations: 437
[2023-07-19 12:07:46,822] INFO DRAGEN sets: 385
[2023-07-19 12:07:46,822] INFO PINDEL sets: 23
[2023-07-19 12:07:46,822] INFO DRAGEN-PINDEL sets: 29
[2023-07-19 12:07:46,822] INFO Unknown sets: 0
[2023-07-19 12:07:46,822] INFO Empty sets: 0
[2023-07-19 12:07:46,822] INFO Files where set was not found: 2
[2023-07-19 12:07:46,822] INFO Files where off-by-one flag was triggered: 23
