[2023-07-17 13:57:03,739] INFO Reading table: rel_diff_table.tsv
[2023-07-17 13:57:03,743] INFO Accessing file: TWAO-108032713-W23-5115-BM2-lib1.annotated_filtered.vcf
[2023-07-17 13:57:03,745] INFO Accessing file: TWAO-201516155-W23-5090-BM-lib1.annotated_filtered.vcf
[2023-07-17 13:57:03,746] INFO Accessing file: TWAO-MS-Positive-Control-W22-6944-BM-lib16.annotated_filtered.vcf
[2023-07-17 13:57:03,747] INFO Accessing file: TWAO-103144074-W23-5051-BM-lib1.annotated_filtered.vcf
[2023-07-17 13:57:03,748] INFO Accessing file: TWAO-201796057-W23-5143-BM2-lib1.annotated_filtered.vcf
[2023-07-17 13:57:03,749] INFO Accessing file: TWAO-105163199-W23-5089-BM-lib1.annotated_filtered.vcf
[2023-07-17 13:57:03,750] INFO Accessing file: TWAO-108783743-W23-5282-BM-lib1.annotated_filtered.vcf
[2023-07-17 13:57:03,751] INFO Accessing file: TWAO-103212136-W23-5185-BM-lib1.annotated_filtered.vcf
[2023-07-17 13:57:03,752] INFO Accessing file: TWAO-108032713-W23-5115-BM2-lib1.annotated_filtered.vcf
[2023-07-17 13:57:03,753] INFO Accessing file: TWAO-101484893-W23-5251-BM-lib1.annotated_filtered.vcf
[2023-07-17 13:57:03,754] INFO Accessing file: TWAO-104533120-W23-5281-BM-lib1.annotated_filtered.vcf
[2023-07-17 13:57:03,755] INFO Accessing file: TWAO-106444776-W23-5197-PB-lib1.annotated_filtered.vcf
[2023-07-17 13:57:03,756] INFO Accessing file: TWAO-107196322-W23-5284-BM-lib1.annotated_filtered.vcf
[2023-07-17 13:57:03,757] INFO Accessing file: TWAO-106444776-W23-5197-PB-lib1.annotated_filtered.vcf
[2023-07-17 13:57:03,758] INFO Accessing file: TWAO-202153377-W23-5261-BM-lib1.annotated_filtered.vcf
[2023-07-17 13:57:03,759] INFO Accessing file: TWAO-108032713-W23-5115-BM2-lib1.annotated_filtered.vcf
[2023-07-17 13:57:03,760] INFO Accessing file: TWAO-103212136-W23-5185-BM-lib1.annotated_filtered.vcf
[2023-07-17 13:57:03,761] INFO Accessing file: TWAO-202153377-W23-5261-BM-lib1.annotated_filtered.vcf
[2023-07-17 13:57:03,763] INFO Accessing file: TWAO-104533120-W23-5281-BM-lib1.annotated_filtered.vcf
[2023-07-17 13:57:03,764] INFO Accessing file: TWAO-201516155-W23-5090-BM-lib1.annotated_filtered.vcf
[2023-07-17 13:57:03,765] INFO Accessing file: TWAO-105188778-W23-5079-BM-lib1.annotated_filtered.vcf
[2023-07-17 13:57:03,766] INFO Accessing file: TWAO-105188778-W23-5079-BM-lib1.annotated_filtered.vcf
[2023-07-17 13:57:03,767] INFO Accessing file: TWAO-201796057-W23-5143-BM2-lib1.annotated_filtered.vcf
[2023-07-17 13:57:03,767] INFO Accessing file: TWAO-202143635-W23-5271-BM-lib1.annotated_filtered.vcf
[2023-07-17 13:57:03,768] INFO Accessing file: TWAO-201796057-W23-5143-BM2-lib1.annotated_filtered.vcf
[2023-07-17 13:57:03,769] INFO Accessing file: TWAO-201791635-W23-5078-BM-lib1.annotated_filtered.vcf
[2023-07-17 13:57:03,770] INFO Accessing file: TWAO-202035007-W23-5244-BM-lib1.annotated_filtered.vcf
[2023-07-17 13:57:03,771] INFO Accessing file: TWAO-106444776-W23-5197-PB-lib1.annotated_filtered.vcf
[2023-07-17 13:57:03,772] INFO Accessing file: TWAO-106444776-W23-5197-PB-lib1.annotated_filtered.vcf
[2023-07-17 13:57:03,773] INFO Accessing file: TWAO-106444776-W23-5197-PB-lib1.annotated_filtered.vcf
[2023-07-17 13:57:03,774] INFO Accessing file: TWAO-107196322-W23-5284-BM-lib1.annotated_filtered.vcf
[2023-07-17 13:57:03,775] INFO Accessing file: TWAO-107196322-W23-5284-BM-lib1.annotated_filtered.vcf
[2023-07-17 13:57:03,776] INFO Accessing file: TWAO-201796057-W23-5143-BM2-lib1.annotated_filtered.vcf
[2023-07-17 13:57:03,778] INFO Accessing file: TWAO-105574860-W23-5249-BM-lib1.annotated_filtered.vcf
[2023-07-17 13:57:03,779] INFO Accessing file: TWAO-MS-Positive-Control-W22-6944-BM-lib16.annotated_filtered.vcf
[2023-07-17 13:57:03,780] INFO Accessing file: TWAO-105163199-W23-5089-BM-lib1.annotated_filtered.vcf
[2023-07-17 13:57:03,782] INFO Accessing file: TWAO-MS-Positive-Control-W22-6944-BM-lib16.annotated_filtered.vcf
[2023-07-17 13:57:03,783] INFO Accessing file: TWAO-104533120-W23-5281-BM-lib1.annotated_filtered.vcf
[2023-07-17 13:57:03,784] INFO Accessing file: TWAO-202138202-W23-5245-BM-lib1.annotated_filtered.vcf
[2023-07-17 13:57:03,785] INFO Accessing file: TWAO-201280541-W23-5184-BM-lib1.annotated_filtered.vcf
[2023-07-17 13:57:03,786] INFO Accessing file: TWAO-108032713-W23-5115-BM2-lib1.annotated_filtered.vcf
[2023-07-17 13:57:03,787] INFO Accessing file: TWAO-108783743-W23-5282-BM-lib1.annotated_filtered.vcf
[2023-07-17 13:57:03,788] INFO Accessing file: TWAO-108783743-W23-5282-BM-lib1.annotated_filtered.vcf
[2023-07-17 13:57:03,789] INFO Accessing file: TWAO-MS-Positive-Control-W22-6944-BM-lib16.annotated_filtered.vcf
[2023-07-17 13:57:03,790] INFO Accessing file: TWAO-105982473-W23-5162-BM-lib1.annotated_filtered.vcf
[2023-07-17 13:57:03,791] INFO Accessing file: TWAO-201516155-W23-5090-BM-lib1.annotated_filtered.vcf
[2023-07-17 13:57:03,792] INFO Accessing file: TWAO-201796057-W23-5143-BM2-lib1.annotated_filtered.vcf
[2023-07-17 13:57:03,794] INFO Accessing file: TWAO-201796057-W23-5143-BM2-lib1.annotated_filtered.vcf
[2023-07-17 13:57:03,794] INFO Accessing file: TWAO-105574860-W23-5249-BM-lib1.annotated_filtered.vcf
[2023-07-17 13:57:03,795] INFO Accessing file: TWAO-201796057-W23-5143-BM2-lib1.annotated_filtered.vcf
[2023-07-17 13:57:03,796] INFO Accessing file: TWAO-105982473-W23-5162-BM-lib1.annotated_filtered.vcf
[2023-07-17 13:57:03,797] INFO Accessing file: TWAO-105574860-W23-5249-BM-lib1.annotated_filtered.vcf
[2023-07-17 13:57:03,798] INFO Accessing file: TWAO-103562837-W23-5141-BM2-lib1.annotated_filtered.vcf
[2023-07-17 13:57:03,799] INFO Accessing file: TWAO-102552878-W23-5092-BM-lib1.annotated_filtered.vcf
[2023-07-17 13:57:03,800] INFO Accessing file: TWAO-105188778-W23-5079-BM-lib1.annotated_filtered.vcf
[2023-07-17 13:57:03,801] INFO Accessing file: TWAO-200249928-W23-5250-BM-lib1.annotated_filtered.vcf
[2023-07-17 13:57:03,802] INFO Accessing file: TWAO-201682401-W23-5060-BM-lib1.annotated_filtered.vcf
[2023-07-17 13:57:03,803] INFO Accessing file: TWAO-201723434-W23-5114-BM-lib1.annotated_filtered.vcf
[2023-07-17 13:57:03,804] INFO Accessing file: TWAO-200054718-W23-5200-BM-lib1.annotated_filtered.vcf
[2023-07-17 13:57:03,805] INFO Accessing file: TWAO-201280541-W23-5184-BM-lib1.annotated_filtered.vcf
[2023-07-17 13:57:03,806] INFO Accessing file: TWAO-108783743-W23-5282-BM-lib1.annotated_filtered.vcf
[2023-07-17 13:57:03,807] INFO Accessing file: TWAO-108783743-W23-5282-BM-lib1.annotated_filtered.vcf
[2023-07-17 13:57:03,808] INFO Accessing file: TWAO-MS-Positive-Control-W22-6944-BM-lib16.annotated_filtered.vcf
[2023-07-17 13:57:03,809] INFO Accessing file: TWAO-MS-Positive-Control-W22-6944-BM-lib16.annotated_filtered.vcf
[2023-07-17 13:57:03,811] INFO Accessing file: TWAO-107196322-W23-5284-BM-lib1.annotated_filtered.vcf
[2023-07-17 13:57:03,812] INFO Accessing file: TWAO-201516155-W23-5090-BM-lib1.annotated_filtered.vcf
[2023-07-17 13:57:03,814] INFO Accessing file: TWAO-201280541-W23-5184-BM-lib1.annotated_filtered.vcf
[2023-07-17 13:57:03,816] INFO Accessing file: TWAO-202035007-W23-5244-BM-lib1.annotated_filtered.vcf
[2023-07-17 13:57:03,817] INFO Accessing file: TWAO-103144074-W23-5051-BM-lib1.annotated_filtered.vcf
[2023-07-17 13:57:03,818] INFO Accessing file: TWAO-106444776-W23-5197-PB-lib1.annotated_filtered.vcf
[2023-07-17 13:57:03,819] INFO Accessing file: TWAO-103212136-W23-5185-BM-lib1.annotated_filtered.vcf
[2023-07-17 13:57:03,820] INFO Accessing file: TWAO-105163199-W23-5089-BM-lib1.annotated_filtered.vcf
[2023-07-17 13:57:03,821] INFO Accessing file: TWAO-104533120-W23-5281-BM-lib1.annotated_filtered.vcf
[2023-07-17 13:57:03,822] INFO Accessing file: TWAO-201682401-W23-5060-BM-lib1.annotated_filtered.vcf
[2023-07-17 13:57:03,823] INFO Accessing file: TWAO-200249928-W23-5250-BM-lib1.annotated_filtered.vcf
[2023-07-17 13:57:03,824] INFO Accessing file: TWAO-108783743-W23-5282-BM-lib1.annotated_filtered.vcf
[2023-07-17 13:57:03,825] INFO Accessing file: TWAO-108783743-W23-5282-BM-lib1.annotated_filtered.vcf
[2023-07-17 13:57:03,826] INFO Accessing file: TWAO-103212136-W23-5185-BM-lib1.annotated_filtered.vcf
[2023-07-17 13:57:03,828] INFO Accessing file: TWAO-102552878-W23-5092-BM-lib1.annotated_filtered.vcf
[2023-07-17 13:57:03,829] INFO Accessing file: TWAO-103636692-W23-5198-BM-lib1.annotated_filtered.vcf
[2023-07-17 13:57:03,830] INFO Accessing file: TWAO-202143635-W23-5271-BM-lib1.annotated_filtered.vcf
[2023-07-17 13:57:03,831] INFO Accessing file: TWAO-201516155-W23-5090-BM-lib1.annotated_filtered.vcf
[2023-07-17 13:57:03,832] INFO Accessing file: TWAO-201938262-W23-5253-BM-lib1.annotated_filtered.vcf
[2023-07-17 13:57:03,833] INFO Accessing file: TWAO-102552878-W23-5092-BM-lib1.annotated_filtered.vcf
[2023-07-17 13:57:03,834] INFO Accessing file: TWAO-101484893-W23-5251-BM-lib1.annotated_filtered.vcf
[2023-07-17 13:57:03,835] INFO Accessing file: TWAO-108032713-W23-5115-BM2-lib1.annotated_filtered.vcf
[2023-07-17 13:57:03,836] INFO Accessing file: TWAO-202143635-W23-5271-BM-lib1.annotated_filtered.vcf
[2023-07-17 13:57:03,837] INFO Accessing file: TWAO-105163199-W23-5089-BM-lib1.annotated_filtered.vcf
[2023-07-17 13:57:03,838] INFO Accessing file: TWAO-102552878-W23-5092-BM-lib1.annotated_filtered.vcf
[2023-07-17 13:57:03,839] INFO Accessing file: TWAO-201805813-W23-5093-BM-lib1.annotated_filtered.vcf
[2023-07-17 13:57:03,839] INFO Accessing file: TWAO-202143635-W23-5271-BM-lib1.annotated_filtered.vcf
[2023-07-17 13:57:03,841] INFO Accessing file: TWAO-202035007-W23-5244-BM-lib1.annotated_filtered.vcf
[2023-07-17 13:57:03,841] INFO Accessing file: TWAO-102552878-W23-5092-BM-lib1.annotated_filtered.vcf
[2023-07-17 13:57:03,842] INFO Accessing file: TWAO-106444776-W23-5197-PB-lib1.annotated_filtered.vcf
[2023-07-17 13:57:03,843] INFO Accessing file: TWAO-106444776-W23-5197-PB-lib1.annotated_filtered.vcf
[2023-07-17 13:57:03,844] INFO Accessing file: TWAO-202035007-W23-5244-BM-lib1.annotated_filtered.vcf
[2023-07-17 13:57:03,845] INFO Accessing file: TWAO-107196322-W23-5284-BM-lib1.annotated_filtered.vcf
[2023-07-17 13:57:03,846] INFO Accessing file: TWAO-103562837-W23-5141-BM2-lib1.annotated_filtered.vcf
[2023-07-17 13:57:03,852] INFO ----------DIRECTORY STATISTICS----------
[2023-07-17 13:57:03,852] INFO Total files in directory: 76
[2023-07-17 13:57:03,853] INFO Files with a usable extension: 38
[2023-07-17 13:57:03,853] INFO VCF files used: 30
[2023-07-17 13:57:03,853] INFO VCF file accesses: 98
[2023-07-17 13:57:03,853] INFO ----------SET STATISTICS----------
[2023-07-17 13:57:03,853] INFO Total set annotations: 98
[2023-07-17 13:57:03,853] INFO DRAGEN sets: 67
[2023-07-17 13:57:03,853] INFO PINDEL sets: 2
[2023-07-17 13:57:03,853] INFO DRAGEN-PINDEL sets: 29
[2023-07-17 13:57:03,853] INFO Unknown sets: 0
[2023-07-17 13:57:03,853] INFO Empty sets: 0
[2023-07-17 13:57:03,853] INFO Files where set was not found: 0
[2023-07-17 13:57:03,853] INFO Files where off-by-one flag was triggered: 15
