[2023-07-18 15:27:29,366] INFO Reading table: ../outputs/rel-diff-outputs/tier13-rel-diff/rel_diff_annotated.tsv
[2023-07-18 15:27:29,396] INFO Extracting row 0:	dragen-pindel       1.84569
[2023-07-18 15:27:29,396] INFO Extracting row 1:	dragen-pindel       0.73226
[2023-07-18 15:27:29,396] INFO Extracting row 2:	dragen-pindel       0.5
[2023-07-18 15:27:29,396] INFO Extracting row 3:	dragen-pindel       5.22671
[2023-07-18 15:27:29,396] INFO Extracting row 4:	dragen-pindel       0.67808
[2023-07-18 15:27:29,396] INFO Extracting row 5:	dragen-pindel       0.18419
[2023-07-18 15:27:29,396] INFO Extracting row 6:	dragen-pindel       7.88462
[2023-07-18 15:27:29,396] INFO Extracting row 7:	dragen-pindel       0.42006
[2023-07-18 15:27:29,396] INFO Extracting row 8:	pindel              0.95202
[2023-07-18 15:27:29,396] INFO Extracting row 9:	dragen              0.11247
[2023-07-18 15:27:29,396] INFO Extracting row 10:	dragen-pindel       0.81132
[2023-07-18 15:27:29,396] INFO Extracting row 11:	dragen-pindel       0.29373
[2023-07-18 15:27:29,396] INFO Extracting row 12:	dragen-pindel       0.05717
[2023-07-18 15:27:29,397] INFO Extracting row 13:	dragen-pindel       0.01853
[2023-07-18 15:27:29,397] INFO Extracting row 14:	dragen-pindel       0.02059
[2023-07-18 15:27:29,397] INFO Extracting row 15:	dragen-pindel       0.00207
[2023-07-18 15:27:29,397] INFO Extracting row 16:	dragen-pindel       0.00057
[2023-07-18 15:27:29,397] INFO Extracting row 17:	pindel              0.00044
[2023-07-18 15:27:29,397] INFO Extracting row 18:	dragen-pindel       0.00049
[2023-07-18 15:27:29,397] INFO Extracting row 19:	dragen-pindel       0.00017
[2023-07-18 15:27:29,397] INFO Extracting row 20:	dragen              0.0
[2023-07-18 15:27:29,397] INFO Extracting row 21:	dragen              0.0
[2023-07-18 15:27:29,397] INFO Extracting row 22:	dragen-pindel       0.0
[2023-07-18 15:27:29,397] INFO Extracting row 23:	dragen              0.0
[2023-07-18 15:27:29,397] INFO Extracting row 24:	dragen              0.0
[2023-07-18 15:27:29,397] INFO Extracting row 25:	dragen              0.0
[2023-07-18 15:27:29,397] INFO Extracting row 26:	dragen              0.0
[2023-07-18 15:27:29,398] INFO Extracting row 27:	dragen              0.0
[2023-07-18 15:27:29,398] INFO Extracting row 28:	dragen              0.0
[2023-07-18 15:27:29,398] INFO Extracting row 29:	dragen              0.0
[2023-07-18 15:27:29,398] INFO Extracting row 30:	dragen              0.0
[2023-07-18 15:27:29,398] INFO Extracting row 31:	dragen              0.0
[2023-07-18 15:27:29,398] INFO Extracting row 32:	dragen              0.0
[2023-07-18 15:27:29,398] INFO Extracting row 33:	dragen              0.0
[2023-07-18 15:27:29,398] INFO Extracting row 34:	dragen-pindel       0.0
[2023-07-18 15:27:29,398] INFO Extracting row 35:	dragen              0.0
[2023-07-18 15:27:29,398] INFO Extracting row 36:	dragen-pindel       0.0
[2023-07-18 15:27:29,398] INFO Extracting row 37:	dragen-pindel       0.0
[2023-07-18 15:27:29,398] INFO Extracting row 38:	dragen-pindel       0.0
[2023-07-18 15:27:29,398] INFO Extracting row 39:	dragen-pindel       0.0
[2023-07-18 15:27:29,398] INFO Extracting row 40:	dragen              0.0
[2023-07-18 15:27:29,398] INFO Extracting row 41:	dragen-pindel       0.0
[2023-07-18 15:27:29,398] INFO Extracting row 42:	dragen              0.0
[2023-07-18 15:27:29,398] INFO Extracting row 43:	dragen              0.0
[2023-07-18 15:27:29,399] INFO Extracting row 44:	dragen-pindel       0.0
[2023-07-18 15:27:29,399] INFO Extracting row 45:	dragen              -0.0002
[2023-07-18 15:27:29,399] INFO Extracting row 46:	dragen              -0.00032
[2023-07-18 15:27:29,399] INFO Extracting row 47:	dragen              -0.00015
[2023-07-18 15:27:29,399] INFO Extracting row 48:	dragen              -0.0005
[2023-07-18 15:27:29,399] INFO Extracting row 49:	dragen              -0.0002
[2023-07-18 15:27:29,399] INFO Extracting row 50:	dragen              -0.00018
[2023-07-18 15:27:29,399] INFO Extracting row 51:	dragen              -0.00049
[2023-07-18 15:27:29,399] INFO Extracting row 52:	dragen              -0.00028
[2023-07-18 15:27:29,399] INFO Extracting row 53:	dragen              -0.00035
[2023-07-18 15:27:29,399] INFO Extracting row 54:	dragen              -0.00081
[2023-07-18 15:27:29,399] INFO Extracting row 55:	dragen              -0.00024
[2023-07-18 15:27:29,399] INFO Extracting row 56:	dragen              -0.00035
[2023-07-18 15:27:29,399] INFO Extracting row 57:	dragen              -0.00021
[2023-07-18 15:27:29,399] INFO Extracting row 58:	dragen              -0.00016
[2023-07-18 15:27:29,400] INFO Extracting row 59:	dragen              -0.00033
[2023-07-18 15:27:29,400] INFO Extracting row 60:	dragen              -0.00017
[2023-07-18 15:27:29,400] INFO Extracting row 61:	dragen              -0.00052
[2023-07-18 15:27:29,400] INFO Extracting row 62:	dragen              -0.00052
[2023-07-18 15:27:29,400] INFO Extracting row 63:	dragen              -0.00042
[2023-07-18 15:27:29,400] INFO Extracting row 64:	dragen              -0.00057
[2023-07-18 15:27:29,400] INFO Extracting row 65:	dragen              -0.00052
[2023-07-18 15:27:29,400] INFO Extracting row 66:	dragen              -0.00027
[2023-07-18 15:27:29,400] INFO Extracting row 67:	dragen              -0.0005
[2023-07-18 15:27:29,400] INFO Extracting row 68:	dragen              -0.00031
[2023-07-18 15:27:29,400] INFO Extracting row 69:	dragen              -0.00025
[2023-07-18 15:27:29,400] INFO Extracting row 70:	dragen              -0.00118
[2023-07-18 15:27:29,401] INFO Extracting row 71:	dragen              -0.00034
[2023-07-18 15:27:29,401] INFO Extracting row 72:	dragen              -0.00056
[2023-07-18 15:27:29,401] INFO Extracting row 73:	dragen              -0.00084
[2023-07-18 15:27:29,401] INFO Extracting row 74:	dragen              -0.0007
[2023-07-18 15:27:29,401] INFO Extracting row 75:	dragen              -0.00053
[2023-07-18 15:27:29,401] INFO Extracting row 76:	dragen              -0.00039
[2023-07-18 15:27:29,401] INFO Extracting row 77:	dragen              -0.00082
[2023-07-18 15:27:29,401] INFO Extracting row 78:	dragen              -0.00081
[2023-07-18 15:27:29,401] INFO Extracting row 79:	dragen              -0.00104
[2023-07-18 15:27:29,401] INFO Extracting row 80:	dragen              -0.002
[2023-07-18 15:27:29,401] INFO Extracting row 81:	dragen              -0.00079
[2023-07-18 15:27:29,401] INFO Extracting row 82:	dragen              -0.00063
[2023-07-18 15:27:29,401] INFO Extracting row 83:	dragen              -0.00096
[2023-07-18 15:27:29,401] INFO Extracting row 84:	dragen              -0.0008
[2023-07-18 15:27:29,402] INFO Extracting row 85:	dragen              -0.00082
[2023-07-18 15:27:29,402] INFO Extracting row 86:	dragen              -0.00514
[2023-07-18 15:27:29,402] INFO Extracting row 87:	dragen              -0.00131
[2023-07-18 15:27:29,402] INFO Extracting row 88:	dragen              -0.00326
[2023-07-18 15:27:29,402] INFO Extracting row 89:	dragen              -0.0036
[2023-07-18 15:27:29,402] INFO Extracting row 90:	dragen-pindel       -0.01913
[2023-07-18 15:27:29,402] INFO Extracting row 91:	dragen              -0.01187
[2023-07-18 15:27:29,402] INFO Extracting row 92:	dragen-pindel       -0.04541
[2023-07-18 15:27:29,402] INFO Extracting row 93:	dragen              -0.90323
[2023-07-18 15:27:29,402] INFO Extracting row 94:	dragen              -0.90323
[2023-07-18 15:27:29,402] INFO Extracting row 95:	dragen-pindel       -0.58894
[2023-07-18 15:27:29,402] INFO Extracting row 96:	dragen              -0.51151
[2023-07-18 15:27:29,402] INFO Extracting row 97:	dragen-pindel       -0.65188
[2023-07-18 15:27:29,403] INFO Plot generation disabled, exiting program.
