[2023-07-17 12:16:24,671] INFO Accessing file: TWAO-102552878-W23-5092-BM-lib1.report.json
[2023-07-17 12:16:24,671] INFO Accessing file: TWAO-102552878-W23-5092-BM-lib1.qc-coverage-region-1_full_res.bed
[2023-07-17 12:16:25,322] INFO Accessing file: TWAO-201723434-W23-5114-BM-lib1.report.json
[2023-07-17 12:16:25,323] INFO Accessing file: TWAO-201723434-W23-5114-BM-lib1.qc-coverage-region-1_full_res.bed
[2023-07-17 12:16:26,060] INFO Accessing file: TWAO-200054718-W23-5200-BM-lib1.report.json
[2023-07-17 12:16:26,060] INFO Accessing file: TWAO-200054718-W23-5200-BM-lib1.qc-coverage-region-1_full_res.bed
[2023-07-17 12:16:26,759] INFO Accessing file: TWAO-MS-Positive-Control-W22-6944-BM-lib16.report.json
[2023-07-17 12:16:26,759] INFO Accessing file: TWAO-MS-Positive-Control-W22-6944-BM-lib16.qc-coverage-region-1_full_res.bed
[2023-07-17 12:16:27,613] INFO Accessing file: TWAO-105163199-W23-5089-BM-lib1.report.json
[2023-07-17 12:16:27,613] INFO Accessing file: TWAO-105163199-W23-5089-BM-lib1.qc-coverage-region-1_full_res.bed
[2023-07-17 12:16:28,374] INFO Accessing file: TWAO-107016815-W23-5248-PB-lib1.report.json
[2023-07-17 12:16:28,374] INFO Accessing file: TWAO-107016815-W23-5248-PB-lib1.qc-coverage-region-1_full_res.bed
[2023-07-17 12:16:29,113] INFO Accessing file: TWAO-104533120-W23-5281-BM-lib1.report.json
[2023-07-17 12:16:29,114] INFO Accessing file: TWAO-104533120-W23-5281-BM-lib1.qc-coverage-region-1_full_res.bed
[2023-07-17 12:16:29,775] INFO Accessing file: TWAO-108032713-W23-5115-BM2-lib1.report.json
[2023-07-17 12:16:29,775] INFO Accessing file: TWAO-108032713-W23-5115-BM2-lib1.qc-coverage-region-1_full_res.bed
[2023-07-17 12:16:30,457] INFO Accessing file: TWAO-202154026-W23-5242-BM-lib1.report.json
[2023-07-17 12:16:30,457] INFO Accessing file: TWAO-202154026-W23-5242-BM-lib1.qc-coverage-region-1_full_res.bed
[2023-07-17 12:16:31,090] INFO Accessing file: TWAO-108783743-W23-5282-BM-lib1.report.json
[2023-07-17 12:16:31,090] INFO Accessing file: TWAO-108783743-W23-5282-BM-lib1.qc-coverage-region-1_full_res.bed
[2023-07-17 12:16:31,753] INFO Accessing file: TWAO-106444776-W23-5197-PB-lib1.report.json
[2023-07-17 12:16:31,753] INFO Accessing file: TWAO-106444776-W23-5197-PB-lib1.qc-coverage-region-1_full_res.bed
[2023-07-17 12:16:32,355] INFO Accessing file: TWAO-202153377-W23-5261-BM-lib1.report.json
[2023-07-17 12:16:32,355] INFO Accessing file: TWAO-202153377-W23-5261-BM-lib1.qc-coverage-region-1_full_res.bed
[2023-07-17 12:16:32,993] INFO Accessing file: TWAO-201682401-W23-5060-BM-lib1.report.json
[2023-07-17 12:16:32,993] INFO Accessing file: TWAO-201682401-W23-5060-BM-lib1.qc-coverage-region-1_full_res.bed
[2023-07-17 12:16:33,694] INFO Accessing file: TWAO-202143635-W23-5271-BM-lib1.report.json
[2023-07-17 12:16:33,694] INFO Accessing file: TWAO-202143635-W23-5271-BM-lib1.qc-coverage-region-1_full_res.bed
[2023-07-17 12:16:34,486] INFO Accessing file: TWAO-103144074-W23-5051-BM-lib1.report.json
[2023-07-17 12:16:34,486] INFO Accessing file: TWAO-103144074-W23-5051-BM-lib1.qc-coverage-region-1_full_res.bed
[2023-07-17 12:16:35,173] INFO Accessing file: TWAO-103636692-W23-5198-BM-lib1.report.json
[2023-07-17 12:16:35,174] INFO Accessing file: TWAO-103636692-W23-5198-BM-lib1.qc-coverage-region-1_full_res.bed
[2023-07-17 12:16:35,848] INFO Accessing file: TWAO-201791635-W23-5078-BM-lib1.report.json
[2023-07-17 12:16:35,848] INFO Accessing file: TWAO-201791635-W23-5078-BM-lib1.qc-coverage-region-1_full_res.bed
[2023-07-17 12:16:36,566] INFO Accessing file: TWAO-105982473-W23-5162-BM-lib1.report.json
[2023-07-17 12:16:36,566] INFO Accessing file: TWAO-105982473-W23-5162-BM-lib1.qc-coverage-region-1_full_res.bed
[2023-07-17 12:16:37,340] INFO Accessing file: TWAO-201796057-W23-5143-BM2-lib1.report.json
[2023-07-17 12:16:37,340] INFO Accessing file: TWAO-201796057-W23-5143-BM2-lib1.qc-coverage-region-1_full_res.bed
[2023-07-17 12:16:38,050] INFO Accessing file: TWAO-103212136-W23-5185-BM-lib1.report.json
[2023-07-17 12:16:38,051] INFO Accessing file: TWAO-103212136-W23-5185-BM-lib1.qc-coverage-region-1_full_res.bed
[2023-07-17 12:16:38,790] INFO Accessing file: TWAO-201878424-W23-5285-BM-lib1.report.json
[2023-07-17 12:16:38,790] INFO Accessing file: TWAO-201878424-W23-5285-BM-lib1.qc-coverage-region-1_full_res.bed
[2023-07-17 12:16:39,484] INFO Accessing file: TWAO-202138202-W23-5245-BM-lib1.report.json
[2023-07-17 12:16:39,484] INFO Accessing file: TWAO-202138202-W23-5245-BM-lib1.qc-coverage-region-1_full_res.bed
[2023-07-17 12:16:40,190] INFO Accessing file: TWAO-201516155-W23-5090-BM-lib1.report.json
[2023-07-17 12:16:40,190] INFO Accessing file: TWAO-201516155-W23-5090-BM-lib1.qc-coverage-region-1_full_res.bed
[2023-07-17 12:16:40,942] INFO Accessing file: TWAO-103562837-W23-5141-BM2-lib1.report.json
[2023-07-17 12:16:40,942] INFO Accessing file: TWAO-103562837-W23-5141-BM2-lib1.qc-coverage-region-1_full_res.bed
[2023-07-17 12:16:41,646] INFO Accessing file: TWAO-108152658-W23-5283-BM-lib1.report.json
[2023-07-17 12:16:41,646] INFO Accessing file: TWAO-108152658-W23-5283-BM-lib1.qc-coverage-region-1_full_res.bed
[2023-07-17 12:16:42,509] INFO Accessing file: TWAO-105188778-W23-5079-BM-lib1.report.json
[2023-07-17 12:16:42,510] INFO Accessing file: TWAO-105188778-W23-5079-BM-lib1.qc-coverage-region-1_full_res.bed
[2023-07-17 12:16:43,221] INFO Accessing file: TWAO-200249928-W23-5250-BM-lib1.report.json
[2023-07-17 12:16:43,221] INFO Accessing file: TWAO-200249928-W23-5250-BM-lib1.qc-coverage-region-1_full_res.bed
[2023-07-17 12:16:43,935] INFO Accessing file: TWAO-107196322-W23-5284-BM-lib1.report.json
[2023-07-17 12:16:43,935] INFO Accessing file: TWAO-107196322-W23-5284-BM-lib1.qc-coverage-region-1_full_res.bed
[2023-07-17 12:16:44,672] INFO Accessing file: TWAO-201938262-W23-5253-BM-lib1.report.json
[2023-07-17 12:16:44,672] INFO Accessing file: TWAO-201938262-W23-5253-BM-lib1.qc-coverage-region-1_full_res.bed
[2023-07-17 12:16:45,385] INFO Accessing file: TWAO-106444776-W23-5056-BM-lib1.report.json
[2023-07-17 12:16:45,385] INFO Accessing file: TWAO-106444776-W23-5056-BM-lib1.qc-coverage-region-1_full_res.bed
[2023-07-17 12:16:45,789] INFO Accessing file: TWAO-201280541-W23-5184-BM-lib1.report.json
[2023-07-17 12:16:45,789] INFO Accessing file: TWAO-201280541-W23-5184-BM-lib1.qc-coverage-region-1_full_res.bed
[2023-07-17 12:16:46,548] INFO Accessing file: TWAO-101484893-W23-5251-BM-lib1.report.json
[2023-07-17 12:16:46,548] INFO Accessing file: TWAO-101484893-W23-5251-BM-lib1.qc-coverage-region-1_full_res.bed
[2023-07-17 12:16:47,304] INFO Accessing file: TWAO-202035007-W23-5244-BM-lib1.report.json
[2023-07-17 12:16:47,304] INFO Accessing file: TWAO-202035007-W23-5244-BM-lib1.qc-coverage-region-1_full_res.bed
[2023-07-17 12:16:48,034] INFO Accessing file: TWAO-100406124-W23-5088-BM-lib1.report.json
[2023-07-17 12:16:48,035] INFO Accessing file: TWAO-100406124-W23-5088-BM-lib1.qc-coverage-region-1_full_res.bed
[2023-07-17 12:16:48,764] INFO Accessing file: TWAO-108007890-W23-5011-BM3-lib1.report.json
[2023-07-17 12:16:48,764] INFO Accessing file: TWAO-108007890-W23-5011-BM3-lib1.qc-coverage-region-1_full_res.bed
[2023-07-17 12:16:49,514] INFO Accessing file: TWAO-106352110-W23-5075-BM-lib1.report.json
[2023-07-17 12:16:49,514] INFO Accessing file: TWAO-106352110-W23-5075-BM-lib1.qc-coverage-region-1_full_res.bed
[2023-07-17 12:16:50,118] INFO Accessing file: TWAO-201805813-W23-5093-BM-lib1.report.json
[2023-07-17 12:16:50,118] INFO Accessing file: TWAO-201805813-W23-5093-BM-lib1.qc-coverage-region-1_full_res.bed
[2023-07-17 12:16:50,843] INFO Accessing file: TWAO-105574860-W23-5249-BM-lib1.report.json
[2023-07-17 12:16:50,844] INFO Accessing file: TWAO-105574860-W23-5249-BM-lib1.qc-coverage-region-1_full_res.bed
[2023-07-17 12:16:51,530] INFO ----------DIRECTORTY STATISTICS----------
[2023-07-17 12:16:51,531] INFO Total subdirectories accessed: 38
[2023-07-17 12:16:51,531] INFO JSON files without column "FILTERED" (error count): 0
[2023-07-17 12:16:51,531] INFO Subirectory error percent: 0.0
[2023-07-17 12:16:51,531] INFO ----------COMPARISON STATISTICS----------
[2023-07-17 12:16:51,531] INFO Total Comparisons: 1170
[2023-07-17 12:16:51,531] INFO Duplicate coverage count: 829
[2023-07-17 12:16:51,531] INFO Total Comparisons, excluding duplicates: 341
[2023-07-17 12:16:51,531] INFO ----------STATISTICS EXCLUDING DUPLICATES----------
[2023-07-17 12:16:51,531] INFO Cases where JSON coverage was greater: 0.032 (11)
[2023-07-17 12:16:51,531] INFO Cases where BED coverage was greater: 0.836 (285)
[2023-07-17 12:16:51,531] INFO Cases where coverage was equal: 0.132 (45)
[2023-07-17 12:16:51,531] INFO JSON average coverage: 4649.009
[2023-07-17 12:16:51,531] INFO BED average coverage: 4884.29
[2023-07-17 12:16:51,531] INFO Average coverage comparison: -87.469
