[2023-07-10 11:40:06,394] INFO Accessing file: ../sorted_batch247/TWAO-102552878-W23-5092-BM-lib1/TWAO-102552878-W23-5092-BM-lib1.report.json
[2023-07-10 11:40:07,025] INFO BED has greater coverage than JSON
[2023-07-10 11:40:07,025] INFO JSON has greater coverage than BED
[2023-07-10 11:40:07,025] INFO BED has greater coverage than JSON
[2023-07-10 11:40:07,025] INFO BED has greater coverage than JSON
[2023-07-10 11:40:07,025] INFO BED has greater coverage than JSON
[2023-07-10 11:40:07,026] INFO Accessing file: ../sorted_batch247/TWAO-201723434-W23-5114-BM-lib1/TWAO-201723434-W23-5114-BM-lib1.report.json
[2023-07-10 11:40:07,678] INFO BED has greater coverage than JSON
[2023-07-10 11:40:07,679] INFO Accessing file: ../sorted_batch247/TWAO-200054718-W23-5200-BM-lib1/TWAO-200054718-W23-5200-BM-lib1.report.json
[2023-07-10 11:40:08,318] INFO BED has greater coverage than JSON
[2023-07-10 11:40:08,318] INFO Accessing file: ../sorted_batch247/TWAO-MS-Positive-Control-W22-6944-BM-lib16/TWAO-MS-Positive-Control-W22-6944-BM-lib16.report.json
[2023-07-10 11:40:08,975] INFO Coverage is equal
[2023-07-10 11:40:08,975] INFO Coverage is equal
[2023-07-10 11:40:08,975] INFO BED has greater coverage than JSON
[2023-07-10 11:40:08,975] INFO BED has greater coverage than JSON
[2023-07-10 11:40:08,975] INFO Coverage is equal
[2023-07-10 11:40:08,975] INFO JSON has greater coverage than BED
[2023-07-10 11:40:08,975] INFO JSON has greater coverage than BED
[2023-07-10 11:40:08,976] INFO Accessing file: ../sorted_batch247/TWAO-105163199-W23-5089-BM-lib1/TWAO-105163199-W23-5089-BM-lib1.report.json
[2023-07-10 11:40:09,636] INFO BED has greater coverage than JSON
[2023-07-10 11:40:09,637] INFO BED has greater coverage than JSON
[2023-07-10 11:40:09,637] INFO JSON has greater coverage than BED
[2023-07-10 11:40:09,637] INFO Coverage is equal
[2023-07-10 11:40:09,637] ERROR Tier 1-3 columns do not exist: ../sorted_batch247/TWAO-107016815-W23-5248-PB-lib1/TWAO-107016815-W23-5248-PB-lib1.report.json
[2023-07-10 11:40:09,638] INFO Accessing file: ../sorted_batch247/TWAO-104533120-W23-5281-BM-lib1/TWAO-104533120-W23-5281-BM-lib1.report.json
[2023-07-10 11:40:10,284] INFO Coverage is equal
[2023-07-10 11:40:10,284] INFO Coverage is equal
[2023-07-10 11:40:10,284] INFO JSON has greater coverage than BED
[2023-07-10 11:40:10,284] INFO JSON has greater coverage than BED
[2023-07-10 11:40:10,284] INFO Accessing file: ../sorted_batch247/TWAO-108032713-W23-5115-BM2-lib1/TWAO-108032713-W23-5115-BM2-lib1.report.json
[2023-07-10 11:40:10,937] INFO BED has greater coverage than JSON
[2023-07-10 11:40:10,937] INFO Coverage is equal
[2023-07-10 11:40:10,938] INFO JSON has greater coverage than BED
[2023-07-10 11:40:10,938] INFO JSON has greater coverage than BED
[2023-07-10 11:40:10,938] INFO JSON has greater coverage than BED
[2023-07-10 11:40:10,938] INFO JSON has greater coverage than BED
[2023-07-10 11:40:10,938] INFO JSON has greater coverage than BED
[2023-07-10 11:40:10,938] INFO JSON has greater coverage than BED
[2023-07-10 11:40:10,938] INFO JSON has greater coverage than BED
[2023-07-10 11:40:10,939] ERROR Tier 1-3 columns do not exist: ../sorted_batch247/TWAO-202154026-W23-5242-BM-lib1/TWAO-202154026-W23-5242-BM-lib1.report.json
[2023-07-10 11:40:10,939] INFO Accessing file: ../sorted_batch247/TWAO-108783743-W23-5282-BM-lib1/TWAO-108783743-W23-5282-BM-lib1.report.json
[2023-07-10 11:40:11,602] INFO Coverage is equal
[2023-07-10 11:40:11,602] INFO Coverage is equal
[2023-07-10 11:40:11,602] INFO JSON has greater coverage than BED
[2023-07-10 11:40:11,602] INFO BED has greater coverage than JSON
[2023-07-10 11:40:11,602] INFO BED has greater coverage than JSON
[2023-07-10 11:40:11,602] INFO BED has greater coverage than JSON
[2023-07-10 11:40:11,602] INFO BED has greater coverage than JSON
[2023-07-10 11:40:11,603] INFO Accessing file: ../sorted_batch247/TWAO-106444776-W23-5197-PB-lib1/TWAO-106444776-W23-5197-PB-lib1.report.json
[2023-07-10 11:40:12,251] INFO BED has greater coverage than JSON
[2023-07-10 11:40:12,251] INFO JSON has greater coverage than BED
[2023-07-10 11:40:12,251] INFO Coverage is equal
[2023-07-10 11:40:12,251] INFO Coverage is equal
[2023-07-10 11:40:12,251] INFO Coverage is equal
[2023-07-10 11:40:12,251] INFO Coverage is equal
[2023-07-10 11:40:12,251] INFO JSON has greater coverage than BED
[2023-07-10 11:40:12,251] INFO Coverage is equal
[2023-07-10 11:40:12,252] INFO Accessing file: ../sorted_batch247/TWAO-202153377-W23-5261-BM-lib1/TWAO-202153377-W23-5261-BM-lib1.report.json
[2023-07-10 11:40:12,854] INFO JSON has greater coverage than BED
[2023-07-10 11:40:12,854] INFO JSON has greater coverage than BED
[2023-07-10 11:40:12,854] INFO BED has greater coverage than JSON
[2023-07-10 11:40:12,854] INFO JSON has greater coverage than BED
[2023-07-10 11:40:12,855] INFO Accessing file: ../sorted_batch247/TWAO-201682401-W23-5060-BM-lib1/TWAO-201682401-W23-5060-BM-lib1.report.json
[2023-07-10 11:40:13,527] INFO BED has greater coverage than JSON
[2023-07-10 11:40:13,527] INFO BED has greater coverage than JSON
[2023-07-10 11:40:13,528] INFO Accessing file: ../sorted_batch247/TWAO-202143635-W23-5271-BM-lib1/TWAO-202143635-W23-5271-BM-lib1.report.json
[2023-07-10 11:40:14,300] INFO Coverage is equal
[2023-07-10 11:40:14,300] INFO BED has greater coverage than JSON
[2023-07-10 11:40:14,300] INFO BED has greater coverage than JSON
[2023-07-10 11:40:14,300] INFO BED has greater coverage than JSON
[2023-07-10 11:40:14,301] INFO Accessing file: ../sorted_batch247/TWAO-103144074-W23-5051-BM-lib1/TWAO-103144074-W23-5051-BM-lib1.report.json
[2023-07-10 11:40:14,980] INFO BED has greater coverage than JSON
[2023-07-10 11:40:14,980] INFO JSON has greater coverage than BED
[2023-07-10 11:40:14,980] INFO JSON has greater coverage than BED
[2023-07-10 11:40:14,980] INFO JSON has greater coverage than BED
[2023-07-10 11:40:14,980] INFO JSON has greater coverage than BED
[2023-07-10 11:40:14,980] INFO JSON has greater coverage than BED
[2023-07-10 11:40:14,980] INFO JSON has greater coverage than BED
[2023-07-10 11:40:14,980] INFO JSON has greater coverage than BED
[2023-07-10 11:40:14,980] INFO JSON has greater coverage than BED
[2023-07-10 11:40:14,981] INFO JSON has greater coverage than BED
[2023-07-10 11:40:14,981] INFO JSON has greater coverage than BED
[2023-07-10 11:40:14,981] INFO JSON has greater coverage than BED
[2023-07-10 11:40:14,981] INFO JSON has greater coverage than BED
[2023-07-10 11:40:14,981] INFO Accessing file: ../sorted_batch247/TWAO-103636692-W23-5198-BM-lib1/TWAO-103636692-W23-5198-BM-lib1.report.json
[2023-07-10 11:40:15,646] INFO BED has greater coverage than JSON
[2023-07-10 11:40:15,647] INFO Accessing file: ../sorted_batch247/TWAO-201791635-W23-5078-BM-lib1/TWAO-201791635-W23-5078-BM-lib1.report.json
[2023-07-10 11:40:16,299] INFO Coverage is equal
[2023-07-10 11:40:16,300] INFO Accessing file: ../sorted_batch247/TWAO-105982473-W23-5162-BM-lib1/TWAO-105982473-W23-5162-BM-lib1.report.json
[2023-07-10 11:40:17,043] INFO Coverage is equal
[2023-07-10 11:40:17,043] INFO Coverage is equal
[2023-07-10 11:40:17,043] INFO BED has greater coverage than JSON
[2023-07-10 11:40:17,044] INFO Accessing file: ../sorted_batch247/TWAO-201796057-W23-5143-BM2-lib1/TWAO-201796057-W23-5143-BM2-lib1.report.json
[2023-07-10 11:40:17,738] INFO Coverage is equal
[2023-07-10 11:40:17,738] INFO Coverage is equal
[2023-07-10 11:40:17,738] INFO BED has greater coverage than JSON
[2023-07-10 11:40:17,739] INFO JSON has greater coverage than BED
[2023-07-10 11:40:17,739] INFO BED has greater coverage than JSON
[2023-07-10 11:40:17,739] INFO BED has greater coverage than JSON
[2023-07-10 11:40:17,739] INFO Coverage is equal
[2023-07-10 11:40:17,740] INFO Accessing file: ../sorted_batch247/TWAO-103212136-W23-5185-BM-lib1/TWAO-103212136-W23-5185-BM-lib1.report.json
[2023-07-10 11:40:18,427] INFO JSON has greater coverage than BED
[2023-07-10 11:40:18,427] INFO BED has greater coverage than JSON
[2023-07-10 11:40:18,427] INFO JSON has greater coverage than BED
[2023-07-10 11:40:18,427] INFO BED has greater coverage than JSON
[2023-07-10 11:40:18,427] INFO BED has greater coverage than JSON
[2023-07-10 11:40:18,427] INFO BED has greater coverage than JSON
[2023-07-10 11:40:18,428] ERROR Tier 1-3 columns do not exist: ../sorted_batch247/TWAO-201878424-W23-5285-BM-lib1/TWAO-201878424-W23-5285-BM-lib1.report.json
[2023-07-10 11:40:18,429] INFO Accessing file: ../sorted_batch247/TWAO-202138202-W23-5245-BM-lib1/TWAO-202138202-W23-5245-BM-lib1.report.json
[2023-07-10 11:40:19,201] INFO Coverage is equal
[2023-07-10 11:40:19,201] INFO Accessing file: ../sorted_batch247/TWAO-201516155-W23-5090-BM-lib1/TWAO-201516155-W23-5090-BM-lib1.report.json
[2023-07-10 11:40:19,930] INFO JSON has greater coverage than BED
[2023-07-10 11:40:19,930] INFO JSON has greater coverage than BED
[2023-07-10 11:40:19,930] INFO JSON has greater coverage than BED
[2023-07-10 11:40:19,930] INFO JSON has greater coverage than BED
[2023-07-10 11:40:19,930] INFO BED has greater coverage than JSON
[2023-07-10 11:40:19,930] INFO BED has greater coverage than JSON
[2023-07-10 11:40:19,930] INFO BED has greater coverage than JSON
[2023-07-10 11:40:19,930] INFO JSON has greater coverage than BED
[2023-07-10 11:40:19,931] INFO Accessing file: ../sorted_batch247/TWAO-103562837-W23-5141-BM2-lib1/TWAO-103562837-W23-5141-BM2-lib1.report.json
[2023-07-10 11:40:20,575] INFO BED has greater coverage than JSON
[2023-07-10 11:40:20,575] INFO BED has greater coverage than JSON
[2023-07-10 11:40:20,575] INFO BED has greater coverage than JSON
[2023-07-10 11:40:20,576] ERROR Tier 1-3 columns do not exist: ../sorted_batch247/TWAO-108152658-W23-5283-BM-lib1/TWAO-108152658-W23-5283-BM-lib1.report.json
[2023-07-10 11:40:20,577] INFO Accessing file: ../sorted_batch247/TWAO-105188778-W23-5079-BM-lib1/TWAO-105188778-W23-5079-BM-lib1.report.json
[2023-07-10 11:40:21,174] INFO BED has greater coverage than JSON
[2023-07-10 11:40:21,174] INFO Coverage is equal
[2023-07-10 11:40:21,174] INFO Coverage is equal
[2023-07-10 11:40:21,176] INFO Accessing file: ../sorted_batch247/TWAO-200249928-W23-5250-BM-lib1/TWAO-200249928-W23-5250-BM-lib1.report.json
[2023-07-10 11:40:21,845] INFO BED has greater coverage than JSON
[2023-07-10 11:40:21,845] INFO BED has greater coverage than JSON
[2023-07-10 11:40:21,846] INFO Accessing file: ../sorted_batch247/TWAO-107196322-W23-5284-BM-lib1/TWAO-107196322-W23-5284-BM-lib1.report.json
[2023-07-10 11:40:22,519] INFO BED has greater coverage than JSON
[2023-07-10 11:40:22,519] INFO JSON has greater coverage than BED
[2023-07-10 11:40:22,520] INFO BED has greater coverage than JSON
[2023-07-10 11:40:22,520] INFO Coverage is equal
[2023-07-10 11:40:22,520] INFO Coverage is equal
[2023-07-10 11:40:22,520] INFO Accessing file: ../sorted_batch247/TWAO-201938262-W23-5253-BM-lib1/TWAO-201938262-W23-5253-BM-lib1.report.json
[2023-07-10 11:40:23,159] INFO BED has greater coverage than JSON
[2023-07-10 11:40:23,160] INFO Accessing file: ../sorted_batch247/TWAO-106444776-W23-5056-BM-lib1/TWAO-106444776-W23-5056-BM-lib1.report.json
[2023-07-10 11:40:23,557] INFO Coverage is equal
[2023-07-10 11:40:23,557] INFO JSON has greater coverage than BED
[2023-07-10 11:40:23,557] INFO BED has greater coverage than JSON
[2023-07-10 11:40:23,557] INFO BED has greater coverage than JSON
[2023-07-10 11:40:23,557] INFO Coverage is equal
[2023-07-10 11:40:23,557] INFO JSON has greater coverage than BED
[2023-07-10 11:40:23,557] INFO Coverage is equal
[2023-07-10 11:40:23,558] INFO Accessing file: ../sorted_batch247/TWAO-201280541-W23-5184-BM-lib1/TWAO-201280541-W23-5184-BM-lib1.report.json
[2023-07-10 11:40:24,217] INFO BED has greater coverage than JSON
[2023-07-10 11:40:24,217] INFO BED has greater coverage than JSON
[2023-07-10 11:40:24,218] INFO Coverage is equal
[2023-07-10 11:40:24,219] INFO Accessing file: ../sorted_batch247/TWAO-101484893-W23-5251-BM-lib1/TWAO-101484893-W23-5251-BM-lib1.report.json
[2023-07-10 11:40:24,898] INFO BED has greater coverage than JSON
[2023-07-10 11:40:24,899] INFO BED has greater coverage than JSON
[2023-07-10 11:40:24,899] INFO Coverage is equal
[2023-07-10 11:40:24,899] INFO BED has greater coverage than JSON
[2023-07-10 11:40:24,899] INFO JSON has greater coverage than BED
[2023-07-10 11:40:24,900] INFO Accessing file: ../sorted_batch247/TWAO-202035007-W23-5244-BM-lib1/TWAO-202035007-W23-5244-BM-lib1.report.json
[2023-07-10 11:40:25,591] INFO BED has greater coverage than JSON
[2023-07-10 11:40:25,591] INFO BED has greater coverage than JSON
[2023-07-10 11:40:25,591] INFO Coverage is equal
[2023-07-10 11:40:25,591] INFO JSON has greater coverage than BED
[2023-07-10 11:40:25,591] INFO BED has greater coverage than JSON
[2023-07-10 11:40:25,591] ERROR Tier 1-3 columns do not exist: ../sorted_batch247/TWAO-100406124-W23-5088-BM-lib1/TWAO-100406124-W23-5088-BM-lib1.report.json
[2023-07-10 11:40:25,592] ERROR Tier 1-3 columns do not exist: ../sorted_batch247/TWAO-108007890-W23-5011-BM3-lib1/TWAO-108007890-W23-5011-BM3-lib1.report.json
[2023-07-10 11:40:25,593] ERROR Tier 1-3 columns do not exist: ../sorted_batch247/TWAO-106352110-W23-5075-BM-lib1/TWAO-106352110-W23-5075-BM-lib1.report.json
[2023-07-10 11:40:25,593] INFO Accessing file: ../sorted_batch247/TWAO-201805813-W23-5093-BM-lib1/TWAO-201805813-W23-5093-BM-lib1.report.json
[2023-07-10 11:40:26,246] INFO BED has greater coverage than JSON
[2023-07-10 11:40:26,246] INFO Accessing file: ../sorted_batch247/TWAO-105574860-W23-5249-BM-lib1/TWAO-105574860-W23-5249-BM-lib1.report.json
[2023-07-10 11:40:26,879] INFO BED has greater coverage than JSON
[2023-07-10 11:40:26,879] INFO Coverage is equal
[2023-07-10 11:40:26,879] INFO BED has greater coverage than JSON
[2023-07-10 11:40:26,881] INFO ----------DIRECTORTY STATISTICS----------
[2023-07-10 11:40:26,881] INFO Total subdirectories accessed: 38
[2023-07-10 11:40:26,881] INFO JSON files without column "TIER1-3" (error count): 7
[2023-07-10 11:40:26,881] INFO Subirectory error percent: 0.184
[2023-07-10 11:40:26,881] INFO ----------COMPARISON STATISTICS----------
[2023-07-10 11:40:26,881] INFO Total Comparisons: 134
[2023-07-10 11:40:26,881] INFO Cases where JSON coverage was greater: 0.328 (44)
[2023-07-10 11:40:26,881] INFO Cases where BED coverage was greater: 0.425 (57)
[2023-07-10 11:40:26,881] INFO Cases where coverage was equal: 0.246 (33)
[2023-07-10 11:40:26,881] INFO JSON average coverage: 4169.037
[2023-07-10 11:40:26,881] INFO BED average coverage: 3883.515
[2023-07-10 11:40:26,881] INFO Average coverage comparison: 285.522
[2023-07-10 11:40:26,881] INFO NOTE: Average coverage calculated by (JSON coverage) - (BED coverage) for each interval
[2023-07-10 11:40:26,881] INFO NOTE: +(pos) indicates higher average JSON coverage, -(neg) indicated higher average BED coverage
