[2023-07-13 12:47:35,543] INFO Reading table: ../outputs/table_no_duplicates.tsv
[2023-07-13 12:47:35,545] INFO Accessing file: TWAO-102552878-W23-5092-BM-lib1.annotated_filtered.vcf
[2023-07-13 12:47:35,547] INFO Accessing file: TWAO-102552878-W23-5092-BM-lib1.annotated_filtered.vcf
[2023-07-13 12:47:35,547] INFO Accessing file: TWAO-102552878-W23-5092-BM-lib1.annotated_filtered.vcf
[2023-07-13 12:47:35,548] INFO Accessing file: TWAO-102552878-W23-5092-BM-lib1.annotated_filtered.vcf
[2023-07-13 12:47:35,549] INFO Accessing file: TWAO-102552878-W23-5092-BM-lib1.annotated_filtered.vcf
[2023-07-13 12:47:35,550] INFO Accessing file: TWAO-201723434-W23-5114-BM-lib1.annotated_filtered.vcf
[2023-07-13 12:47:35,551] INFO Accessing file: TWAO-200054718-W23-5200-BM-lib1.annotated_filtered.vcf
[2023-07-13 12:47:35,552] INFO Accessing file: TWAO-MS-Positive-Control-W22-6944-BM-lib16.annotated_filtered.vcf
[2023-07-13 12:47:35,553] INFO Accessing file: TWAO-MS-Positive-Control-W22-6944-BM-lib16.annotated_filtered.vcf
[2023-07-13 12:47:35,554] INFO Accessing file: TWAO-MS-Positive-Control-W22-6944-BM-lib16.annotated_filtered.vcf
[2023-07-13 12:47:35,555] INFO Accessing file: TWAO-MS-Positive-Control-W22-6944-BM-lib16.annotated_filtered.vcf
[2023-07-13 12:47:35,556] INFO Accessing file: TWAO-MS-Positive-Control-W22-6944-BM-lib16.annotated_filtered.vcf
[2023-07-13 12:47:35,556] INFO Accessing file: TWAO-MS-Positive-Control-W22-6944-BM-lib16.annotated_filtered.vcf
[2023-07-13 12:47:35,557] INFO Accessing file: TWAO-105163199-W23-5089-BM-lib1.annotated_filtered.vcf
[2023-07-13 12:47:35,558] INFO Accessing file: TWAO-105163199-W23-5089-BM-lib1.annotated_filtered.vcf
[2023-07-13 12:47:35,559] INFO Accessing file: TWAO-105163199-W23-5089-BM-lib1.annotated_filtered.vcf
[2023-07-13 12:47:35,560] INFO Accessing file: TWAO-105163199-W23-5089-BM-lib1.annotated_filtered.vcf
[2023-07-13 12:47:35,561] INFO Accessing file: TWAO-104533120-W23-5281-BM-lib1.annotated_filtered.vcf
[2023-07-13 12:47:35,561] INFO Accessing file: TWAO-104533120-W23-5281-BM-lib1.annotated_filtered.vcf
[2023-07-13 12:47:35,562] INFO Accessing file: TWAO-104533120-W23-5281-BM-lib1.annotated_filtered.vcf
[2023-07-13 12:47:35,563] INFO Accessing file: TWAO-104533120-W23-5281-BM-lib1.annotated_filtered.vcf
[2023-07-13 12:47:35,564] INFO Accessing file: TWAO-108032713-W23-5115-BM2-lib1.annotated_filtered.vcf
[2023-07-13 12:47:35,565] INFO Accessing file: TWAO-108032713-W23-5115-BM2-lib1.annotated_filtered.vcf
[2023-07-13 12:47:35,566] INFO Accessing file: TWAO-108032713-W23-5115-BM2-lib1.annotated_filtered.vcf
[2023-07-13 12:47:35,567] INFO Accessing file: TWAO-108032713-W23-5115-BM2-lib1.annotated_filtered.vcf
[2023-07-13 12:47:35,568] INFO Accessing file: TWAO-108032713-W23-5115-BM2-lib1.annotated_filtered.vcf
[2023-07-13 12:47:35,569] INFO Accessing file: TWAO-108783743-W23-5282-BM-lib1.annotated_filtered.vcf
[2023-07-13 12:47:35,569] INFO Accessing file: TWAO-108783743-W23-5282-BM-lib1.annotated_filtered.vcf
[2023-07-13 12:47:35,570] INFO Accessing file: TWAO-108783743-W23-5282-BM-lib1.annotated_filtered.vcf
[2023-07-13 12:47:35,571] INFO Accessing file: TWAO-108783743-W23-5282-BM-lib1.annotated_filtered.vcf
[2023-07-13 12:47:35,572] INFO Accessing file: TWAO-108783743-W23-5282-BM-lib1.annotated_filtered.vcf
[2023-07-13 12:47:35,573] INFO Accessing file: TWAO-108783743-W23-5282-BM-lib1.annotated_filtered.vcf
[2023-07-13 12:47:35,574] INFO Accessing file: TWAO-108783743-W23-5282-BM-lib1.annotated_filtered.vcf
[2023-07-13 12:47:35,575] INFO Accessing file: TWAO-106444776-W23-5197-PB-lib1.annotated_filtered.vcf
[2023-07-13 12:47:35,576] INFO Accessing file: TWAO-106444776-W23-5197-PB-lib1.annotated_filtered.vcf
[2023-07-13 12:47:35,576] INFO Accessing file: TWAO-106444776-W23-5197-PB-lib1.annotated_filtered.vcf
[2023-07-13 12:47:35,577] INFO Accessing file: TWAO-106444776-W23-5197-PB-lib1.annotated_filtered.vcf
[2023-07-13 12:47:35,578] INFO Accessing file: TWAO-106444776-W23-5197-PB-lib1.annotated_filtered.vcf
[2023-07-13 12:47:35,579] INFO Accessing file: TWAO-106444776-W23-5197-PB-lib1.annotated_filtered.vcf
[2023-07-13 12:47:35,580] INFO Accessing file: TWAO-106444776-W23-5197-PB-lib1.annotated_filtered.vcf
[2023-07-13 12:47:35,581] INFO Accessing file: TWAO-202153377-W23-5261-BM-lib1.annotated_filtered.vcf
[2023-07-13 12:47:35,581] INFO Accessing file: TWAO-202153377-W23-5261-BM-lib1.annotated_filtered.vcf
[2023-07-13 12:47:35,582] INFO Accessing file: TWAO-201682401-W23-5060-BM-lib1.annotated_filtered.vcf
[2023-07-13 12:47:35,583] INFO Accessing file: TWAO-201682401-W23-5060-BM-lib1.annotated_filtered.vcf
[2023-07-13 12:47:35,584] INFO Accessing file: TWAO-202143635-W23-5271-BM-lib1.annotated_filtered.vcf
[2023-07-13 12:47:35,585] INFO Accessing file: TWAO-202143635-W23-5271-BM-lib1.annotated_filtered.vcf
[2023-07-13 12:47:35,586] INFO Accessing file: TWAO-202143635-W23-5271-BM-lib1.annotated_filtered.vcf
[2023-07-13 12:47:35,588] INFO Accessing file: TWAO-202143635-W23-5271-BM-lib1.annotated_filtered.vcf
[2023-07-13 12:47:35,589] INFO Accessing file: TWAO-103144074-W23-5051-BM-lib1.annotated_filtered.vcf
[2023-07-13 12:47:35,590] INFO Accessing file: TWAO-103144074-W23-5051-BM-lib1.annotated_filtered.vcf
[2023-07-13 12:47:35,590] INFO Accessing file: TWAO-103636692-W23-5198-BM-lib1.annotated_filtered.vcf
[2023-07-13 12:47:35,591] INFO Accessing file: TWAO-201791635-W23-5078-BM-lib1.annotated_filtered.vcf
[2023-07-13 12:47:35,592] INFO Accessing file: TWAO-105982473-W23-5162-BM-lib1.annotated_filtered.vcf
[2023-07-13 12:47:35,593] INFO Accessing file: TWAO-105982473-W23-5162-BM-lib1.annotated_filtered.vcf
[2023-07-13 12:47:35,594] INFO Accessing file: TWAO-201796057-W23-5143-BM2-lib1.annotated_filtered.vcf
[2023-07-13 12:47:35,594] INFO Accessing file: TWAO-201796057-W23-5143-BM2-lib1.annotated_filtered.vcf
[2023-07-13 12:47:35,595] INFO Accessing file: TWAO-201796057-W23-5143-BM2-lib1.annotated_filtered.vcf
[2023-07-13 12:47:35,596] INFO Accessing file: TWAO-201796057-W23-5143-BM2-lib1.annotated_filtered.vcf
[2023-07-13 12:47:35,597] INFO Accessing file: TWAO-201796057-W23-5143-BM2-lib1.annotated_filtered.vcf
[2023-07-13 12:47:35,598] INFO Accessing file: TWAO-201796057-W23-5143-BM2-lib1.annotated_filtered.vcf
[2023-07-13 12:47:35,598] INFO Accessing file: TWAO-201796057-W23-5143-BM2-lib1.annotated_filtered.vcf
[2023-07-13 12:47:35,599] INFO Accessing file: TWAO-103212136-W23-5185-BM-lib1.annotated_filtered.vcf
[2023-07-13 12:47:35,600] INFO Accessing file: TWAO-103212136-W23-5185-BM-lib1.annotated_filtered.vcf
[2023-07-13 12:47:35,601] INFO Accessing file: TWAO-103212136-W23-5185-BM-lib1.annotated_filtered.vcf
[2023-07-13 12:47:35,603] INFO Accessing file: TWAO-103212136-W23-5185-BM-lib1.annotated_filtered.vcf
[2023-07-13 12:47:35,604] INFO Accessing file: TWAO-202138202-W23-5245-BM-lib1.annotated_filtered.vcf
[2023-07-13 12:47:35,605] INFO Accessing file: TWAO-201516155-W23-5090-BM-lib1.annotated_filtered.vcf
[2023-07-13 12:47:35,606] INFO Accessing file: TWAO-201516155-W23-5090-BM-lib1.annotated_filtered.vcf
[2023-07-13 12:47:35,607] INFO Accessing file: TWAO-201516155-W23-5090-BM-lib1.annotated_filtered.vcf
[2023-07-13 12:47:35,608] INFO Accessing file: TWAO-201516155-W23-5090-BM-lib1.annotated_filtered.vcf
[2023-07-13 12:47:35,609] INFO Accessing file: TWAO-103562837-W23-5141-BM2-lib1.annotated_filtered.vcf
[2023-07-13 12:47:35,610] INFO Accessing file: TWAO-103562837-W23-5141-BM2-lib1.annotated_filtered.vcf
[2023-07-13 12:47:35,611] INFO Accessing file: TWAO-105188778-W23-5079-BM-lib1.annotated_filtered.vcf
[2023-07-13 12:47:35,612] INFO Accessing file: TWAO-105188778-W23-5079-BM-lib1.annotated_filtered.vcf
[2023-07-13 12:47:35,612] INFO Accessing file: TWAO-105188778-W23-5079-BM-lib1.annotated_filtered.vcf
[2023-07-13 12:47:35,613] INFO Accessing file: TWAO-200249928-W23-5250-BM-lib1.annotated_filtered.vcf
[2023-07-13 12:47:35,614] INFO Accessing file: TWAO-200249928-W23-5250-BM-lib1.annotated_filtered.vcf
[2023-07-13 12:47:35,615] INFO Accessing file: TWAO-107196322-W23-5284-BM-lib1.annotated_filtered.vcf
[2023-07-13 12:47:35,616] INFO Accessing file: TWAO-107196322-W23-5284-BM-lib1.annotated_filtered.vcf
[2023-07-13 12:47:35,617] INFO Accessing file: TWAO-107196322-W23-5284-BM-lib1.annotated_filtered.vcf
[2023-07-13 12:47:35,618] INFO Accessing file: TWAO-107196322-W23-5284-BM-lib1.annotated_filtered.vcf
[2023-07-13 12:47:35,619] INFO Accessing file: TWAO-201938262-W23-5253-BM-lib1.annotated_filtered.vcf
[2023-07-13 12:47:35,620] INFO Accessing file: TWAO-201280541-W23-5184-BM-lib1.annotated_filtered.vcf
[2023-07-13 12:47:35,621] INFO Accessing file: TWAO-201280541-W23-5184-BM-lib1.annotated_filtered.vcf
[2023-07-13 12:47:35,622] INFO Accessing file: TWAO-201280541-W23-5184-BM-lib1.annotated_filtered.vcf
[2023-07-13 12:47:35,623] INFO Accessing file: TWAO-101484893-W23-5251-BM-lib1.annotated_filtered.vcf
[2023-07-13 12:47:35,623] INFO Accessing file: TWAO-101484893-W23-5251-BM-lib1.annotated_filtered.vcf
[2023-07-13 12:47:35,624] INFO Accessing file: TWAO-202035007-W23-5244-BM-lib1.annotated_filtered.vcf
[2023-07-13 12:47:35,625] INFO Accessing file: TWAO-202035007-W23-5244-BM-lib1.annotated_filtered.vcf
[2023-07-13 12:47:35,626] INFO Accessing file: TWAO-202035007-W23-5244-BM-lib1.annotated_filtered.vcf
[2023-07-13 12:47:35,627] INFO Accessing file: TWAO-202035007-W23-5244-BM-lib1.annotated_filtered.vcf
[2023-07-13 12:47:35,628] INFO Accessing file: TWAO-201805813-W23-5093-BM-lib1.annotated_filtered.vcf
[2023-07-13 12:47:35,628] INFO Accessing file: TWAO-105574860-W23-5249-BM-lib1.annotated_filtered.vcf
[2023-07-13 12:47:35,629] INFO Accessing file: TWAO-105574860-W23-5249-BM-lib1.annotated_filtered.vcf
[2023-07-13 12:47:35,630] INFO Accessing file: TWAO-105574860-W23-5249-BM-lib1.annotated_filtered.vcf
[2023-07-13 12:47:35,635] INFO ----------DIRECTORY STATISTICS----------
[2023-07-13 12:47:35,635] INFO Total files in directory: 76
[2023-07-13 12:47:35,635] INFO Files with a usable extension: 38
[2023-07-13 12:47:35,635] INFO VCF files used: 30
[2023-07-13 12:47:35,635] INFO VCF file accesses: 95
[2023-07-13 12:47:35,635] INFO ----------SET STATISTICS----------
[2023-07-13 12:47:35,635] INFO Total set annotations: 95
[2023-07-13 12:47:35,635] INFO DRAGEN sets: 64
[2023-07-13 12:47:35,635] INFO PINDEL sets: 2
[2023-07-13 12:47:35,635] INFO DRAGEN-PINDEL sets: 29
[2023-07-13 12:47:35,635] INFO Unknown sets: 0
[2023-07-13 12:47:35,635] INFO Empty sets: 0
[2023-07-13 12:47:35,635] INFO Files where set was not found: 0
[2023-07-13 12:47:35,635] INFO Files where off-by-one flag was triggered: 15
